New log file opened at Sat Oct 24 22:04:59 PDT 2015 by 74641@LM-BLR-00668778
jvm 74641@LM-BLR-00668778
jvm vmName=Java HotSpot(TM) 64-Bit Server VM vmVendor=Oracle Corporation vmVersion=25.60-b23
jvm specName=Java Virtual Machine Specification specVendor=Oracle Corporation specVersion=1.8
jvm arguments: [-Xms256m, -Xmx1024m, -XX:MetaspaceSize=64m, -XX:MaxMetaspaceSize=256m]
Starting event engine
Starting sbt command engine
Waiting for sbt command engine
Command engine arguments=List()
Command engine baseDirectory=/Users/kthethi/Documents/test/goCart
Command engine initial remaining commands List(--initialize, onFailure load-failed, boot, server-send-ready-for-request, server-handle-next-server-request)
> --initialize
> initialize
> onFailure load-failed
> boot
> reload
[Loading] Scanning directory /Users/kthethi/Documents/test/goCart/project
[Loading] Found non-root projects 
[Loading] Done in /Users/kthethi/Documents/test/goCart/project, returning: ()
deducing auto plugins based on known facts Set(Atom(sbt.plugins.CorePlugin)) and clauses Clauses(List(Clause(Atom(sbt.plugins.JvmPlugin),Set(Atom(sbt.plugins.IvyPlugin))), Clause(Atom(sbt.plugins.JUnitXmlReportPlugin),Set(Atom(sbt.plugins.JvmPlugin))), Clause(Atom(sbt.plugins.CorePlugin),Set(Atom(sbt.plugins.IvyPlugin))), Clause(Atom(sbt.plugins.IvyPlugin),Set(Atom(sbt.plugins.JvmPlugin))), Clause(Atom(sbt.plugins.JvmPlugin),Set(Atom(sbt.plugins.JUnitXmlReportPlugin)))))
  :: deduced result: Matched(sbt.plugins.CorePlugin,sbt.plugins.IvyPlugin,sbt.plugins.JvmPlugin,sbt.plugins.JUnitXmlReportPlugin)
sorting: ns: List(sbt.plugins.CorePlugin, sbt.plugins.IvyPlugin, sbt.plugins.JvmPlugin, sbt.plugins.JUnitXmlReportPlugin)
  :: sorting:: found: List(sbt.plugins.CorePlugin) not found List(sbt.plugins.IvyPlugin, sbt.plugins.JvmPlugin, sbt.plugins.JUnitXmlReportPlugin)
  :: sorting:: found: List(sbt.plugins.CorePlugin, sbt.plugins.IvyPlugin) not found List(sbt.plugins.JvmPlugin, sbt.plugins.JUnitXmlReportPlugin)
  :: sorting:: found: List(sbt.plugins.CorePlugin, sbt.plugins.IvyPlugin, sbt.plugins.JvmPlugin) not found List(sbt.plugins.JUnitXmlReportPlugin)
  :: sorting:: found: List(sbt.plugins.CorePlugin, sbt.plugins.IvyPlugin, sbt.plugins.JvmPlugin, sbt.plugins.JUnitXmlReportPlugin) not found List()
  :: sorted deduced result: List(sbt.plugins.CorePlugin, sbt.plugins.IvyPlugin, sbt.plugins.JvmPlugin, sbt.plugins.JUnitXmlReportPlugin)
[Loading] Done in /Users/kthethi/Documents/test/goCart/project, returning: (gocart-build)
Loading project definition from /Users/kthethi/Documents/test/goCart/project
Running task... Cancel: sbt.TaskCancellationStrategy$Null$@1f344c7f, check cycles: false

Initial source changes: 
	removed:Set()
	added: Set()
	modified: Set()
Removed products: Set()
External API changes: API Changes: Set()
Modified binary dependencies: Set()
Initial directly invalidated sources: Set()

Sources indirectly invalidated by:
	product: Set()
	binary dep: Set()
	external source: Set()
All initially invalidated sources: Set()

Copy resource mappings: 
	
[Loading] Scanning directory /Users/kthethi/Documents/test/goCart
[Loading] Found non-root projects 
[Loading] Done in /Users/kthethi/Documents/test/goCart, returning: ()
deducing auto plugins based on known facts Set(Atom(sbt.plugins.CorePlugin)) and clauses Clauses(List(Clause(Atom(sbt.plugins.JvmPlugin),Set(Atom(sbt.plugins.IvyPlugin))), Clause(Atom(sbt.plugins.JUnitXmlReportPlugin),Set(Atom(sbt.plugins.JvmPlugin))), Clause(Atom(sbt.plugins.BackgroundRunPlugin),Set(Atom(sbt.plugins.JvmPlugin))), Clause(Atom(sbt.plugins.CorePlugin),Set(Atom(sbt.plugins.IvyPlugin))), Clause(Atom(sbt.plugins.IvyPlugin),Set(Atom(sbt.plugins.JvmPlugin))), Clause(Atom(sbt.plugins.JvmPlugin),Set(Atom(sbt.plugins.JUnitXmlReportPlugin))), Clause(Atom(sbt.plugins.JvmPlugin),Set(Atom(sbt.plugins.BackgroundRunPlugin))), Clause(Atom(sbt.plugins.CorePlugin),Set(Atom(sbt.plugins.InteractionServicePlugin))), Clause(Atom(sbt.plugins.CorePlugin),Set(Atom(sbt.plugins.SendEventServicePlugin))), Clause(Atom(sbt.plugins.CorePlugin),Set(Atom(sbt.plugins.SerializersPlugin)))))
  :: deduced result: Matched(sbt.plugins.CorePlugin,sbt.plugins.SerializersPlugin,sbt.plugins.SendEventServicePlugin,sbt.plugins.InteractionServicePlugin,sbt.plugins.IvyPlugin,sbt.plugins.JvmPlugin,sbt.plugins.BackgroundRunPlugin,sbt.plugins.JUnitXmlReportPlugin)
sorting: ns: List(sbt.plugins.CorePlugin, sbt.plugins.SerializersPlugin, sbt.plugins.SendEventServicePlugin, sbt.plugins.InteractionServicePlugin, sbt.plugins.IvyPlugin, sbt.plugins.JvmPlugin, sbt.plugins.BackgroundRunPlugin, sbt.plugins.JUnitXmlReportPlugin)
  :: sorting:: found: List(sbt.plugins.CorePlugin) not found List(sbt.plugins.SerializersPlugin, sbt.plugins.SendEventServicePlugin, sbt.plugins.InteractionServicePlugin, sbt.plugins.IvyPlugin, sbt.plugins.JvmPlugin, sbt.plugins.BackgroundRunPlugin, sbt.plugins.JUnitXmlReportPlugin)
  :: sorting:: found: List(sbt.plugins.CorePlugin, sbt.plugins.SerializersPlugin, sbt.plugins.SendEventServicePlugin, sbt.plugins.InteractionServicePlugin, sbt.plugins.IvyPlugin) not found List(sbt.plugins.JvmPlugin, sbt.plugins.BackgroundRunPlugin, sbt.plugins.JUnitXmlReportPlugin)
  :: sorting:: found: List(sbt.plugins.CorePlugin, sbt.plugins.SerializersPlugin, sbt.plugins.SendEventServicePlugin, sbt.plugins.InteractionServicePlugin, sbt.plugins.IvyPlugin, sbt.plugins.JvmPlugin) not found List(sbt.plugins.BackgroundRunPlugin, sbt.plugins.JUnitXmlReportPlugin)
  :: sorting:: found: List(sbt.plugins.CorePlugin, sbt.plugins.SerializersPlugin, sbt.plugins.SendEventServicePlugin, sbt.plugins.InteractionServicePlugin, sbt.plugins.IvyPlugin, sbt.plugins.JvmPlugin, sbt.plugins.BackgroundRunPlugin, sbt.plugins.JUnitXmlReportPlugin) not found List()
  :: sorted deduced result: List(sbt.plugins.CorePlugin, sbt.plugins.SerializersPlugin, sbt.plugins.SendEventServicePlugin, sbt.plugins.InteractionServicePlugin, sbt.plugins.IvyPlugin, sbt.plugins.JvmPlugin, sbt.plugins.BackgroundRunPlugin, sbt.plugins.JUnitXmlReportPlugin)
[Loading] Done in /Users/kthethi/Documents/test/goCart, returning: (gocart)
Set current project to goCart (in build file:/Users/kthethi/Documents/test/goCart/)
Reapplying settings...
Set current project to goCart (in build file:/Users/kthethi/Documents/test/goCart/)
> iflast shell
> server-send-ready-for-request
> server-handle-next-server-request
> {file:/Users/kthethi/Documents/test/goCart/}gocart/compile:discoveredMainClasses
Evaluating tasks: compile:discoveredMainClasses
Running task... Cancel: sbt.server.ServerTaskCancellation@2466df05, check cycles: false

Initial source changes: 
	removed:Set()
	added: Set(/Users/kthethi/Documents/test/goCart/app/controllers/ProductController.java)
	modified: Set(/Users/kthethi/Documents/test/goCart/target/scala-2.10/src_managed/main/routes_reverseRouting.scala, /Users/kthethi/Documents/test/goCart/app/model/Product.java, /Users/kthethi/Documents/test/goCart/app/util/Utils.java, /Users/kthethi/Documents/test/goCart/app/controllers/BaseController.java, /Users/kthethi/Documents/test/goCart/target/scala-2.10/src_managed/main/routes_routing.scala, /Users/kthethi/Documents/test/goCart/app/controllers/TestController.java, /Users/kthethi/Documents/test/goCart/target/scala-2.10/src_managed/main/controllers/routes.java, /Users/kthethi/Documents/test/goCart/app/model/StoreAssociate.java, /Users/kthethi/Documents/test/goCart/app/controllers/StoreAssociateController.java)
Removed products: Set()
External API changes: API Changes: Set()
Modified binary dependencies: Set()
Initial directly invalidated sources: Set(/Users/kthethi/Documents/test/goCart/target/scala-2.10/src_managed/main/routes_reverseRouting.scala, /Users/kthethi/Documents/test/goCart/app/model/Product.java, /Users/kthethi/Documents/test/goCart/app/util/Utils.java, /Users/kthethi/Documents/test/goCart/app/controllers/BaseController.java, /Users/kthethi/Documents/test/goCart/target/scala-2.10/src_managed/main/routes_routing.scala, /Users/kthethi/Documents/test/goCart/app/controllers/TestController.java, /Users/kthethi/Documents/test/goCart/target/scala-2.10/src_managed/main/controllers/routes.java, /Users/kthethi/Documents/test/goCart/app/controllers/ProductController.java, /Users/kthethi/Documents/test/goCart/app/model/StoreAssociate.java, /Users/kthethi/Documents/test/goCart/app/controllers/StoreAssociateController.java)

Sources indirectly invalidated by:
	product: Set()
	binary dep: Set()
	external source: Set()
All initially invalidated sources: Set(/Users/kthethi/Documents/test/goCart/target/scala-2.10/src_managed/main/routes_reverseRouting.scala, /Users/kthethi/Documents/test/goCart/app/model/Product.java, /Users/kthethi/Documents/test/goCart/app/util/Utils.java, /Users/kthethi/Documents/test/goCart/app/controllers/BaseController.java, /Users/kthethi/Documents/test/goCart/target/scala-2.10/src_managed/main/routes_routing.scala, /Users/kthethi/Documents/test/goCart/app/controllers/TestController.java, /Users/kthethi/Documents/test/goCart/target/scala-2.10/src_managed/main/controllers/routes.java, /Users/kthethi/Documents/test/goCart/app/controllers/ProductController.java, /Users/kthethi/Documents/test/goCart/app/model/StoreAssociate.java, /Users/kthethi/Documents/test/goCart/app/controllers/StoreAssociateController.java)

Recompiling all 18 sources: invalidated sources (10) exceeded 50.0% of all sources
Read from stdout: Compiling 4 Scala sources and 14 Java sources to /Users/kthethi/Documents/test/goCart/target/scala-2.10/classes...
Compiling 4 Scala sources and 14 Java sources to /Users/kthethi/Documents/test/goCart/target/scala-2.10/classes...
Getting compiler-interface from component compiler for Scala 2.10.3
Other repositories:
Default repositories:
Getting compiler-interface from component compiler for Scala 2.10.3
Other repositories:
Default repositories:
Running cached compiler 781fbcfd, interfacing (CompilerInterface) with Scala compiler version 2.10.3
Calling Scala compiler with arguments  (CompilerInterface):
	-deprecation
	-unchecked
	-encoding
	utf8
	-bootclasspath
	/Library/Java/JavaVirtualMachines/jdk1.8.0_60.jdk/Contents/Home/jre/lib/resources.jar:/Library/Java/JavaVirtualMachines/jdk1.8.0_60.jdk/Contents/Home/jre/lib/rt.jar:/Library/Java/JavaVirtualMachines/jdk1.8.0_60.jdk/Contents/Home/jre/lib/sunrsasign.jar:/Library/Java/JavaVirtualMachines/jdk1.8.0_60.jdk/Contents/Home/jre/lib/jsse.jar:/Library/Java/JavaVirtualMachines/jdk1.8.0_60.jdk/Contents/Home/jre/lib/jce.jar:/Library/Java/JavaVirtualMachines/jdk1.8.0_60.jdk/Contents/Home/jre/lib/charsets.jar:/Library/Java/JavaVirtualMachines/jdk1.8.0_60.jdk/Contents/Home/jre/lib/jfr.jar:/Library/Java/JavaVirtualMachines/jdk1.8.0_60.jdk/Contents/Home/jre/classes:/Users/kthethi/Downloads/activator-dist-1.3.6/repository/org.scala-lang/scala-library/2.10.3/jars/scala-library.jar
	-classpath
	/Users/kthethi/Documents/test/goCart/target/scala-2.10/classes:/Users/kthethi/.ivy2/cache/com.typesafe.play/play-java-jdbc_2.10/jars/play-java-jdbc_2.10-2.2.6.jar:/Users/kthethi/.ivy2/cache/com.typesafe.play/play-jdbc_2.10/jars/play-jdbc_2.10-2.2.6.jar:/Users/kthethi/.ivy2/cache/com.typesafe.play/play_2.10/jars/play_2.10-2.2.6.jar:/Users/kthethi/.ivy2/cache/com.typesafe.play/sbt-link/jars/sbt-link-2.2.6.jar:/Users/kthethi/.ivy2/cache/org.javassist/javassist/bundles/javassist-3.18.0-GA.jar:/Users/kthethi/.ivy2/cache/com.typesafe.play/play-exceptions/jars/play-exceptions-2.2.6.jar:/Users/kthethi/.ivy2/cache/com.typesafe.play/templates_2.10/jars/templates_2.10-2.2.6.jar:/Users/kthethi/.ivy2/cache/com.github.scala-incubator.io/scala-io-file_2.10/jars/scala-io-file_2.10-0.4.2.jar:/Users/kthethi/.ivy2/cache/com.github.scala-incubator.io/scala-io-core_2.10/jars/scala-io-core_2.10-0.4.2.jar:/Users/kthethi/.ivy2/cache/com.jsuereth/scala-arm_2.10/jars/scala-arm_2.10-1.3.jar:/Users/kthethi/.ivy2/cache/com.typesafe.play/play-iteratees_2.10/jars/play-iteratees_2.10-2.2.6.jar:/Users/kthethi/.ivy2/cache/org.scala-stm/scala-stm_2.10/jars/scala-stm_2.10-0.7.jar:/Users/kthethi/.ivy2/cache/com.typesafe/config/bundles/config-1.0.2.jar:/Users/kthethi/.ivy2/cache/com.typesafe.play/play-json_2.10/jars/play-json_2.10-2.2.6.jar:/Users/kthethi/.ivy2/cache/com.typesafe.play/play-functional_2.10/jars/play-functional_2.10-2.2.6.jar:/Users/kthethi/.ivy2/cache/com.typesafe.play/play-datacommons_2.10/jars/play-datacommons_2.10-2.2.6.jar:/Users/kthethi/.ivy2/cache/joda-time/joda-time/jars/joda-time-2.2.jar:/Users/kthethi/.ivy2/cache/org.joda/joda-convert/jars/joda-convert-1.3.1.jar:/Users/kthethi/.ivy2/cache/com.fasterxml.jackson.core/jackson-annotations/jars/jackson-annotations-2.2.2.jar:/Users/kthethi/.ivy2/cache/com.fasterxml.jackson.core/jackson-core/jars/jackson-core-2.2.2.jar:/Users/kthethi/.ivy2/cache/com.fasterxml.jackson.core/jackson-databind/jars/jackson-databind-2.2.2.jar:/Users/kthethi/.ivy2/cache/org.scala-lang/scala-reflect/jars/scala-reflect-2.10.3.jar:/Users/kthethi/.ivy2/cache/io.netty/netty/bundles/netty-3.7.1.Final.jar:/Users/kthethi/.ivy2/cache/com.typesafe.netty/netty-http-pipelining/jars/netty-http-pipelining-1.1.2.jar:/Users/kthethi/Downloads/activator-dist-1.3.6/repository/org.slf4j/slf4j-api/1.7.5/jars/slf4j-api.jar:/Users/kthethi/.ivy2/cache/org.slf4j/jul-to-slf4j/jars/jul-to-slf4j-1.7.5.jar:/Users/kthethi/.ivy2/cache/org.slf4j/jcl-over-slf4j/jars/jcl-over-slf4j-1.7.5.jar:/Users/kthethi/.ivy2/cache/ch.qos.logback/logback-core/jars/logback-core-1.0.13.jar:/Users/kthethi/.ivy2/cache/ch.qos.logback/logback-classic/jars/logback-classic-1.0.13.jar:/Users/kthethi/.ivy2/cache/com.typesafe.akka/akka-actor_2.10/jars/akka-actor_2.10-2.2.0.jar:/Users/kthethi/.ivy2/cache/com.typesafe.akka/akka-slf4j_2.10/bundles/akka-slf4j_2.10-2.2.0.jar:/Users/kthethi/.ivy2/cache/org.apache.commons/commons-lang3/jars/commons-lang3-3.1.jar:/Users/kthethi/.ivy2/cache/com.ning/async-http-client/jars/async-http-client-1.7.18.jar:/Users/kthethi/.ivy2/cache/oauth.signpost/signpost-core/jars/signpost-core-1.2.1.2.jar:/Users/kthethi/.ivy2/cache/commons-codec/commons-codec/jars/commons-codec-1.3.jar:/Users/kthethi/.ivy2/cache/oauth.signpost/signpost-commonshttp4/jars/signpost-commonshttp4-1.2.1.2.jar:/Users/kthethi/Downloads/activator-dist-1.3.6/repository/org.apache.httpcomponents/httpcore/4.0.1/jars/httpcore.jar:/Users/kthethi/Downloads/activator-dist-1.3.6/repository/org.apache.httpcomponents/httpclient/4.0.1/jars/httpclient.jar:/Users/kthethi/.ivy2/cache/commons-logging/commons-logging/jars/commons-logging-1.1.1.jar:/Users/kthethi/.ivy2/cache/xerces/xercesImpl/jars/xercesImpl-2.11.0.jar:/Users/kthethi/.ivy2/cache/xml-apis/xml-apis/jars/xml-apis-1.4.01.jar:/Users/kthethi/.ivy2/cache/javax.transaction/jta/jars/jta-1.1.jar:/Users/kthethi/Downloads/activator-dist-1.3.6/repository/com.jolbox/bonecp/0.8.0.RELEASE/bundles/bonecp.jar:/Users/kthethi/.ivy2/cache/com.google.guava/guava/bundles/guava-14.0.1.jar:/Users/kthethi/.ivy2/cache/com.h2database/h2/jars/h2-1.3.172.jar:/Users/kthethi/Downloads/activator-dist-1.3.6/repository/tyrex/tyrex/1.0.1/jars/tyrex.jar:/Users/kthethi/.ivy2/cache/com.typesafe.play/play-java_2.10/jars/play-java_2.10-2.2.6.jar:/Users/kthethi/Downloads/activator-dist-1.3.6/repository/org.yaml/snakeyaml/1.12/bundles/snakeyaml.jar:/Users/kthethi/.ivy2/cache/org.hibernate/hibernate-validator/jars/hibernate-validator-5.0.1.Final.jar:/Users/kthethi/Downloads/activator-dist-1.3.6/repository/javax.validation/validation-api/1.1.0.Final/jars/validation-api.jar:/Users/kthethi/Downloads/activator-dist-1.3.6/repository/org.jboss.logging/jboss-logging/3.1.1.GA/jars/jboss-logging.jar:/Users/kthethi/.ivy2/cache/com.fasterxml/classmate/bundles/classmate-0.8.0.jar:/Users/kthethi/.ivy2/cache/org.springframework/spring-context/jars/spring-context-3.2.3.RELEASE.jar:/Users/kthethi/.ivy2/cache/org.springframework/spring-core/jars/spring-core-3.2.3.RELEASE.jar:/Users/kthethi/.ivy2/cache/org.springframework/spring-beans/jars/spring-beans-3.2.3.RELEASE.jar:/Users/kthethi/.ivy2/cache/org.reflections/reflections/jars/reflections-0.9.8.jar:/Users/kthethi/.ivy2/cache/dom4j/dom4j/jars/dom4j-1.6.1.jar:/Users/kthethi/.ivy2/cache/com.google.code.findbugs/jsr305/jars/jsr305-2.0.1.jar:/Users/kthethi/.ivy2/cache/javax.servlet/javax.servlet-api/jars/javax.servlet-api-3.0.1.jar:/Users/kthethi/.ivy2/cache/com.typesafe.play/play-java-ebean_2.10/jars/play-java-ebean_2.10-2.2.6.jar:/Users/kthethi/.ivy2/cache/org.avaje.ebeanorm/avaje-ebeanorm/jars/avaje-ebeanorm-3.2.2.jar:/Users/kthethi/.ivy2/cache/org.avaje.ebeanorm/avaje-ebeanorm-agent/jars/avaje-ebeanorm-agent-3.2.1.jar:/Users/kthethi/.ivy2/cache/org.hibernate.javax.persistence/hibernate-jpa-2.0-api/jars/hibernate-jpa-2.0-api-1.0.1.Final.jar:/Users/kthethi/.ivy2/cache/com.typesafe.play/play-cache_2.10/jars/play-cache_2.10-2.2.6.jar:/Users/kthethi/.ivy2/cache/net.sf.ehcache/ehcache-core/jars/ehcache-core-2.6.6.jar:/Users/kthethi/.ivy2/cache/org.mongodb.morphia/morphia/jars/morphia-1.0.0-rc0.jar:/Users/kthethi/.ivy2/cache/org.mongodb/mongo-java-driver/jars/mongo-java-driver-3.0.1.jar:/Users/kthethi/.ivy2/cache/com.thoughtworks.proxytoys/proxytoys/jars/proxytoys-1.0.jar
Scala compilation took 4.79562325 s
Attempting to call com.sun.tools.javac.api.JavacTool@6b87efd1 directly...
Read from stdout: /Users/kthethi/Documents/test/goCart/app/controllers/StoreAssociateController.java:56: constructor StoreAssociate in class model.StoreAssociate cannot be applied to given types;
Read from stdout: required: java.lang.String,org.mongodb.morphia.geo.Point,java.util.List<model.User>,int
Read from stdout: found: java.lang.String,int
Read from stdout: reason: actual and formal argument lists differ in length
/Users/kthethi/Documents/test/goCart/app/controllers/StoreAssociateController.java:56: constructor StoreAssociate in class model.StoreAssociate cannot be applied to given types;
  required: java.lang.String,org.mongodb.morphia.geo.Point,java.util.List<model.User>,int
  found: java.lang.String,int
  reason: actual and formal argument lists differ in length
Read from stdout: new StoreAssociate(associateName, associateRank)
new StoreAssociate(associateName, associateRank)
Read from stdout: (compile:compileIncremental) javac returned nonzero exit code
(compile:compileIncremental) javac returned nonzero exit code
Total time: 6 s, completed 24 Oct, 2015 10:05:08 PM
> server-post-command-error-handler
> server-post-command-cleanup
> server-handle-next-server-request
> {file:/Users/kthethi/Documents/test/goCart/}gocart/compile:mainClass
Evaluating tasks: compile:mainClass
Running task... Cancel: sbt.server.ServerTaskCancellation@73fcf137, check cycles: false
Total time: 0 s, completed 24 Oct, 2015 10:05:08 PM
> server-post-command-cleanup
> server-handle-next-server-request
> {file:/Users/kthethi/Documents/test/goCart/}gocart/compile:discoveredMainClasses
Evaluating tasks: compile:discoveredMainClasses
Running task... Cancel: sbt.server.ServerTaskCancellation@7927e784, check cycles: false

Initial source changes: 
	removed:Set()
	added: Set(/Users/kthethi/Documents/test/goCart/app/controllers/ProductController.java)
	modified: Set(/Users/kthethi/Documents/test/goCart/target/scala-2.10/src_managed/main/routes_reverseRouting.scala, /Users/kthethi/Documents/test/goCart/app/model/Product.java, /Users/kthethi/Documents/test/goCart/app/util/Utils.java, /Users/kthethi/Documents/test/goCart/app/controllers/BaseController.java, /Users/kthethi/Documents/test/goCart/target/scala-2.10/src_managed/main/routes_routing.scala, /Users/kthethi/Documents/test/goCart/app/controllers/TestController.java, /Users/kthethi/Documents/test/goCart/target/scala-2.10/src_managed/main/controllers/routes.java, /Users/kthethi/Documents/test/goCart/app/model/StoreAssociate.java, /Users/kthethi/Documents/test/goCart/app/controllers/StoreAssociateController.java)
Removed products: Set()
External API changes: API Changes: Set()
Modified binary dependencies: Set()
Initial directly invalidated sources: Set(/Users/kthethi/Documents/test/goCart/target/scala-2.10/src_managed/main/routes_reverseRouting.scala, /Users/kthethi/Documents/test/goCart/app/model/Product.java, /Users/kthethi/Documents/test/goCart/app/util/Utils.java, /Users/kthethi/Documents/test/goCart/app/controllers/BaseController.java, /Users/kthethi/Documents/test/goCart/target/scala-2.10/src_managed/main/routes_routing.scala, /Users/kthethi/Documents/test/goCart/app/controllers/TestController.java, /Users/kthethi/Documents/test/goCart/target/scala-2.10/src_managed/main/controllers/routes.java, /Users/kthethi/Documents/test/goCart/app/controllers/ProductController.java, /Users/kthethi/Documents/test/goCart/app/model/StoreAssociate.java, /Users/kthethi/Documents/test/goCart/app/controllers/StoreAssociateController.java)

Sources indirectly invalidated by:
	product: Set()
	binary dep: Set()
	external source: Set()
All initially invalidated sources: Set(/Users/kthethi/Documents/test/goCart/target/scala-2.10/src_managed/main/routes_reverseRouting.scala, /Users/kthethi/Documents/test/goCart/app/model/Product.java, /Users/kthethi/Documents/test/goCart/app/util/Utils.java, /Users/kthethi/Documents/test/goCart/app/controllers/BaseController.java, /Users/kthethi/Documents/test/goCart/target/scala-2.10/src_managed/main/routes_routing.scala, /Users/kthethi/Documents/test/goCart/app/controllers/TestController.java, /Users/kthethi/Documents/test/goCart/target/scala-2.10/src_managed/main/controllers/routes.java, /Users/kthethi/Documents/test/goCart/app/controllers/ProductController.java, /Users/kthethi/Documents/test/goCart/app/model/StoreAssociate.java, /Users/kthethi/Documents/test/goCart/app/controllers/StoreAssociateController.java)

Recompiling all 18 sources: invalidated sources (10) exceeded 50.0% of all sources
Read from stdout: Compiling 4 Scala sources and 14 Java sources to /Users/kthethi/Documents/test/goCart/target/scala-2.10/classes...
Compiling 4 Scala sources and 14 Java sources to /Users/kthethi/Documents/test/goCart/target/scala-2.10/classes...
Getting compiler-interface from component compiler for Scala 2.10.3
Other repositories:
Default repositories:
Getting compiler-interface from component compiler for Scala 2.10.3
Other repositories:
Default repositories:
Running cached compiler 3251b77a, interfacing (CompilerInterface) with Scala compiler version 2.10.3
Calling Scala compiler with arguments  (CompilerInterface):
	-deprecation
	-unchecked
	-encoding
	utf8
	-bootclasspath
	/Library/Java/JavaVirtualMachines/jdk1.8.0_60.jdk/Contents/Home/jre/lib/resources.jar:/Library/Java/JavaVirtualMachines/jdk1.8.0_60.jdk/Contents/Home/jre/lib/rt.jar:/Library/Java/JavaVirtualMachines/jdk1.8.0_60.jdk/Contents/Home/jre/lib/sunrsasign.jar:/Library/Java/JavaVirtualMachines/jdk1.8.0_60.jdk/Contents/Home/jre/lib/jsse.jar:/Library/Java/JavaVirtualMachines/jdk1.8.0_60.jdk/Contents/Home/jre/lib/jce.jar:/Library/Java/JavaVirtualMachines/jdk1.8.0_60.jdk/Contents/Home/jre/lib/charsets.jar:/Library/Java/JavaVirtualMachines/jdk1.8.0_60.jdk/Contents/Home/jre/lib/jfr.jar:/Library/Java/JavaVirtualMachines/jdk1.8.0_60.jdk/Contents/Home/jre/classes:/Users/kthethi/Downloads/activator-dist-1.3.6/repository/org.scala-lang/scala-library/2.10.3/jars/scala-library.jar
	-classpath
	/Users/kthethi/Documents/test/goCart/target/scala-2.10/classes:/Users/kthethi/.ivy2/cache/com.typesafe.play/play-java-jdbc_2.10/jars/play-java-jdbc_2.10-2.2.6.jar:/Users/kthethi/.ivy2/cache/com.typesafe.play/play-jdbc_2.10/jars/play-jdbc_2.10-2.2.6.jar:/Users/kthethi/.ivy2/cache/com.typesafe.play/play_2.10/jars/play_2.10-2.2.6.jar:/Users/kthethi/.ivy2/cache/com.typesafe.play/sbt-link/jars/sbt-link-2.2.6.jar:/Users/kthethi/.ivy2/cache/org.javassist/javassist/bundles/javassist-3.18.0-GA.jar:/Users/kthethi/.ivy2/cache/com.typesafe.play/play-exceptions/jars/play-exceptions-2.2.6.jar:/Users/kthethi/.ivy2/cache/com.typesafe.play/templates_2.10/jars/templates_2.10-2.2.6.jar:/Users/kthethi/.ivy2/cache/com.github.scala-incubator.io/scala-io-file_2.10/jars/scala-io-file_2.10-0.4.2.jar:/Users/kthethi/.ivy2/cache/com.github.scala-incubator.io/scala-io-core_2.10/jars/scala-io-core_2.10-0.4.2.jar:/Users/kthethi/.ivy2/cache/com.jsuereth/scala-arm_2.10/jars/scala-arm_2.10-1.3.jar:/Users/kthethi/.ivy2/cache/com.typesafe.play/play-iteratees_2.10/jars/play-iteratees_2.10-2.2.6.jar:/Users/kthethi/.ivy2/cache/org.scala-stm/scala-stm_2.10/jars/scala-stm_2.10-0.7.jar:/Users/kthethi/.ivy2/cache/com.typesafe/config/bundles/config-1.0.2.jar:/Users/kthethi/.ivy2/cache/com.typesafe.play/play-json_2.10/jars/play-json_2.10-2.2.6.jar:/Users/kthethi/.ivy2/cache/com.typesafe.play/play-functional_2.10/jars/play-functional_2.10-2.2.6.jar:/Users/kthethi/.ivy2/cache/com.typesafe.play/play-datacommons_2.10/jars/play-datacommons_2.10-2.2.6.jar:/Users/kthethi/.ivy2/cache/joda-time/joda-time/jars/joda-time-2.2.jar:/Users/kthethi/.ivy2/cache/org.joda/joda-convert/jars/joda-convert-1.3.1.jar:/Users/kthethi/.ivy2/cache/com.fasterxml.jackson.core/jackson-annotations/jars/jackson-annotations-2.2.2.jar:/Users/kthethi/.ivy2/cache/com.fasterxml.jackson.core/jackson-core/jars/jackson-core-2.2.2.jar:/Users/kthethi/.ivy2/cache/com.fasterxml.jackson.core/jackson-databind/jars/jackson-databind-2.2.2.jar:/Users/kthethi/.ivy2/cache/org.scala-lang/scala-reflect/jars/scala-reflect-2.10.3.jar:/Users/kthethi/.ivy2/cache/io.netty/netty/bundles/netty-3.7.1.Final.jar:/Users/kthethi/.ivy2/cache/com.typesafe.netty/netty-http-pipelining/jars/netty-http-pipelining-1.1.2.jar:/Users/kthethi/Downloads/activator-dist-1.3.6/repository/org.slf4j/slf4j-api/1.7.5/jars/slf4j-api.jar:/Users/kthethi/.ivy2/cache/org.slf4j/jul-to-slf4j/jars/jul-to-slf4j-1.7.5.jar:/Users/kthethi/.ivy2/cache/org.slf4j/jcl-over-slf4j/jars/jcl-over-slf4j-1.7.5.jar:/Users/kthethi/.ivy2/cache/ch.qos.logback/logback-core/jars/logback-core-1.0.13.jar:/Users/kthethi/.ivy2/cache/ch.qos.logback/logback-classic/jars/logback-classic-1.0.13.jar:/Users/kthethi/.ivy2/cache/com.typesafe.akka/akka-actor_2.10/jars/akka-actor_2.10-2.2.0.jar:/Users/kthethi/.ivy2/cache/com.typesafe.akka/akka-slf4j_2.10/bundles/akka-slf4j_2.10-2.2.0.jar:/Users/kthethi/.ivy2/cache/org.apache.commons/commons-lang3/jars/commons-lang3-3.1.jar:/Users/kthethi/.ivy2/cache/com.ning/async-http-client/jars/async-http-client-1.7.18.jar:/Users/kthethi/.ivy2/cache/oauth.signpost/signpost-core/jars/signpost-core-1.2.1.2.jar:/Users/kthethi/.ivy2/cache/commons-codec/commons-codec/jars/commons-codec-1.3.jar:/Users/kthethi/.ivy2/cache/oauth.signpost/signpost-commonshttp4/jars/signpost-commonshttp4-1.2.1.2.jar:/Users/kthethi/Downloads/activator-dist-1.3.6/repository/org.apache.httpcomponents/httpcore/4.0.1/jars/httpcore.jar:/Users/kthethi/Downloads/activator-dist-1.3.6/repository/org.apache.httpcomponents/httpclient/4.0.1/jars/httpclient.jar:/Users/kthethi/.ivy2/cache/commons-logging/commons-logging/jars/commons-logging-1.1.1.jar:/Users/kthethi/.ivy2/cache/xerces/xercesImpl/jars/xercesImpl-2.11.0.jar:/Users/kthethi/.ivy2/cache/xml-apis/xml-apis/jars/xml-apis-1.4.01.jar:/Users/kthethi/.ivy2/cache/javax.transaction/jta/jars/jta-1.1.jar:/Users/kthethi/Downloads/activator-dist-1.3.6/repository/com.jolbox/bonecp/0.8.0.RELEASE/bundles/bonecp.jar:/Users/kthethi/.ivy2/cache/com.google.guava/guava/bundles/guava-14.0.1.jar:/Users/kthethi/.ivy2/cache/com.h2database/h2/jars/h2-1.3.172.jar:/Users/kthethi/Downloads/activator-dist-1.3.6/repository/tyrex/tyrex/1.0.1/jars/tyrex.jar:/Users/kthethi/.ivy2/cache/com.typesafe.play/play-java_2.10/jars/play-java_2.10-2.2.6.jar:/Users/kthethi/Downloads/activator-dist-1.3.6/repository/org.yaml/snakeyaml/1.12/bundles/snakeyaml.jar:/Users/kthethi/.ivy2/cache/org.hibernate/hibernate-validator/jars/hibernate-validator-5.0.1.Final.jar:/Users/kthethi/Downloads/activator-dist-1.3.6/repository/javax.validation/validation-api/1.1.0.Final/jars/validation-api.jar:/Users/kthethi/Downloads/activator-dist-1.3.6/repository/org.jboss.logging/jboss-logging/3.1.1.GA/jars/jboss-logging.jar:/Users/kthethi/.ivy2/cache/com.fasterxml/classmate/bundles/classmate-0.8.0.jar:/Users/kthethi/.ivy2/cache/org.springframework/spring-context/jars/spring-context-3.2.3.RELEASE.jar:/Users/kthethi/.ivy2/cache/org.springframework/spring-core/jars/spring-core-3.2.3.RELEASE.jar:/Users/kthethi/.ivy2/cache/org.springframework/spring-beans/jars/spring-beans-3.2.3.RELEASE.jar:/Users/kthethi/.ivy2/cache/org.reflections/reflections/jars/reflections-0.9.8.jar:/Users/kthethi/.ivy2/cache/dom4j/dom4j/jars/dom4j-1.6.1.jar:/Users/kthethi/.ivy2/cache/com.google.code.findbugs/jsr305/jars/jsr305-2.0.1.jar:/Users/kthethi/.ivy2/cache/javax.servlet/javax.servlet-api/jars/javax.servlet-api-3.0.1.jar:/Users/kthethi/.ivy2/cache/com.typesafe.play/play-java-ebean_2.10/jars/play-java-ebean_2.10-2.2.6.jar:/Users/kthethi/.ivy2/cache/org.avaje.ebeanorm/avaje-ebeanorm/jars/avaje-ebeanorm-3.2.2.jar:/Users/kthethi/.ivy2/cache/org.avaje.ebeanorm/avaje-ebeanorm-agent/jars/avaje-ebeanorm-agent-3.2.1.jar:/Users/kthethi/.ivy2/cache/org.hibernate.javax.persistence/hibernate-jpa-2.0-api/jars/hibernate-jpa-2.0-api-1.0.1.Final.jar:/Users/kthethi/.ivy2/cache/com.typesafe.play/play-cache_2.10/jars/play-cache_2.10-2.2.6.jar:/Users/kthethi/.ivy2/cache/net.sf.ehcache/ehcache-core/jars/ehcache-core-2.6.6.jar:/Users/kthethi/.ivy2/cache/org.mongodb.morphia/morphia/jars/morphia-1.0.0-rc0.jar:/Users/kthethi/.ivy2/cache/org.mongodb/mongo-java-driver/jars/mongo-java-driver-3.0.1.jar:/Users/kthethi/.ivy2/cache/com.thoughtworks.proxytoys/proxytoys/jars/proxytoys-1.0.jar
Scala compilation took 1.943003877 s
Attempting to call com.sun.tools.javac.api.JavacTool@27f25104 directly...
Read from stdout: /Users/kthethi/Documents/test/goCart/app/controllers/StoreAssociateController.java:56: constructor StoreAssociate in class model.StoreAssociate cannot be applied to given types;
Read from stdout: required: java.lang.String,org.mongodb.morphia.geo.Point,java.util.List<model.User>,int
Read from stdout: found: java.lang.String,int
Read from stdout: reason: actual and formal argument lists differ in length
/Users/kthethi/Documents/test/goCart/app/controllers/StoreAssociateController.java:56: constructor StoreAssociate in class model.StoreAssociate cannot be applied to given types;
  required: java.lang.String,org.mongodb.morphia.geo.Point,java.util.List<model.User>,int
  found: java.lang.String,int
  reason: actual and formal argument lists differ in length
Read from stdout: new StoreAssociate(associateName, associateRank)
new StoreAssociate(associateName, associateRank)
Read from stdout: (compile:compileIncremental) javac returned nonzero exit code
(compile:compileIncremental) javac returned nonzero exit code
Total time: 2 s, completed 24 Oct, 2015 10:05:11 PM
> server-post-command-error-handler
> server-post-command-cleanup
> server-handle-next-server-request
> {file:/Users/kthethi/Documents/test/goCart/}gocart/compile:mainClass
Evaluating tasks: compile:mainClass
Running task... Cancel: sbt.server.ServerTaskCancellation@6fec5a38, check cycles: false
Total time: 0 s, completed 24 Oct, 2015 10:05:11 PM
> server-post-command-cleanup
> server-handle-next-server-request
> compile
Evaluating tasks: compile:compile
Running task... Cancel: sbt.server.ServerTaskCancellation@1a187603, check cycles: false

Initial source changes: 
	removed:Set()
	added: Set(/Users/kthethi/Documents/test/goCart/app/controllers/ProductController.java)
	modified: Set(/Users/kthethi/Documents/test/goCart/target/scala-2.10/src_managed/main/routes_reverseRouting.scala, /Users/kthethi/Documents/test/goCart/app/model/Product.java, /Users/kthethi/Documents/test/goCart/app/util/Utils.java, /Users/kthethi/Documents/test/goCart/app/controllers/BaseController.java, /Users/kthethi/Documents/test/goCart/target/scala-2.10/src_managed/main/routes_routing.scala, /Users/kthethi/Documents/test/goCart/app/controllers/TestController.java, /Users/kthethi/Documents/test/goCart/target/scala-2.10/src_managed/main/controllers/routes.java, /Users/kthethi/Documents/test/goCart/app/model/StoreAssociate.java, /Users/kthethi/Documents/test/goCart/app/controllers/StoreAssociateController.java)
Removed products: Set()
External API changes: API Changes: Set()
Modified binary dependencies: Set()
Initial directly invalidated sources: Set(/Users/kthethi/Documents/test/goCart/target/scala-2.10/src_managed/main/routes_reverseRouting.scala, /Users/kthethi/Documents/test/goCart/app/model/Product.java, /Users/kthethi/Documents/test/goCart/app/util/Utils.java, /Users/kthethi/Documents/test/goCart/app/controllers/BaseController.java, /Users/kthethi/Documents/test/goCart/target/scala-2.10/src_managed/main/routes_routing.scala, /Users/kthethi/Documents/test/goCart/app/controllers/TestController.java, /Users/kthethi/Documents/test/goCart/target/scala-2.10/src_managed/main/controllers/routes.java, /Users/kthethi/Documents/test/goCart/app/controllers/ProductController.java, /Users/kthethi/Documents/test/goCart/app/model/StoreAssociate.java, /Users/kthethi/Documents/test/goCart/app/controllers/StoreAssociateController.java)

Sources indirectly invalidated by:
	product: Set()
	binary dep: Set()
	external source: Set()
All initially invalidated sources: Set(/Users/kthethi/Documents/test/goCart/target/scala-2.10/src_managed/main/routes_reverseRouting.scala, /Users/kthethi/Documents/test/goCart/app/model/Product.java, /Users/kthethi/Documents/test/goCart/app/util/Utils.java, /Users/kthethi/Documents/test/goCart/app/controllers/BaseController.java, /Users/kthethi/Documents/test/goCart/target/scala-2.10/src_managed/main/routes_routing.scala, /Users/kthethi/Documents/test/goCart/app/controllers/TestController.java, /Users/kthethi/Documents/test/goCart/target/scala-2.10/src_managed/main/controllers/routes.java, /Users/kthethi/Documents/test/goCart/app/controllers/ProductController.java, /Users/kthethi/Documents/test/goCart/app/model/StoreAssociate.java, /Users/kthethi/Documents/test/goCart/app/controllers/StoreAssociateController.java)

Recompiling all 18 sources: invalidated sources (10) exceeded 50.0% of all sources
Read from stdout: Compiling 4 Scala sources and 14 Java sources to /Users/kthethi/Documents/test/goCart/target/scala-2.10/classes...
Compiling 4 Scala sources and 14 Java sources to /Users/kthethi/Documents/test/goCart/target/scala-2.10/classes...
Getting compiler-interface from component compiler for Scala 2.10.3
Other repositories:
Default repositories:
Getting compiler-interface from component compiler for Scala 2.10.3
Other repositories:
Default repositories:
Running cached compiler 5a8b6598, interfacing (CompilerInterface) with Scala compiler version 2.10.3
Calling Scala compiler with arguments  (CompilerInterface):
	-deprecation
	-unchecked
	-encoding
	utf8
	-bootclasspath
	/Library/Java/JavaVirtualMachines/jdk1.8.0_60.jdk/Contents/Home/jre/lib/resources.jar:/Library/Java/JavaVirtualMachines/jdk1.8.0_60.jdk/Contents/Home/jre/lib/rt.jar:/Library/Java/JavaVirtualMachines/jdk1.8.0_60.jdk/Contents/Home/jre/lib/sunrsasign.jar:/Library/Java/JavaVirtualMachines/jdk1.8.0_60.jdk/Contents/Home/jre/lib/jsse.jar:/Library/Java/JavaVirtualMachines/jdk1.8.0_60.jdk/Contents/Home/jre/lib/jce.jar:/Library/Java/JavaVirtualMachines/jdk1.8.0_60.jdk/Contents/Home/jre/lib/charsets.jar:/Library/Java/JavaVirtualMachines/jdk1.8.0_60.jdk/Contents/Home/jre/lib/jfr.jar:/Library/Java/JavaVirtualMachines/jdk1.8.0_60.jdk/Contents/Home/jre/classes:/Users/kthethi/Downloads/activator-dist-1.3.6/repository/org.scala-lang/scala-library/2.10.3/jars/scala-library.jar
	-classpath
	/Users/kthethi/Documents/test/goCart/target/scala-2.10/classes:/Users/kthethi/.ivy2/cache/com.typesafe.play/play-java-jdbc_2.10/jars/play-java-jdbc_2.10-2.2.6.jar:/Users/kthethi/.ivy2/cache/com.typesafe.play/play-jdbc_2.10/jars/play-jdbc_2.10-2.2.6.jar:/Users/kthethi/.ivy2/cache/com.typesafe.play/play_2.10/jars/play_2.10-2.2.6.jar:/Users/kthethi/.ivy2/cache/com.typesafe.play/sbt-link/jars/sbt-link-2.2.6.jar:/Users/kthethi/.ivy2/cache/org.javassist/javassist/bundles/javassist-3.18.0-GA.jar:/Users/kthethi/.ivy2/cache/com.typesafe.play/play-exceptions/jars/play-exceptions-2.2.6.jar:/Users/kthethi/.ivy2/cache/com.typesafe.play/templates_2.10/jars/templates_2.10-2.2.6.jar:/Users/kthethi/.ivy2/cache/com.github.scala-incubator.io/scala-io-file_2.10/jars/scala-io-file_2.10-0.4.2.jar:/Users/kthethi/.ivy2/cache/com.github.scala-incubator.io/scala-io-core_2.10/jars/scala-io-core_2.10-0.4.2.jar:/Users/kthethi/.ivy2/cache/com.jsuereth/scala-arm_2.10/jars/scala-arm_2.10-1.3.jar:/Users/kthethi/.ivy2/cache/com.typesafe.play/play-iteratees_2.10/jars/play-iteratees_2.10-2.2.6.jar:/Users/kthethi/.ivy2/cache/org.scala-stm/scala-stm_2.10/jars/scala-stm_2.10-0.7.jar:/Users/kthethi/.ivy2/cache/com.typesafe/config/bundles/config-1.0.2.jar:/Users/kthethi/.ivy2/cache/com.typesafe.play/play-json_2.10/jars/play-json_2.10-2.2.6.jar:/Users/kthethi/.ivy2/cache/com.typesafe.play/play-functional_2.10/jars/play-functional_2.10-2.2.6.jar:/Users/kthethi/.ivy2/cache/com.typesafe.play/play-datacommons_2.10/jars/play-datacommons_2.10-2.2.6.jar:/Users/kthethi/.ivy2/cache/joda-time/joda-time/jars/joda-time-2.2.jar:/Users/kthethi/.ivy2/cache/org.joda/joda-convert/jars/joda-convert-1.3.1.jar:/Users/kthethi/.ivy2/cache/com.fasterxml.jackson.core/jackson-annotations/jars/jackson-annotations-2.2.2.jar:/Users/kthethi/.ivy2/cache/com.fasterxml.jackson.core/jackson-core/jars/jackson-core-2.2.2.jar:/Users/kthethi/.ivy2/cache/com.fasterxml.jackson.core/jackson-databind/jars/jackson-databind-2.2.2.jar:/Users/kthethi/.ivy2/cache/org.scala-lang/scala-reflect/jars/scala-reflect-2.10.3.jar:/Users/kthethi/.ivy2/cache/io.netty/netty/bundles/netty-3.7.1.Final.jar:/Users/kthethi/.ivy2/cache/com.typesafe.netty/netty-http-pipelining/jars/netty-http-pipelining-1.1.2.jar:/Users/kthethi/Downloads/activator-dist-1.3.6/repository/org.slf4j/slf4j-api/1.7.5/jars/slf4j-api.jar:/Users/kthethi/.ivy2/cache/org.slf4j/jul-to-slf4j/jars/jul-to-slf4j-1.7.5.jar:/Users/kthethi/.ivy2/cache/org.slf4j/jcl-over-slf4j/jars/jcl-over-slf4j-1.7.5.jar:/Users/kthethi/.ivy2/cache/ch.qos.logback/logback-core/jars/logback-core-1.0.13.jar:/Users/kthethi/.ivy2/cache/ch.qos.logback/logback-classic/jars/logback-classic-1.0.13.jar:/Users/kthethi/.ivy2/cache/com.typesafe.akka/akka-actor_2.10/jars/akka-actor_2.10-2.2.0.jar:/Users/kthethi/.ivy2/cache/com.typesafe.akka/akka-slf4j_2.10/bundles/akka-slf4j_2.10-2.2.0.jar:/Users/kthethi/.ivy2/cache/org.apache.commons/commons-lang3/jars/commons-lang3-3.1.jar:/Users/kthethi/.ivy2/cache/com.ning/async-http-client/jars/async-http-client-1.7.18.jar:/Users/kthethi/.ivy2/cache/oauth.signpost/signpost-core/jars/signpost-core-1.2.1.2.jar:/Users/kthethi/.ivy2/cache/commons-codec/commons-codec/jars/commons-codec-1.3.jar:/Users/kthethi/.ivy2/cache/oauth.signpost/signpost-commonshttp4/jars/signpost-commonshttp4-1.2.1.2.jar:/Users/kthethi/Downloads/activator-dist-1.3.6/repository/org.apache.httpcomponents/httpcore/4.0.1/jars/httpcore.jar:/Users/kthethi/Downloads/activator-dist-1.3.6/repository/org.apache.httpcomponents/httpclient/4.0.1/jars/httpclient.jar:/Users/kthethi/.ivy2/cache/commons-logging/commons-logging/jars/commons-logging-1.1.1.jar:/Users/kthethi/.ivy2/cache/xerces/xercesImpl/jars/xercesImpl-2.11.0.jar:/Users/kthethi/.ivy2/cache/xml-apis/xml-apis/jars/xml-apis-1.4.01.jar:/Users/kthethi/.ivy2/cache/javax.transaction/jta/jars/jta-1.1.jar:/Users/kthethi/Downloads/activator-dist-1.3.6/repository/com.jolbox/bonecp/0.8.0.RELEASE/bundles/bonecp.jar:/Users/kthethi/.ivy2/cache/com.google.guava/guava/bundles/guava-14.0.1.jar:/Users/kthethi/.ivy2/cache/com.h2database/h2/jars/h2-1.3.172.jar:/Users/kthethi/Downloads/activator-dist-1.3.6/repository/tyrex/tyrex/1.0.1/jars/tyrex.jar:/Users/kthethi/.ivy2/cache/com.typesafe.play/play-java_2.10/jars/play-java_2.10-2.2.6.jar:/Users/kthethi/Downloads/activator-dist-1.3.6/repository/org.yaml/snakeyaml/1.12/bundles/snakeyaml.jar:/Users/kthethi/.ivy2/cache/org.hibernate/hibernate-validator/jars/hibernate-validator-5.0.1.Final.jar:/Users/kthethi/Downloads/activator-dist-1.3.6/repository/javax.validation/validation-api/1.1.0.Final/jars/validation-api.jar:/Users/kthethi/Downloads/activator-dist-1.3.6/repository/org.jboss.logging/jboss-logging/3.1.1.GA/jars/jboss-logging.jar:/Users/kthethi/.ivy2/cache/com.fasterxml/classmate/bundles/classmate-0.8.0.jar:/Users/kthethi/.ivy2/cache/org.springframework/spring-context/jars/spring-context-3.2.3.RELEASE.jar:/Users/kthethi/.ivy2/cache/org.springframework/spring-core/jars/spring-core-3.2.3.RELEASE.jar:/Users/kthethi/.ivy2/cache/org.springframework/spring-beans/jars/spring-beans-3.2.3.RELEASE.jar:/Users/kthethi/.ivy2/cache/org.reflections/reflections/jars/reflections-0.9.8.jar:/Users/kthethi/.ivy2/cache/dom4j/dom4j/jars/dom4j-1.6.1.jar:/Users/kthethi/.ivy2/cache/com.google.code.findbugs/jsr305/jars/jsr305-2.0.1.jar:/Users/kthethi/.ivy2/cache/javax.servlet/javax.servlet-api/jars/javax.servlet-api-3.0.1.jar:/Users/kthethi/.ivy2/cache/com.typesafe.play/play-java-ebean_2.10/jars/play-java-ebean_2.10-2.2.6.jar:/Users/kthethi/.ivy2/cache/org.avaje.ebeanorm/avaje-ebeanorm/jars/avaje-ebeanorm-3.2.2.jar:/Users/kthethi/.ivy2/cache/org.avaje.ebeanorm/avaje-ebeanorm-agent/jars/avaje-ebeanorm-agent-3.2.1.jar:/Users/kthethi/.ivy2/cache/org.hibernate.javax.persistence/hibernate-jpa-2.0-api/jars/hibernate-jpa-2.0-api-1.0.1.Final.jar:/Users/kthethi/.ivy2/cache/com.typesafe.play/play-cache_2.10/jars/play-cache_2.10-2.2.6.jar:/Users/kthethi/.ivy2/cache/net.sf.ehcache/ehcache-core/jars/ehcache-core-2.6.6.jar:/Users/kthethi/.ivy2/cache/org.mongodb.morphia/morphia/jars/morphia-1.0.0-rc0.jar:/Users/kthethi/.ivy2/cache/org.mongodb/mongo-java-driver/jars/mongo-java-driver-3.0.1.jar:/Users/kthethi/.ivy2/cache/com.thoughtworks.proxytoys/proxytoys/jars/proxytoys-1.0.jar
Scala compilation took 1.709789826 s
Attempting to call com.sun.tools.javac.api.JavacTool@559b2a10 directly...
Read from stdout: /Users/kthethi/Documents/test/goCart/app/controllers/StoreAssociateController.java:56: constructor StoreAssociate in class model.StoreAssociate cannot be applied to given types;
Read from stdout: required: java.lang.String,org.mongodb.morphia.geo.Point,java.util.List<model.User>,int
Read from stdout: found: java.lang.String,int
Read from stdout: reason: actual and formal argument lists differ in length
/Users/kthethi/Documents/test/goCart/app/controllers/StoreAssociateController.java:56: constructor StoreAssociate in class model.StoreAssociate cannot be applied to given types;
  required: java.lang.String,org.mongodb.morphia.geo.Point,java.util.List<model.User>,int
  found: java.lang.String,int
  reason: actual and formal argument lists differ in length
Read from stdout: new StoreAssociate(associateName, associateRank)
new StoreAssociate(associateName, associateRank)
Read from stdout: (compile:compileIncremental) javac returned nonzero exit code
(compile:compileIncremental) javac returned nonzero exit code
Total time: 2 s, completed 24 Oct, 2015 10:09:41 PM
> server-post-command-error-handler
> server-post-command-cleanup
> server-handle-next-server-request
> compile
Evaluating tasks: compile:compile
Running task... Cancel: sbt.server.ServerTaskCancellation@b7e16f1, check cycles: false

Initial source changes: 
	removed:Set()
	added: Set(/Users/kthethi/Documents/test/goCart/app/controllers/ProductController.java)
	modified: Set(/Users/kthethi/Documents/test/goCart/target/scala-2.10/src_managed/main/routes_reverseRouting.scala, /Users/kthethi/Documents/test/goCart/app/model/Product.java, /Users/kthethi/Documents/test/goCart/app/util/Utils.java, /Users/kthethi/Documents/test/goCart/app/controllers/BaseController.java, /Users/kthethi/Documents/test/goCart/target/scala-2.10/src_managed/main/routes_routing.scala, /Users/kthethi/Documents/test/goCart/app/controllers/TestController.java, /Users/kthethi/Documents/test/goCart/target/scala-2.10/src_managed/main/controllers/routes.java, /Users/kthethi/Documents/test/goCart/app/model/StoreAssociate.java, /Users/kthethi/Documents/test/goCart/app/controllers/StoreAssociateController.java)
Removed products: Set()
External API changes: API Changes: Set()
Modified binary dependencies: Set()
Initial directly invalidated sources: Set(/Users/kthethi/Documents/test/goCart/target/scala-2.10/src_managed/main/routes_reverseRouting.scala, /Users/kthethi/Documents/test/goCart/app/model/Product.java, /Users/kthethi/Documents/test/goCart/app/util/Utils.java, /Users/kthethi/Documents/test/goCart/app/controllers/BaseController.java, /Users/kthethi/Documents/test/goCart/target/scala-2.10/src_managed/main/routes_routing.scala, /Users/kthethi/Documents/test/goCart/app/controllers/TestController.java, /Users/kthethi/Documents/test/goCart/target/scala-2.10/src_managed/main/controllers/routes.java, /Users/kthethi/Documents/test/goCart/app/controllers/ProductController.java, /Users/kthethi/Documents/test/goCart/app/model/StoreAssociate.java, /Users/kthethi/Documents/test/goCart/app/controllers/StoreAssociateController.java)

Sources indirectly invalidated by:
	product: Set()
	binary dep: Set()
	external source: Set()
All initially invalidated sources: Set(/Users/kthethi/Documents/test/goCart/target/scala-2.10/src_managed/main/routes_reverseRouting.scala, /Users/kthethi/Documents/test/goCart/app/model/Product.java, /Users/kthethi/Documents/test/goCart/app/util/Utils.java, /Users/kthethi/Documents/test/goCart/app/controllers/BaseController.java, /Users/kthethi/Documents/test/goCart/target/scala-2.10/src_managed/main/routes_routing.scala, /Users/kthethi/Documents/test/goCart/app/controllers/TestController.java, /Users/kthethi/Documents/test/goCart/target/scala-2.10/src_managed/main/controllers/routes.java, /Users/kthethi/Documents/test/goCart/app/controllers/ProductController.java, /Users/kthethi/Documents/test/goCart/app/model/StoreAssociate.java, /Users/kthethi/Documents/test/goCart/app/controllers/StoreAssociateController.java)

Recompiling all 18 sources: invalidated sources (10) exceeded 50.0% of all sources
Read from stdout: Compiling 4 Scala sources and 14 Java sources to /Users/kthethi/Documents/test/goCart/target/scala-2.10/classes...
Compiling 4 Scala sources and 14 Java sources to /Users/kthethi/Documents/test/goCart/target/scala-2.10/classes...
Getting compiler-interface from component compiler for Scala 2.10.3
Other repositories:
Default repositories:
Getting compiler-interface from component compiler for Scala 2.10.3
Other repositories:
Default repositories:
Running cached compiler 3238356b, interfacing (CompilerInterface) with Scala compiler version 2.10.3
Calling Scala compiler with arguments  (CompilerInterface):
	-deprecation
	-unchecked
	-encoding
	utf8
	-bootclasspath
	/Library/Java/JavaVirtualMachines/jdk1.8.0_60.jdk/Contents/Home/jre/lib/resources.jar:/Library/Java/JavaVirtualMachines/jdk1.8.0_60.jdk/Contents/Home/jre/lib/rt.jar:/Library/Java/JavaVirtualMachines/jdk1.8.0_60.jdk/Contents/Home/jre/lib/sunrsasign.jar:/Library/Java/JavaVirtualMachines/jdk1.8.0_60.jdk/Contents/Home/jre/lib/jsse.jar:/Library/Java/JavaVirtualMachines/jdk1.8.0_60.jdk/Contents/Home/jre/lib/jce.jar:/Library/Java/JavaVirtualMachines/jdk1.8.0_60.jdk/Contents/Home/jre/lib/charsets.jar:/Library/Java/JavaVirtualMachines/jdk1.8.0_60.jdk/Contents/Home/jre/lib/jfr.jar:/Library/Java/JavaVirtualMachines/jdk1.8.0_60.jdk/Contents/Home/jre/classes:/Users/kthethi/Downloads/activator-dist-1.3.6/repository/org.scala-lang/scala-library/2.10.3/jars/scala-library.jar
	-classpath
	/Users/kthethi/Documents/test/goCart/target/scala-2.10/classes:/Users/kthethi/.ivy2/cache/com.typesafe.play/play-java-jdbc_2.10/jars/play-java-jdbc_2.10-2.2.6.jar:/Users/kthethi/.ivy2/cache/com.typesafe.play/play-jdbc_2.10/jars/play-jdbc_2.10-2.2.6.jar:/Users/kthethi/.ivy2/cache/com.typesafe.play/play_2.10/jars/play_2.10-2.2.6.jar:/Users/kthethi/.ivy2/cache/com.typesafe.play/sbt-link/jars/sbt-link-2.2.6.jar:/Users/kthethi/.ivy2/cache/org.javassist/javassist/bundles/javassist-3.18.0-GA.jar:/Users/kthethi/.ivy2/cache/com.typesafe.play/play-exceptions/jars/play-exceptions-2.2.6.jar:/Users/kthethi/.ivy2/cache/com.typesafe.play/templates_2.10/jars/templates_2.10-2.2.6.jar:/Users/kthethi/.ivy2/cache/com.github.scala-incubator.io/scala-io-file_2.10/jars/scala-io-file_2.10-0.4.2.jar:/Users/kthethi/.ivy2/cache/com.github.scala-incubator.io/scala-io-core_2.10/jars/scala-io-core_2.10-0.4.2.jar:/Users/kthethi/.ivy2/cache/com.jsuereth/scala-arm_2.10/jars/scala-arm_2.10-1.3.jar:/Users/kthethi/.ivy2/cache/com.typesafe.play/play-iteratees_2.10/jars/play-iteratees_2.10-2.2.6.jar:/Users/kthethi/.ivy2/cache/org.scala-stm/scala-stm_2.10/jars/scala-stm_2.10-0.7.jar:/Users/kthethi/.ivy2/cache/com.typesafe/config/bundles/config-1.0.2.jar:/Users/kthethi/.ivy2/cache/com.typesafe.play/play-json_2.10/jars/play-json_2.10-2.2.6.jar:/Users/kthethi/.ivy2/cache/com.typesafe.play/play-functional_2.10/jars/play-functional_2.10-2.2.6.jar:/Users/kthethi/.ivy2/cache/com.typesafe.play/play-datacommons_2.10/jars/play-datacommons_2.10-2.2.6.jar:/Users/kthethi/.ivy2/cache/joda-time/joda-time/jars/joda-time-2.2.jar:/Users/kthethi/.ivy2/cache/org.joda/joda-convert/jars/joda-convert-1.3.1.jar:/Users/kthethi/.ivy2/cache/com.fasterxml.jackson.core/jackson-annotations/jars/jackson-annotations-2.2.2.jar:/Users/kthethi/.ivy2/cache/com.fasterxml.jackson.core/jackson-core/jars/jackson-core-2.2.2.jar:/Users/kthethi/.ivy2/cache/com.fasterxml.jackson.core/jackson-databind/jars/jackson-databind-2.2.2.jar:/Users/kthethi/.ivy2/cache/org.scala-lang/scala-reflect/jars/scala-reflect-2.10.3.jar:/Users/kthethi/.ivy2/cache/io.netty/netty/bundles/netty-3.7.1.Final.jar:/Users/kthethi/.ivy2/cache/com.typesafe.netty/netty-http-pipelining/jars/netty-http-pipelining-1.1.2.jar:/Users/kthethi/Downloads/activator-dist-1.3.6/repository/org.slf4j/slf4j-api/1.7.5/jars/slf4j-api.jar:/Users/kthethi/.ivy2/cache/org.slf4j/jul-to-slf4j/jars/jul-to-slf4j-1.7.5.jar:/Users/kthethi/.ivy2/cache/org.slf4j/jcl-over-slf4j/jars/jcl-over-slf4j-1.7.5.jar:/Users/kthethi/.ivy2/cache/ch.qos.logback/logback-core/jars/logback-core-1.0.13.jar:/Users/kthethi/.ivy2/cache/ch.qos.logback/logback-classic/jars/logback-classic-1.0.13.jar:/Users/kthethi/.ivy2/cache/com.typesafe.akka/akka-actor_2.10/jars/akka-actor_2.10-2.2.0.jar:/Users/kthethi/.ivy2/cache/com.typesafe.akka/akka-slf4j_2.10/bundles/akka-slf4j_2.10-2.2.0.jar:/Users/kthethi/.ivy2/cache/org.apache.commons/commons-lang3/jars/commons-lang3-3.1.jar:/Users/kthethi/.ivy2/cache/com.ning/async-http-client/jars/async-http-client-1.7.18.jar:/Users/kthethi/.ivy2/cache/oauth.signpost/signpost-core/jars/signpost-core-1.2.1.2.jar:/Users/kthethi/.ivy2/cache/commons-codec/commons-codec/jars/commons-codec-1.3.jar:/Users/kthethi/.ivy2/cache/oauth.signpost/signpost-commonshttp4/jars/signpost-commonshttp4-1.2.1.2.jar:/Users/kthethi/Downloads/activator-dist-1.3.6/repository/org.apache.httpcomponents/httpcore/4.0.1/jars/httpcore.jar:/Users/kthethi/Downloads/activator-dist-1.3.6/repository/org.apache.httpcomponents/httpclient/4.0.1/jars/httpclient.jar:/Users/kthethi/.ivy2/cache/commons-logging/commons-logging/jars/commons-logging-1.1.1.jar:/Users/kthethi/.ivy2/cache/xerces/xercesImpl/jars/xercesImpl-2.11.0.jar:/Users/kthethi/.ivy2/cache/xml-apis/xml-apis/jars/xml-apis-1.4.01.jar:/Users/kthethi/.ivy2/cache/javax.transaction/jta/jars/jta-1.1.jar:/Users/kthethi/Downloads/activator-dist-1.3.6/repository/com.jolbox/bonecp/0.8.0.RELEASE/bundles/bonecp.jar:/Users/kthethi/.ivy2/cache/com.google.guava/guava/bundles/guava-14.0.1.jar:/Users/kthethi/.ivy2/cache/com.h2database/h2/jars/h2-1.3.172.jar:/Users/kthethi/Downloads/activator-dist-1.3.6/repository/tyrex/tyrex/1.0.1/jars/tyrex.jar:/Users/kthethi/.ivy2/cache/com.typesafe.play/play-java_2.10/jars/play-java_2.10-2.2.6.jar:/Users/kthethi/Downloads/activator-dist-1.3.6/repository/org.yaml/snakeyaml/1.12/bundles/snakeyaml.jar:/Users/kthethi/.ivy2/cache/org.hibernate/hibernate-validator/jars/hibernate-validator-5.0.1.Final.jar:/Users/kthethi/Downloads/activator-dist-1.3.6/repository/javax.validation/validation-api/1.1.0.Final/jars/validation-api.jar:/Users/kthethi/Downloads/activator-dist-1.3.6/repository/org.jboss.logging/jboss-logging/3.1.1.GA/jars/jboss-logging.jar:/Users/kthethi/.ivy2/cache/com.fasterxml/classmate/bundles/classmate-0.8.0.jar:/Users/kthethi/.ivy2/cache/org.springframework/spring-context/jars/spring-context-3.2.3.RELEASE.jar:/Users/kthethi/.ivy2/cache/org.springframework/spring-core/jars/spring-core-3.2.3.RELEASE.jar:/Users/kthethi/.ivy2/cache/org.springframework/spring-beans/jars/spring-beans-3.2.3.RELEASE.jar:/Users/kthethi/.ivy2/cache/org.reflections/reflections/jars/reflections-0.9.8.jar:/Users/kthethi/.ivy2/cache/dom4j/dom4j/jars/dom4j-1.6.1.jar:/Users/kthethi/.ivy2/cache/com.google.code.findbugs/jsr305/jars/jsr305-2.0.1.jar:/Users/kthethi/.ivy2/cache/javax.servlet/javax.servlet-api/jars/javax.servlet-api-3.0.1.jar:/Users/kthethi/.ivy2/cache/com.typesafe.play/play-java-ebean_2.10/jars/play-java-ebean_2.10-2.2.6.jar:/Users/kthethi/.ivy2/cache/org.avaje.ebeanorm/avaje-ebeanorm/jars/avaje-ebeanorm-3.2.2.jar:/Users/kthethi/.ivy2/cache/org.avaje.ebeanorm/avaje-ebeanorm-agent/jars/avaje-ebeanorm-agent-3.2.1.jar:/Users/kthethi/.ivy2/cache/org.hibernate.javax.persistence/hibernate-jpa-2.0-api/jars/hibernate-jpa-2.0-api-1.0.1.Final.jar:/Users/kthethi/.ivy2/cache/com.typesafe.play/play-cache_2.10/jars/play-cache_2.10-2.2.6.jar:/Users/kthethi/.ivy2/cache/net.sf.ehcache/ehcache-core/jars/ehcache-core-2.6.6.jar:/Users/kthethi/.ivy2/cache/org.mongodb.morphia/morphia/jars/morphia-1.0.0-rc0.jar:/Users/kthethi/.ivy2/cache/org.mongodb/mongo-java-driver/jars/mongo-java-driver-3.0.1.jar:/Users/kthethi/.ivy2/cache/com.thoughtworks.proxytoys/proxytoys/jars/proxytoys-1.0.jar
Scala compilation took 1.640289895 s
Attempting to call com.sun.tools.javac.api.JavacTool@4ad531da directly...
Java compilation took 0.155384984 s
Java analysis took 0.241242218 s
Java compile + analysis took 0.40205268 s
Invalidating /Users/kthethi/Documents/test/goCart/app/controllers/TestController.java...
Invalidating (transitively) by inheritance from /Users/kthethi/Documents/test/goCart/app/controllers/TestController.java...
Initial set of included nodes: Set(/Users/kthethi/Documents/test/goCart/app/controllers/TestController.java)
Invalidated by transitive inheritance dependency: Set(/Users/kthethi/Documents/test/goCart/app/controllers/TestController.java)
The /Users/kthethi/Documents/test/goCart/app/controllers/TestController.java source file has the following regular definitions changed:
	getMorphia, getDataStore.
All member reference dependencies will be considered within this context.
None of the modified names appears in /Users/kthethi/Documents/test/goCart/target/scala-2.10/src_managed/main/routes_reverseRouting.scala. This dependency is not being considered for invalidation.
None of the modified names appears in /Users/kthethi/Documents/test/goCart/target/scala-2.10/src_managed/main/routes_routing.scala. This dependency is not being considered for invalidation.
Name hashing optimization doesn't apply to non-Scala dependency: /Users/kthethi/Documents/test/goCart/app/controllers/TestController.java
Invalidating /Users/kthethi/Documents/test/goCart/app/model/StoreAssociate.java...
Invalidating (transitively) by inheritance from /Users/kthethi/Documents/test/goCart/app/model/StoreAssociate.java...
Initial set of included nodes: Set(/Users/kthethi/Documents/test/goCart/app/model/StoreAssociate.java)
Invalidated by transitive inheritance dependency: Set(/Users/kthethi/Documents/test/goCart/app/model/StoreAssociate.java)
The /Users/kthethi/Documents/test/goCart/app/model/StoreAssociate.java source file has the following regular definitions changed:
	<init>, queueUser.
All member reference dependencies will be considered within this context.
Name hashing optimization doesn't apply to non-Scala dependency: /Users/kthethi/Documents/test/goCart/app/model/StoreAssociate.java
Name hashing optimization doesn't apply to non-Scala dependency: /Users/kthethi/Documents/test/goCart/app/controllers/StoreAssociateController.java
Invalidating /Users/kthethi/Documents/test/goCart/app/controllers/StoreAssociateController.java...
Invalidating (transitively) by inheritance from /Users/kthethi/Documents/test/goCart/app/controllers/StoreAssociateController.java...
Initial set of included nodes: Set(/Users/kthethi/Documents/test/goCart/app/controllers/StoreAssociateController.java)
Invalidated by transitive inheritance dependency: Set(/Users/kthethi/Documents/test/goCart/app/controllers/StoreAssociateController.java)
The /Users/kthethi/Documents/test/goCart/app/controllers/StoreAssociateController.java source file has the following regular definitions changed:
	addAssociate, getDataStore, getMorphia.
All member reference dependencies will be considered within this context.
None of the modified names appears in /Users/kthethi/Documents/test/goCart/target/scala-2.10/src_managed/main/routes_reverseRouting.scala. This dependency is not being considered for invalidation.
None of the modified names appears in /Users/kthethi/Documents/test/goCart/target/scala-2.10/src_managed/main/routes_routing.scala. This dependency is not being considered for invalidation.
Name hashing optimization doesn't apply to non-Scala dependency: /Users/kthethi/Documents/test/goCart/app/controllers/StoreAssociateController.java
Invalidating /Users/kthethi/Documents/test/goCart/app/model/Product.java...
Invalidating (transitively) by inheritance from /Users/kthethi/Documents/test/goCart/app/model/Product.java...
Initial set of included nodes: Set(/Users/kthethi/Documents/test/goCart/app/model/Product.java)
Invalidated by transitive inheritance dependency: Set(/Users/kthethi/Documents/test/goCart/app/model/Product.java)
The /Users/kthethi/Documents/test/goCart/app/model/Product.java source file has the following regular definitions changed:
	getBrand, setName, setId, getImageUrl, setPrice, setType, getSku, getName, setImageUrl, <init>, getPrice, toJson, setSku, getLocation, getType, setBrand, setLocation, getId.
All member reference dependencies will be considered within this context.
Name hashing optimization doesn't apply to non-Scala dependency: /Users/kthethi/Documents/test/goCart/app/model/Product.java
Invalidating /Users/kthethi/Documents/test/goCart/target/scala-2.10/src_managed/main/routes_reverseRouting.scala...
Invalidating (transitively) by inheritance from /Users/kthethi/Documents/test/goCart/target/scala-2.10/src_managed/main/routes_reverseRouting.scala...
Initial set of included nodes: Set(/Users/kthethi/Documents/test/goCart/target/scala-2.10/src_managed/main/routes_reverseRouting.scala)
Invalidated by transitive inheritance dependency: Set(/Users/kthethi/Documents/test/goCart/target/scala-2.10/src_managed/main/routes_reverseRouting.scala)
The /Users/kthethi/Documents/test/goCart/target/scala-2.10/src_managed/main/routes_reverseRouting.scala source file has the following regular definitions changed:
	notify, wait, $asInstanceOf, ReverseProductController, equals, addProduct, asInstanceOf, synchronized, $isInstanceOf, notifyAll, isInstanceOf, <init>, ==, updateProductLocation, clone, toString, !=, getClass, ne, eq, ##, finalize, hashCode.
All member reference dependencies will be considered within this context.
The following modified names cause invalidation of /Users/kthethi/Documents/test/goCart/target/scala-2.10/src_managed/main/views/html/main.template.scala: Set(<init>)
Name hashing optimization doesn't apply to non-Scala dependency: /Users/kthethi/Documents/test/goCart/target/scala-2.10/src_managed/main/controllers/routes.java
Invalidating /Users/kthethi/Documents/test/goCart/app/controllers/UserController.java...
Invalidating (transitively) by inheritance from /Users/kthethi/Documents/test/goCart/app/controllers/UserController.java...
Initial set of included nodes: Set(/Users/kthethi/Documents/test/goCart/app/controllers/UserController.java)
Invalidated by transitive inheritance dependency: Set(/Users/kthethi/Documents/test/goCart/app/controllers/UserController.java)
The /Users/kthethi/Documents/test/goCart/app/controllers/UserController.java source file has the following regular definitions changed:
	getDataStore, getMorphia.
All member reference dependencies will be considered within this context.
None of the modified names appears in /Users/kthethi/Documents/test/goCart/target/scala-2.10/src_managed/main/routes_reverseRouting.scala. This dependency is not being considered for invalidation.
None of the modified names appears in /Users/kthethi/Documents/test/goCart/target/scala-2.10/src_managed/main/routes_routing.scala. This dependency is not being considered for invalidation.
Name hashing optimization doesn't apply to non-Scala dependency: /Users/kthethi/Documents/test/goCart/app/controllers/UserController.java
Invalidating /Users/kthethi/Documents/test/goCart/target/scala-2.10/src_managed/main/controllers/routes.java...
Invalidating (transitively) by inheritance from /Users/kthethi/Documents/test/goCart/target/scala-2.10/src_managed/main/controllers/routes.java...
Initial set of included nodes: Set(/Users/kthethi/Documents/test/goCart/target/scala-2.10/src_managed/main/controllers/routes.java)
Invalidated by transitive inheritance dependency: Set(/Users/kthethi/Documents/test/goCart/target/scala-2.10/src_managed/main/controllers/routes.java)
The /Users/kthethi/Documents/test/goCart/target/scala-2.10/src_managed/main/controllers/routes.java source file has the following regular definitions changed:
	ProductController.
All member reference dependencies will be considered within this context.
None of the modified names appears in /Users/kthethi/Documents/test/goCart/target/scala-2.10/src_managed/main/views/html/main.template.scala. This dependency is not being considered for invalidation.
Name hashing optimization doesn't apply to non-Scala dependency: /Users/kthethi/Documents/test/goCart/target/scala-2.10/src_managed/main/controllers/routes.java
Invalidating /Users/kthethi/Documents/test/goCart/app/util/Utils.java...
Invalidating (transitively) by inheritance from /Users/kthethi/Documents/test/goCart/app/util/Utils.java...
Initial set of included nodes: Set(/Users/kthethi/Documents/test/goCart/app/util/Utils.java)
Invalidated by transitive inheritance dependency: Set(/Users/kthethi/Documents/test/goCart/app/util/Utils.java)
The /Users/kthethi/Documents/test/goCart/app/util/Utils.java source file has the following regular definitions changed:
	safeIntFromJson.
All member reference dependencies will be considered within this context.
Name hashing optimization doesn't apply to non-Scala dependency: /Users/kthethi/Documents/test/goCart/app/util/Utils.java
Name hashing optimization doesn't apply to non-Scala dependency: /Users/kthethi/Documents/test/goCart/app/controllers/UserController.java
Name hashing optimization doesn't apply to non-Scala dependency: /Users/kthethi/Documents/test/goCart/app/controllers/StoreAssociateController.java
Invalidating /Users/kthethi/Documents/test/goCart/app/controllers/BaseController.java...
Invalidating (transitively) by inheritance from /Users/kthethi/Documents/test/goCart/app/controllers/BaseController.java...
Initial set of included nodes: Set(/Users/kthethi/Documents/test/goCart/app/controllers/BaseController.java)
Including /Users/kthethi/Documents/test/goCart/app/controllers/UserController.java by /Users/kthethi/Documents/test/goCart/app/controllers/BaseController.java
Including /Users/kthethi/Documents/test/goCart/app/controllers/StoreAssociateController.java by /Users/kthethi/Documents/test/goCart/app/controllers/BaseController.java
Including /Users/kthethi/Documents/test/goCart/app/controllers/TestController.java by /Users/kthethi/Documents/test/goCart/app/controllers/BaseController.java
Invalidated by transitive inheritance dependency: Set(/Users/kthethi/Documents/test/goCart/app/controllers/StoreAssociateController.java, /Users/kthethi/Documents/test/goCart/app/controllers/TestController.java, /Users/kthethi/Documents/test/goCart/app/controllers/UserController.java, /Users/kthethi/Documents/test/goCart/app/controllers/BaseController.java)
The /Users/kthethi/Documents/test/goCart/app/controllers/BaseController.java source file has the following regular definitions changed:
	getDataStore, getMorphia.
All member reference dependencies will be considered within this context.
None of the modified names appears in /Users/kthethi/Documents/test/goCart/target/scala-2.10/src_managed/main/routes_reverseRouting.scala. This dependency is not being considered for invalidation.
None of the modified names appears in /Users/kthethi/Documents/test/goCart/target/scala-2.10/src_managed/main/routes_routing.scala. This dependency is not being considered for invalidation.
Name hashing optimization doesn't apply to non-Scala dependency: /Users/kthethi/Documents/test/goCart/app/controllers/StoreAssociateController.java
None of the modified names appears in /Users/kthethi/Documents/test/goCart/target/scala-2.10/src_managed/main/routes_reverseRouting.scala. This dependency is not being considered for invalidation.
None of the modified names appears in /Users/kthethi/Documents/test/goCart/target/scala-2.10/src_managed/main/routes_routing.scala. This dependency is not being considered for invalidation.
Name hashing optimization doesn't apply to non-Scala dependency: /Users/kthethi/Documents/test/goCart/app/controllers/TestController.java
None of the modified names appears in /Users/kthethi/Documents/test/goCart/target/scala-2.10/src_managed/main/routes_reverseRouting.scala. This dependency is not being considered for invalidation.
None of the modified names appears in /Users/kthethi/Documents/test/goCart/target/scala-2.10/src_managed/main/routes_routing.scala. This dependency is not being considered for invalidation.
Name hashing optimization doesn't apply to non-Scala dependency: /Users/kthethi/Documents/test/goCart/app/controllers/UserController.java
Name hashing optimization doesn't apply to non-Scala dependency: /Users/kthethi/Documents/test/goCart/app/controllers/BaseController.java
Invalidating /Users/kthethi/Documents/test/goCart/app/controllers/ProductController.java...
Invalidating (transitively) by inheritance from /Users/kthethi/Documents/test/goCart/app/controllers/ProductController.java...
Initial set of included nodes: Set(/Users/kthethi/Documents/test/goCart/app/controllers/ProductController.java)
Invalidated by transitive inheritance dependency: Set(/Users/kthethi/Documents/test/goCart/app/controllers/ProductController.java)
The /Users/kthethi/Documents/test/goCart/app/controllers/ProductController.java source file has the following regular definitions changed:
	.
All member reference dependencies will be considered within this context.
None of the modified names appears in /Users/kthethi/Documents/test/goCart/target/scala-2.10/src_managed/main/routes_reverseRouting.scala. This dependency is not being considered for invalidation.
None of the modified names appears in /Users/kthethi/Documents/test/goCart/target/scala-2.10/src_managed/main/routes_routing.scala. This dependency is not being considered for invalidation.
New invalidations:
	Set(/Users/kthethi/Documents/test/goCart/target/scala-2.10/src_managed/main/views/html/main.template.scala)
Initial set of included nodes: Set(/Users/kthethi/Documents/test/goCart/target/scala-2.10/src_managed/main/views/html/main.template.scala)
Including /Users/kthethi/Documents/test/goCart/target/scala-2.10/src_managed/main/views/html/index.template.scala by /Users/kthethi/Documents/test/goCart/target/scala-2.10/src_managed/main/views/html/main.template.scala
Including /Users/kthethi/Documents/test/goCart/app/controllers/BaseController.java by /Users/kthethi/Documents/test/goCart/target/scala-2.10/src_managed/main/views/html/index.template.scala
Including /Users/kthethi/Documents/test/goCart/app/controllers/Application.java by /Users/kthethi/Documents/test/goCart/target/scala-2.10/src_managed/main/views/html/index.template.scala
Including /Users/kthethi/Documents/test/goCart/target/scala-2.10/src_managed/main/routes_reverseRouting.scala by /Users/kthethi/Documents/test/goCart/app/controllers/Application.java
Including /Users/kthethi/Documents/test/goCart/target/scala-2.10/src_managed/main/controllers/routes.java by /Users/kthethi/Documents/test/goCart/target/scala-2.10/src_managed/main/routes_reverseRouting.scala
Including /Users/kthethi/Documents/test/goCart/target/scala-2.10/src_managed/main/routes_routing.scala by /Users/kthethi/Documents/test/goCart/app/controllers/Application.java
Previously invalidated, but (transitively) depend on new invalidations:
	Set(/Users/kthethi/Documents/test/goCart/target/scala-2.10/src_managed/main/routes_reverseRouting.scala, /Users/kthethi/Documents/test/goCart/app/controllers/BaseController.java, /Users/kthethi/Documents/test/goCart/target/scala-2.10/src_managed/main/controllers/routes.java)
All newly invalidated sources after taking into account (previously) recompiled sources:Set()
Total time: 3 s, completed 24 Oct, 2015 10:10:01 PM
> server-post-command-cleanup
> server-handle-next-server-request
> backgroundRun
Evaluating tasks: compile:backgroundRun
Running task... Cancel: sbt.server.ServerTaskCancellation@55ef3a28, check cycles: false

Initial source changes: 
	removed:Set()
	added: Set()
	modified: Set()
Removed products: Set()
External API changes: API Changes: Set()
Modified binary dependencies: Set()
Initial directly invalidated sources: Set()

Sources indirectly invalidated by:
	product: Set()
	binary dep: Set()
	external source: Set()
All initially invalidated sources: Set()

Copy resource mappings: 
	(/Users/kthethi/Documents/test/goCart/conf/application.conf,/Users/kthethi/Documents/test/goCart/target/scala-2.10/classes/application.conf)
	(/Users/kthethi/Documents/test/goCart/conf/dev.conf,/Users/kthethi/Documents/test/goCart/target/scala-2.10/classes/dev.conf)
	(/Users/kthethi/Documents/test/goCart/conf/prod.conf,/Users/kthethi/Documents/test/goCart/target/scala-2.10/classes/prod.conf)
	(/Users/kthethi/Documents/test/goCart/conf/routes,/Users/kthethi/Documents/test/goCart/target/scala-2.10/classes/routes)
Copy play resource mappings: 
	(/Users/kthethi/Documents/test/goCart/public/images/favicon.png,/Users/kthethi/Documents/test/goCart/target/scala-2.10/classes/public/images/favicon.png)
	(/Users/kthethi/Documents/test/goCart/public/javascripts/jquery-1.9.0.min.js,/Users/kthethi/Documents/test/goCart/target/scala-2.10/classes/public/javascripts/jquery-1.9.0.min.js)
	(/Users/kthethi/Documents/test/goCart/public/stylesheets/main.css,/Users/kthethi/Documents/test/goCart/target/scala-2.10/classes/public/stylesheets/main.css)
Total time: 0 s, completed 24 Oct, 2015 10:10:01 PM
> server-post-command-cleanup
> server-handle-next-server-request
Play server process ID is 74641
[info] play - Application started (Prod)
[info] play - Listening for HTTP on /0:0:0:0:0:0:0:0:9000
> compile
Evaluating tasks: compile:compile
Running task... Cancel: sbt.server.ServerTaskCancellation@351564, check cycles: false

Initial source changes: 
	removed:Set()
	added: Set()
	modified: Set(/Users/kthethi/Documents/test/goCart/app/controllers/UserController.java, /Users/kthethi/Documents/test/goCart/app/model/User.java)
Removed products: Set()
External API changes: API Changes: Set()
Modified binary dependencies: Set()
Initial directly invalidated sources: Set(/Users/kthethi/Documents/test/goCart/app/controllers/UserController.java, /Users/kthethi/Documents/test/goCart/app/model/User.java)

Sources indirectly invalidated by:
	product: Set()
	binary dep: Set()
	external source: Set()
All initially invalidated sources: Set(/Users/kthethi/Documents/test/goCart/app/controllers/UserController.java, /Users/kthethi/Documents/test/goCart/app/model/User.java)

Read from stdout: Compiling 2 Java sources to /Users/kthethi/Documents/test/goCart/target/scala-2.10/classes...
Compiling 2 Java sources to /Users/kthethi/Documents/test/goCart/target/scala-2.10/classes...
Attempting to call com.sun.tools.javac.api.JavacTool@77ab4f77 directly...
Read from stdout: /Users/kthethi/Documents/test/goCart/app/controllers/UserController.java:36: '(' or '[' expected
/Users/kthethi/Documents/test/goCart/app/controllers/UserController.java:36: '(' or '[' expected
Read from stdout: /Users/kthethi/Documents/test/goCart/app/controllers/UserController.java:36: ';' expected
/Users/kthethi/Documents/test/goCart/app/controllers/UserController.java:36: ';' expected
Read from stdout: /Users/kthethi/Documents/test/goCart/app/model/User.java:29: modifier private not allowed here
/Users/kthethi/Documents/test/goCart/app/model/User.java:29: modifier private not allowed here
Read from stdout: (compile:compileIncremental) javac returned nonzero exit code
(compile:compileIncremental) javac returned nonzero exit code
Total time: 0 s, completed 24 Oct, 2015 10:22:29 PM
> server-post-command-error-handler
> server-post-command-cleanup
> server-handle-next-server-request
> compile
Evaluating tasks: compile:compile
Running task... Cancel: sbt.server.ServerTaskCancellation@656a366, check cycles: false

Initial source changes: 
	removed:Set()
	added: Set()
	modified: Set(/Users/kthethi/Documents/test/goCart/app/controllers/UserController.java, /Users/kthethi/Documents/test/goCart/app/model/User.java)
Removed products: Set()
External API changes: API Changes: Set()
Modified binary dependencies: Set()
Initial directly invalidated sources: Set(/Users/kthethi/Documents/test/goCart/app/controllers/UserController.java, /Users/kthethi/Documents/test/goCart/app/model/User.java)

Sources indirectly invalidated by:
	product: Set()
	binary dep: Set()
	external source: Set()
All initially invalidated sources: Set(/Users/kthethi/Documents/test/goCart/app/controllers/UserController.java, /Users/kthethi/Documents/test/goCart/app/model/User.java)

Read from stdout: Compiling 2 Java sources to /Users/kthethi/Documents/test/goCart/target/scala-2.10/classes...
Compiling 2 Java sources to /Users/kthethi/Documents/test/goCart/target/scala-2.10/classes...
Attempting to call com.sun.tools.javac.api.JavacTool@108c1304 directly...
Read from stdout: /Users/kthethi/Documents/test/goCart/app/model/User.java:29: modifier private not allowed here
/Users/kthethi/Documents/test/goCart/app/model/User.java:29: modifier private not allowed here
Read from stdout: (compile:compileIncremental) javac returned nonzero exit code
(compile:compileIncremental) javac returned nonzero exit code
Total time: 0 s, completed 24 Oct, 2015 10:23:27 PM
> server-post-command-error-handler
> server-post-command-cleanup
> server-handle-next-server-request
> compile
Evaluating tasks: compile:compile
Running task... Cancel: sbt.server.ServerTaskCancellation@605ffd53, check cycles: false

Initial source changes: 
	removed:Set()
	added: Set()
	modified: Set(/Users/kthethi/Documents/test/goCart/app/controllers/UserController.java, /Users/kthethi/Documents/test/goCart/app/model/User.java)
Removed products: Set()
External API changes: API Changes: Set()
Modified binary dependencies: Set()
Initial directly invalidated sources: Set(/Users/kthethi/Documents/test/goCart/app/controllers/UserController.java, /Users/kthethi/Documents/test/goCart/app/model/User.java)

Sources indirectly invalidated by:
	product: Set()
	binary dep: Set()
	external source: Set()
All initially invalidated sources: Set(/Users/kthethi/Documents/test/goCart/app/controllers/UserController.java, /Users/kthethi/Documents/test/goCart/app/model/User.java)

Read from stdout: Compiling 2 Java sources to /Users/kthethi/Documents/test/goCart/target/scala-2.10/classes...
Compiling 2 Java sources to /Users/kthethi/Documents/test/goCart/target/scala-2.10/classes...
Attempting to call com.sun.tools.javac.api.JavacTool@5772f885 directly...
Read from stdout: /Users/kthethi/Documents/test/goCart/app/model/User.java:29: modifier private not allowed here
/Users/kthethi/Documents/test/goCart/app/model/User.java:29: modifier private not allowed here
Read from stdout: (compile:compileIncremental) javac returned nonzero exit code
(compile:compileIncremental) javac returned nonzero exit code
Total time: 0 s, completed 24 Oct, 2015 10:23:47 PM
> server-post-command-error-handler
> server-post-command-cleanup
> server-handle-next-server-request
> compile
Evaluating tasks: compile:compile
Running task... Cancel: sbt.server.ServerTaskCancellation@1f58a8f9, check cycles: false

Initial source changes: 
	removed:Set()
	added: Set()
	modified: Set(/Users/kthethi/Documents/test/goCart/app/controllers/UserController.java, /Users/kthethi/Documents/test/goCart/app/model/User.java)
Removed products: Set()
External API changes: API Changes: Set()
Modified binary dependencies: Set()
Initial directly invalidated sources: Set(/Users/kthethi/Documents/test/goCart/app/controllers/UserController.java, /Users/kthethi/Documents/test/goCart/app/model/User.java)

Sources indirectly invalidated by:
	product: Set()
	binary dep: Set()
	external source: Set()
All initially invalidated sources: Set(/Users/kthethi/Documents/test/goCart/app/controllers/UserController.java, /Users/kthethi/Documents/test/goCart/app/model/User.java)

Read from stdout: Compiling 2 Java sources to /Users/kthethi/Documents/test/goCart/target/scala-2.10/classes...
Compiling 2 Java sources to /Users/kthethi/Documents/test/goCart/target/scala-2.10/classes...
Attempting to call com.sun.tools.javac.api.JavacTool@452cd743 directly...
Read from stdout: /Users/kthethi/Documents/test/goCart/app/controllers/UserController.java:35: cannot find symbol
Read from stdout: symbol:   class Point
Read from stdout: location: class controllers.UserController
/Users/kthethi/Documents/test/goCart/app/controllers/UserController.java:35: cannot find symbol
  symbol:   class Point
  location: class controllers.UserController
Read from stdout: Point
Point
Read from stdout: /Users/kthethi/Documents/test/goCart/app/controllers/UserController.java:35: cannot find symbol
Read from stdout: symbol:   class PointBuilder
Read from stdout: location: class controllers.UserController
/Users/kthethi/Documents/test/goCart/app/controllers/UserController.java:35: cannot find symbol
  symbol:   class PointBuilder
  location: class controllers.UserController
Read from stdout: PointBuilder
PointBuilder
Read from stdout: /Users/kthethi/Documents/test/goCart/app/controllers/UserController.java:37: cannot find symbol
Read from stdout: symbol:   class User
Read from stdout: location: class controllers.UserController
/Users/kthethi/Documents/test/goCart/app/controllers/UserController.java:37: cannot find symbol
  symbol:   class User
  location: class controllers.UserController
Read from stdout: User
User
Read from stdout: /Users/kthethi/Documents/test/goCart/app/controllers/UserController.java:37: cannot find symbol
Read from stdout: symbol:   class User
Read from stdout: location: class controllers.UserController
/Users/kthethi/Documents/test/goCart/app/controllers/UserController.java:37: cannot find symbol
  symbol:   class User
  location: class controllers.UserController
Read from stdout: User
User
Read from stdout: /Users/kthethi/Documents/test/goCart/app/controllers/UserController.java:37: cannot find symbol
Read from stdout: symbol:   class Cart
Read from stdout: location: class controllers.UserController
/Users/kthethi/Documents/test/goCart/app/controllers/UserController.java:37: cannot find symbol
  symbol:   class Cart
  location: class controllers.UserController
Read from stdout: Cart
Cart
Read from stdout: /Users/kthethi/Documents/test/goCart/app/controllers/UserController.java:37: java.util.List is abstract; cannot be instantiated
/Users/kthethi/Documents/test/goCart/app/controllers/UserController.java:37: java.util.List is abstract; cannot be instantiated
Read from stdout: new List<Cart>()
new List<Cart>()
Read from stdout: /Users/kthethi/Documents/test/goCart/app/controllers/UserController.java:37: cannot find symbol
Read from stdout: symbol:   variable purchasingPower
Read from stdout: location: class controllers.UserController
/Users/kthethi/Documents/test/goCart/app/controllers/UserController.java:37: cannot find symbol
  symbol:   variable purchasingPower
  location: class controllers.UserController
Read from stdout: purchasingPower
purchasingPower
Read from stdout: /Users/kthethi/Documents/test/goCart/app/controllers/UserController.java:38: cannot find symbol
Read from stdout: symbol:   variable product
Read from stdout: location: class controllers.UserController
/Users/kthethi/Documents/test/goCart/app/controllers/UserController.java:38: cannot find symbol
  symbol:   variable product
  location: class controllers.UserController
Read from stdout: product
product
Read from stdout: /Users/kthethi/Documents/test/goCart/app/controllers/UserController.java:46: cannot find symbol
Read from stdout: symbol:   class User
Read from stdout: location: class controllers.UserController
/Users/kthethi/Documents/test/goCart/app/controllers/UserController.java:46: cannot find symbol
  symbol:   class User
  location: class controllers.UserController
Read from stdout: User
User
Read from stdout: /Users/kthethi/Documents/test/goCart/app/controllers/UserController.java:46: cannot find symbol
Read from stdout: symbol:   class User
Read from stdout: location: class controllers.UserController
/Users/kthethi/Documents/test/goCart/app/controllers/UserController.java:46: cannot find symbol
  symbol:   class User
  location: class controllers.UserController
Read from stdout: User
User
Read from stdout: /Users/kthethi/Documents/test/goCart/app/controllers/UserController.java:46: cannot find symbol
Read from stdout: symbol:   class ObjectId
Read from stdout: location: class controllers.UserController
/Users/kthethi/Documents/test/goCart/app/controllers/UserController.java:46: cannot find symbol
  symbol:   class ObjectId
  location: class controllers.UserController
Read from stdout: ObjectId
ObjectId
Read from stdout: /Users/kthethi/Documents/test/goCart/app/controllers/UserController.java:46: cannot find symbol
Read from stdout: symbol:   variable datastore
Read from stdout: location: class controllers.UserController
/Users/kthethi/Documents/test/goCart/app/controllers/UserController.java:46: cannot find symbol
  symbol:   variable datastore
  location: class controllers.UserController
Read from stdout: datastore
datastore
Read from stdout: /Users/kthethi/Documents/test/goCart/app/model/User.java:32:  java.lang.String cannot be converted to int
/Users/kthethi/Documents/test/goCart/app/model/User.java:32:  java.lang.String cannot be converted to int
Read from stdout: zip
zip
Read from stdout: /Users/kthethi/Documents/test/goCart/app/model/User.java:33: cannot find symbol
Read from stdout: symbol: variable puchaseHistory
/Users/kthethi/Documents/test/goCart/app/model/User.java:33: cannot find symbol
  symbol: variable puchaseHistory
Read from stdout: this.puchaseHistory
this.puchaseHistory
Read from stdout: /Users/kthethi/Documents/test/goCart/app/model/User.java:34:  java.lang.String cannot be converted to long
/Users/kthethi/Documents/test/goCart/app/model/User.java:34:  java.lang.String cannot be converted to long
Read from stdout: purchasingPower
purchasingPower
Read from stdout: /Users/kthethi/Documents/test/goCart/app/model/User.java:134: cannot find symbol
Read from stdout: symbol:   variable getStatus
Read from stdout: location: class model.User
/Users/kthethi/Documents/test/goCart/app/model/User.java:134: cannot find symbol
  symbol:   variable getStatus
  location: class model.User
Read from stdout: getStatus
getStatus
Read from stdout: /Users/kthethi/Documents/test/goCart/app/model/User.java:135: cannot find symbol
Read from stdout: symbol:   variable getLevel
Read from stdout: location: class model.User
/Users/kthethi/Documents/test/goCart/app/model/User.java:135: cannot find symbol
  symbol:   variable getLevel
  location: class model.User
Read from stdout: getLevel
getLevel
Read from stdout: /Users/kthethi/Documents/test/goCart/app/model/User.java:136: cannot find symbol
Read from stdout: symbol:   variable getSegment
Read from stdout: location: class model.User
/Users/kthethi/Documents/test/goCart/app/model/User.java:136: cannot find symbol
  symbol:   variable getSegment
  location: class model.User
Read from stdout: getSegment
getSegment
Read from stdout: (compile:compileIncremental) javac returned nonzero exit code
(compile:compileIncremental) javac returned nonzero exit code
Total time: 0 s, completed 24 Oct, 2015 10:23:59 PM
> server-post-command-error-handler
> server-post-command-cleanup
> server-handle-next-server-request
> compile
Evaluating tasks: compile:compile
Running task... Cancel: sbt.server.ServerTaskCancellation@74eb163e, check cycles: false

Initial source changes: 
	removed:Set()
	added: Set()
	modified: Set(/Users/kthethi/Documents/test/goCart/app/controllers/UserController.java, /Users/kthethi/Documents/test/goCart/app/model/User.java)
Removed products: Set()
External API changes: API Changes: Set()
Modified binary dependencies: Set()
Initial directly invalidated sources: Set(/Users/kthethi/Documents/test/goCart/app/controllers/UserController.java, /Users/kthethi/Documents/test/goCart/app/model/User.java)

Sources indirectly invalidated by:
	product: Set()
	binary dep: Set()
	external source: Set()
All initially invalidated sources: Set(/Users/kthethi/Documents/test/goCart/app/controllers/UserController.java, /Users/kthethi/Documents/test/goCart/app/model/User.java)

Read from stdout: Compiling 2 Java sources to /Users/kthethi/Documents/test/goCart/target/scala-2.10/classes...
Compiling 2 Java sources to /Users/kthethi/Documents/test/goCart/target/scala-2.10/classes...
Attempting to call com.sun.tools.javac.api.JavacTool@2e21f349 directly...
Read from stdout: /Users/kthethi/Documents/test/goCart/app/controllers/UserController.java:44: cannot find symbol
Read from stdout: symbol:   class User
Read from stdout: location: class controllers.UserController
/Users/kthethi/Documents/test/goCart/app/controllers/UserController.java:44: cannot find symbol
  symbol:   class User
  location: class controllers.UserController
Read from stdout: User
User
Read from stdout: /Users/kthethi/Documents/test/goCart/app/controllers/UserController.java:44: cannot find symbol
Read from stdout: symbol:   class User
Read from stdout: location: class controllers.UserController
/Users/kthethi/Documents/test/goCart/app/controllers/UserController.java:44: cannot find symbol
  symbol:   class User
  location: class controllers.UserController
Read from stdout: User
User
Read from stdout: /Users/kthethi/Documents/test/goCart/app/controllers/UserController.java:44: cannot find symbol
Read from stdout: symbol:   class Cart
Read from stdout: location: class controllers.UserController
/Users/kthethi/Documents/test/goCart/app/controllers/UserController.java:44: cannot find symbol
  symbol:   class Cart
  location: class controllers.UserController
Read from stdout: Cart
Cart
Read from stdout: /Users/kthethi/Documents/test/goCart/app/controllers/UserController.java:44: java.util.List is abstract; cannot be instantiated
/Users/kthethi/Documents/test/goCart/app/controllers/UserController.java:44: java.util.List is abstract; cannot be instantiated
Read from stdout: new List<Cart>()
new List<Cart>()
Read from stdout: /Users/kthethi/Documents/test/goCart/app/controllers/UserController.java:44: cannot find symbol
Read from stdout: symbol:   variable purchasingPower
Read from stdout: location: class controllers.UserController
/Users/kthethi/Documents/test/goCart/app/controllers/UserController.java:44: cannot find symbol
  symbol:   variable purchasingPower
  location: class controllers.UserController
Read from stdout: purchasingPower
purchasingPower
Read from stdout: /Users/kthethi/Documents/test/goCart/app/controllers/UserController.java:45: cannot find symbol
Read from stdout: symbol:   variable product
Read from stdout: location: class controllers.UserController
/Users/kthethi/Documents/test/goCart/app/controllers/UserController.java:45: cannot find symbol
  symbol:   variable product
  location: class controllers.UserController
Read from stdout: product
product
Read from stdout: /Users/kthethi/Documents/test/goCart/app/controllers/UserController.java:53: cannot find symbol
Read from stdout: symbol:   class User
Read from stdout: location: class controllers.UserController
/Users/kthethi/Documents/test/goCart/app/controllers/UserController.java:53: cannot find symbol
  symbol:   class User
  location: class controllers.UserController
Read from stdout: User
User
Read from stdout: /Users/kthethi/Documents/test/goCart/app/controllers/UserController.java:53: cannot find symbol
Read from stdout: symbol:   class User
Read from stdout: location: class controllers.UserController
/Users/kthethi/Documents/test/goCart/app/controllers/UserController.java:53: cannot find symbol
  symbol:   class User
  location: class controllers.UserController
Read from stdout: User
User
Read from stdout: /Users/kthethi/Documents/test/goCart/app/controllers/UserController.java:53: cannot find symbol
Read from stdout: symbol:   class ObjectId
Read from stdout: location: class controllers.UserController
/Users/kthethi/Documents/test/goCart/app/controllers/UserController.java:53: cannot find symbol
  symbol:   class ObjectId
  location: class controllers.UserController
Read from stdout: ObjectId
ObjectId
Read from stdout: /Users/kthethi/Documents/test/goCart/app/controllers/UserController.java:53: cannot find symbol
Read from stdout: symbol:   variable datastore
Read from stdout: location: class controllers.UserController
/Users/kthethi/Documents/test/goCart/app/controllers/UserController.java:53: cannot find symbol
  symbol:   variable datastore
  location: class controllers.UserController
Read from stdout: datastore
datastore
Read from stdout: /Users/kthethi/Documents/test/goCart/app/model/User.java:32:  java.lang.String cannot be converted to int
/Users/kthethi/Documents/test/goCart/app/model/User.java:32:  java.lang.String cannot be converted to int
Read from stdout: zip
zip
Read from stdout: /Users/kthethi/Documents/test/goCart/app/model/User.java:33: cannot find symbol
Read from stdout: symbol: variable puchaseHistory
/Users/kthethi/Documents/test/goCart/app/model/User.java:33: cannot find symbol
  symbol: variable puchaseHistory
Read from stdout: this.puchaseHistory
this.puchaseHistory
Read from stdout: /Users/kthethi/Documents/test/goCart/app/model/User.java:34:  java.lang.String cannot be converted to long
/Users/kthethi/Documents/test/goCart/app/model/User.java:34:  java.lang.String cannot be converted to long
Read from stdout: purchasingPower
purchasingPower
Read from stdout: /Users/kthethi/Documents/test/goCart/app/model/User.java:134: cannot find symbol
Read from stdout: symbol:   variable getStatus
Read from stdout: location: class model.User
/Users/kthethi/Documents/test/goCart/app/model/User.java:134: cannot find symbol
  symbol:   variable getStatus
  location: class model.User
Read from stdout: getStatus
getStatus
Read from stdout: /Users/kthethi/Documents/test/goCart/app/model/User.java:135: cannot find symbol
Read from stdout: symbol:   variable getLevel
Read from stdout: location: class model.User
/Users/kthethi/Documents/test/goCart/app/model/User.java:135: cannot find symbol
  symbol:   variable getLevel
  location: class model.User
Read from stdout: getLevel
getLevel
Read from stdout: /Users/kthethi/Documents/test/goCart/app/model/User.java:136: cannot find symbol
Read from stdout: symbol:   variable getSegment
Read from stdout: location: class model.User
/Users/kthethi/Documents/test/goCart/app/model/User.java:136: cannot find symbol
  symbol:   variable getSegment
  location: class model.User
Read from stdout: getSegment
getSegment
Read from stdout: (compile:compileIncremental) javac returned nonzero exit code
(compile:compileIncremental) javac returned nonzero exit code
Total time: 0 s, completed 24 Oct, 2015 10:25:18 PM
> server-post-command-error-handler
> server-post-command-cleanup
> server-handle-next-server-request
> compile
Evaluating tasks: compile:compile
Running task... Cancel: sbt.server.ServerTaskCancellation@518423ae, check cycles: false

Initial source changes: 
	removed:Set()
	added: Set()
	modified: Set(/Users/kthethi/Documents/test/goCart/app/controllers/UserController.java, /Users/kthethi/Documents/test/goCart/app/model/User.java)
Removed products: Set()
External API changes: API Changes: Set()
Modified binary dependencies: Set()
Initial directly invalidated sources: Set(/Users/kthethi/Documents/test/goCart/app/controllers/UserController.java, /Users/kthethi/Documents/test/goCart/app/model/User.java)

Sources indirectly invalidated by:
	product: Set()
	binary dep: Set()
	external source: Set()
All initially invalidated sources: Set(/Users/kthethi/Documents/test/goCart/app/controllers/UserController.java, /Users/kthethi/Documents/test/goCart/app/model/User.java)

Read from stdout: Compiling 2 Java sources to /Users/kthethi/Documents/test/goCart/target/scala-2.10/classes...
Compiling 2 Java sources to /Users/kthethi/Documents/test/goCart/target/scala-2.10/classes...
Attempting to call com.sun.tools.javac.api.JavacTool@680dac91 directly...
Read from stdout: /Users/kthethi/Documents/test/goCart/app/controllers/UserController.java:44: cannot find symbol
Read from stdout: symbol:   class User
Read from stdout: location: class controllers.UserController
/Users/kthethi/Documents/test/goCart/app/controllers/UserController.java:44: cannot find symbol
  symbol:   class User
  location: class controllers.UserController
Read from stdout: User
User
Read from stdout: /Users/kthethi/Documents/test/goCart/app/controllers/UserController.java:44: cannot find symbol
Read from stdout: symbol:   class User
Read from stdout: location: class controllers.UserController
/Users/kthethi/Documents/test/goCart/app/controllers/UserController.java:44: cannot find symbol
  symbol:   class User
  location: class controllers.UserController
Read from stdout: User
User
Read from stdout: /Users/kthethi/Documents/test/goCart/app/controllers/UserController.java:44: cannot find symbol
Read from stdout: symbol:   class Cart
Read from stdout: location: class controllers.UserController
/Users/kthethi/Documents/test/goCart/app/controllers/UserController.java:44: cannot find symbol
  symbol:   class Cart
  location: class controllers.UserController
Read from stdout: Cart
Cart
Read from stdout: /Users/kthethi/Documents/test/goCart/app/controllers/UserController.java:44: java.util.List is abstract; cannot be instantiated
/Users/kthethi/Documents/test/goCart/app/controllers/UserController.java:44: java.util.List is abstract; cannot be instantiated
Read from stdout: new List<Cart>()
new List<Cart>()
Read from stdout: /Users/kthethi/Documents/test/goCart/app/controllers/UserController.java:44: cannot find symbol
Read from stdout: symbol:   variable purchasingPower
Read from stdout: location: class controllers.UserController
/Users/kthethi/Documents/test/goCart/app/controllers/UserController.java:44: cannot find symbol
  symbol:   variable purchasingPower
  location: class controllers.UserController
Read from stdout: purchasingPower
purchasingPower
Read from stdout: /Users/kthethi/Documents/test/goCart/app/controllers/UserController.java:45: cannot find symbol
Read from stdout: symbol:   variable product
Read from stdout: location: class controllers.UserController
/Users/kthethi/Documents/test/goCart/app/controllers/UserController.java:45: cannot find symbol
  symbol:   variable product
  location: class controllers.UserController
Read from stdout: product
product
Read from stdout: /Users/kthethi/Documents/test/goCart/app/controllers/UserController.java:53: cannot find symbol
Read from stdout: symbol:   class User
Read from stdout: location: class controllers.UserController
/Users/kthethi/Documents/test/goCart/app/controllers/UserController.java:53: cannot find symbol
  symbol:   class User
  location: class controllers.UserController
Read from stdout: User
User
Read from stdout: /Users/kthethi/Documents/test/goCart/app/controllers/UserController.java:53: cannot find symbol
Read from stdout: symbol:   class User
Read from stdout: location: class controllers.UserController
/Users/kthethi/Documents/test/goCart/app/controllers/UserController.java:53: cannot find symbol
  symbol:   class User
  location: class controllers.UserController
Read from stdout: User
User
Read from stdout: /Users/kthethi/Documents/test/goCart/app/controllers/UserController.java:53: cannot find symbol
Read from stdout: symbol:   class ObjectId
Read from stdout: location: class controllers.UserController
/Users/kthethi/Documents/test/goCart/app/controllers/UserController.java:53: cannot find symbol
  symbol:   class ObjectId
  location: class controllers.UserController
Read from stdout: ObjectId
ObjectId
Read from stdout: /Users/kthethi/Documents/test/goCart/app/controllers/UserController.java:53: cannot find symbol
Read from stdout: symbol:   variable datastore
Read from stdout: location: class controllers.UserController
/Users/kthethi/Documents/test/goCart/app/controllers/UserController.java:53: cannot find symbol
  symbol:   variable datastore
  location: class controllers.UserController
Read from stdout: datastore
datastore
Read from stdout: /Users/kthethi/Documents/test/goCart/app/model/User.java:32:  java.lang.String cannot be converted to int
/Users/kthethi/Documents/test/goCart/app/model/User.java:32:  java.lang.String cannot be converted to int
Read from stdout: zip
zip
Read from stdout: /Users/kthethi/Documents/test/goCart/app/model/User.java:33: cannot find symbol
Read from stdout: symbol: variable puchaseHistory
/Users/kthethi/Documents/test/goCart/app/model/User.java:33: cannot find symbol
  symbol: variable puchaseHistory
Read from stdout: this.puchaseHistory
this.puchaseHistory
Read from stdout: /Users/kthethi/Documents/test/goCart/app/model/User.java:34:  java.lang.String cannot be converted to long
/Users/kthethi/Documents/test/goCart/app/model/User.java:34:  java.lang.String cannot be converted to long
Read from stdout: purchasingPower
purchasingPower
Read from stdout: /Users/kthethi/Documents/test/goCart/app/model/User.java:134: cannot find symbol
Read from stdout: symbol:   variable getStatus
Read from stdout: location: class model.User
/Users/kthethi/Documents/test/goCart/app/model/User.java:134: cannot find symbol
  symbol:   variable getStatus
  location: class model.User
Read from stdout: getStatus
getStatus
Read from stdout: /Users/kthethi/Documents/test/goCart/app/model/User.java:135: cannot find symbol
Read from stdout: symbol:   variable getLevel
Read from stdout: location: class model.User
/Users/kthethi/Documents/test/goCart/app/model/User.java:135: cannot find symbol
  symbol:   variable getLevel
  location: class model.User
Read from stdout: getLevel
getLevel
Read from stdout: /Users/kthethi/Documents/test/goCart/app/model/User.java:136: cannot find symbol
Read from stdout: symbol:   variable getSegment
Read from stdout: location: class model.User
/Users/kthethi/Documents/test/goCart/app/model/User.java:136: cannot find symbol
  symbol:   variable getSegment
  location: class model.User
Read from stdout: getSegment
getSegment
Read from stdout: (compile:compileIncremental) javac returned nonzero exit code
(compile:compileIncremental) javac returned nonzero exit code
Total time: 0 s, completed 24 Oct, 2015 10:27:38 PM
> server-post-command-error-handler
> server-post-command-cleanup
> server-handle-next-server-request
> compile
Evaluating tasks: compile:compile
Running task... Cancel: sbt.server.ServerTaskCancellation@3d1ea029, check cycles: false

Initial source changes: 
	removed:Set()
	added: Set()
	modified: Set(/Users/kthethi/Documents/test/goCart/app/controllers/UserController.java, /Users/kthethi/Documents/test/goCart/app/model/User.java)
Removed products: Set()
External API changes: API Changes: Set()
Modified binary dependencies: Set()
Initial directly invalidated sources: Set(/Users/kthethi/Documents/test/goCart/app/controllers/UserController.java, /Users/kthethi/Documents/test/goCart/app/model/User.java)

Sources indirectly invalidated by:
	product: Set()
	binary dep: Set()
	external source: Set()
All initially invalidated sources: Set(/Users/kthethi/Documents/test/goCart/app/controllers/UserController.java, /Users/kthethi/Documents/test/goCart/app/model/User.java)

Read from stdout: Compiling 2 Java sources to /Users/kthethi/Documents/test/goCart/target/scala-2.10/classes...
Compiling 2 Java sources to /Users/kthethi/Documents/test/goCart/target/scala-2.10/classes...
Attempting to call com.sun.tools.javac.api.JavacTool@7c681566 directly...
Read from stdout: /Users/kthethi/Documents/test/goCart/app/controllers/UserController.java:46: illegal start of expression
/Users/kthethi/Documents/test/goCart/app/controllers/UserController.java:46: illegal start of expression
Read from stdout: /Users/kthethi/Documents/test/goCart/app/controllers/UserController.java:46: ')' expected
/Users/kthethi/Documents/test/goCart/app/controllers/UserController.java:46: ')' expected
Read from stdout: /Users/kthethi/Documents/test/goCart/app/controllers/UserController.java:46: illegal start of expression
/Users/kthethi/Documents/test/goCart/app/controllers/UserController.java:46: illegal start of expression
Read from stdout: /Users/kthethi/Documents/test/goCart/app/controllers/UserController.java:46: ';' expected
/Users/kthethi/Documents/test/goCart/app/controllers/UserController.java:46: ';' expected
Read from stdout: /Users/kthethi/Documents/test/goCart/app/controllers/UserController.java:46: not a statement
/Users/kthethi/Documents/test/goCart/app/controllers/UserController.java:46: not a statement
Read from stdout: /Users/kthethi/Documents/test/goCart/app/controllers/UserController.java:46: ';' expected
/Users/kthethi/Documents/test/goCart/app/controllers/UserController.java:46: ';' expected
Read from stdout: /Users/kthethi/Documents/test/goCart/app/controllers/UserController.java:46: <identifier> expected
/Users/kthethi/Documents/test/goCart/app/controllers/UserController.java:46: <identifier> expected
Read from stdout: /Users/kthethi/Documents/test/goCart/app/controllers/UserController.java:46: not a statement
/Users/kthethi/Documents/test/goCart/app/controllers/UserController.java:46: not a statement
Read from stdout: /Users/kthethi/Documents/test/goCart/app/controllers/UserController.java:46: ';' expected
/Users/kthethi/Documents/test/goCart/app/controllers/UserController.java:46: ';' expected
Read from stdout: /Users/kthethi/Documents/test/goCart/app/controllers/UserController.java:46: ';' expected
/Users/kthethi/Documents/test/goCart/app/controllers/UserController.java:46: ';' expected
Read from stdout: /Users/kthethi/Documents/test/goCart/app/controllers/UserController.java:46: not a statement
/Users/kthethi/Documents/test/goCart/app/controllers/UserController.java:46: not a statement
Read from stdout: /Users/kthethi/Documents/test/goCart/app/controllers/UserController.java:46: ';' expected
/Users/kthethi/Documents/test/goCart/app/controllers/UserController.java:46: ';' expected
Read from stdout: /Users/kthethi/Documents/test/goCart/app/controllers/UserController.java:46: ';' expected
/Users/kthethi/Documents/test/goCart/app/controllers/UserController.java:46: ';' expected
Read from stdout: /Users/kthethi/Documents/test/goCart/app/controllers/UserController.java:46: not a statement
/Users/kthethi/Documents/test/goCart/app/controllers/UserController.java:46: not a statement
Read from stdout: /Users/kthethi/Documents/test/goCart/app/controllers/UserController.java:46: ';' expected
/Users/kthethi/Documents/test/goCart/app/controllers/UserController.java:46: ';' expected
Read from stdout: /Users/kthethi/Documents/test/goCart/app/controllers/UserController.java:56: illegal start of expression
/Users/kthethi/Documents/test/goCart/app/controllers/UserController.java:56: illegal start of expression
Read from stdout: /Users/kthethi/Documents/test/goCart/app/controllers/UserController.java:56: illegal start of expression
/Users/kthethi/Documents/test/goCart/app/controllers/UserController.java:56: illegal start of expression
Read from stdout: /Users/kthethi/Documents/test/goCart/app/controllers/UserController.java:56: ';' expected
/Users/kthethi/Documents/test/goCart/app/controllers/UserController.java:56: ';' expected
Read from stdout: /Users/kthethi/Documents/test/goCart/app/controllers/UserController.java:56: ')' expected
/Users/kthethi/Documents/test/goCart/app/controllers/UserController.java:56: ')' expected
Read from stdout: /Users/kthethi/Documents/test/goCart/app/controllers/UserController.java:56: illegal start of expression
/Users/kthethi/Documents/test/goCart/app/controllers/UserController.java:56: illegal start of expression
Read from stdout: /Users/kthethi/Documents/test/goCart/app/controllers/UserController.java:56: ';' expected
/Users/kthethi/Documents/test/goCart/app/controllers/UserController.java:56: ';' expected
Read from stdout: (compile:compileIncremental) javac returned nonzero exit code
(compile:compileIncremental) javac returned nonzero exit code
Total time: 0 s, completed 24 Oct, 2015 10:27:50 PM
> server-post-command-error-handler
> server-post-command-cleanup
> server-handle-next-server-request
> compile
Evaluating tasks: compile:compile
Running task... Cancel: sbt.server.ServerTaskCancellation@7787e67f, check cycles: false

Initial source changes: 
	removed:Set()
	added: Set()
	modified: Set(/Users/kthethi/Documents/test/goCart/app/controllers/UserController.java, /Users/kthethi/Documents/test/goCart/app/model/User.java)
Removed products: Set()
External API changes: API Changes: Set()
Modified binary dependencies: Set()
Initial directly invalidated sources: Set(/Users/kthethi/Documents/test/goCart/app/controllers/UserController.java, /Users/kthethi/Documents/test/goCart/app/model/User.java)

Sources indirectly invalidated by:
	product: Set()
	binary dep: Set()
	external source: Set()
All initially invalidated sources: Set(/Users/kthethi/Documents/test/goCart/app/controllers/UserController.java, /Users/kthethi/Documents/test/goCart/app/model/User.java)

Read from stdout: Compiling 2 Java sources to /Users/kthethi/Documents/test/goCart/target/scala-2.10/classes...
Compiling 2 Java sources to /Users/kthethi/Documents/test/goCart/target/scala-2.10/classes...
Attempting to call com.sun.tools.javac.api.JavacTool@39c25d7c directly...
Read from stdout: /Users/kthethi/Documents/test/goCart/app/controllers/UserController.java:46: illegal start of expression
/Users/kthethi/Documents/test/goCart/app/controllers/UserController.java:46: illegal start of expression
Read from stdout: /Users/kthethi/Documents/test/goCart/app/controllers/UserController.java:46: ')' expected
/Users/kthethi/Documents/test/goCart/app/controllers/UserController.java:46: ')' expected
Read from stdout: /Users/kthethi/Documents/test/goCart/app/controllers/UserController.java:46: illegal start of expression
/Users/kthethi/Documents/test/goCart/app/controllers/UserController.java:46: illegal start of expression
Read from stdout: /Users/kthethi/Documents/test/goCart/app/controllers/UserController.java:46: ';' expected
/Users/kthethi/Documents/test/goCart/app/controllers/UserController.java:46: ';' expected
Read from stdout: /Users/kthethi/Documents/test/goCart/app/controllers/UserController.java:46: not a statement
/Users/kthethi/Documents/test/goCart/app/controllers/UserController.java:46: not a statement
Read from stdout: /Users/kthethi/Documents/test/goCart/app/controllers/UserController.java:46: ';' expected
/Users/kthethi/Documents/test/goCart/app/controllers/UserController.java:46: ';' expected
Read from stdout: /Users/kthethi/Documents/test/goCart/app/controllers/UserController.java:46: <identifier> expected
/Users/kthethi/Documents/test/goCart/app/controllers/UserController.java:46: <identifier> expected
Read from stdout: /Users/kthethi/Documents/test/goCart/app/controllers/UserController.java:46: not a statement
/Users/kthethi/Documents/test/goCart/app/controllers/UserController.java:46: not a statement
Read from stdout: /Users/kthethi/Documents/test/goCart/app/controllers/UserController.java:46: ';' expected
/Users/kthethi/Documents/test/goCart/app/controllers/UserController.java:46: ';' expected
Read from stdout: /Users/kthethi/Documents/test/goCart/app/controllers/UserController.java:46: ';' expected
/Users/kthethi/Documents/test/goCart/app/controllers/UserController.java:46: ';' expected
Read from stdout: /Users/kthethi/Documents/test/goCart/app/controllers/UserController.java:46: not a statement
/Users/kthethi/Documents/test/goCart/app/controllers/UserController.java:46: not a statement
Read from stdout: /Users/kthethi/Documents/test/goCart/app/controllers/UserController.java:46: ';' expected
/Users/kthethi/Documents/test/goCart/app/controllers/UserController.java:46: ';' expected
Read from stdout: /Users/kthethi/Documents/test/goCart/app/controllers/UserController.java:46: ';' expected
/Users/kthethi/Documents/test/goCart/app/controllers/UserController.java:46: ';' expected
Read from stdout: /Users/kthethi/Documents/test/goCart/app/controllers/UserController.java:46: not a statement
/Users/kthethi/Documents/test/goCart/app/controllers/UserController.java:46: not a statement
Read from stdout: /Users/kthethi/Documents/test/goCart/app/controllers/UserController.java:46: ';' expected
/Users/kthethi/Documents/test/goCart/app/controllers/UserController.java:46: ';' expected
Read from stdout: /Users/kthethi/Documents/test/goCart/app/controllers/UserController.java:56: illegal start of expression
/Users/kthethi/Documents/test/goCart/app/controllers/UserController.java:56: illegal start of expression
Read from stdout: /Users/kthethi/Documents/test/goCart/app/controllers/UserController.java:56: illegal start of expression
/Users/kthethi/Documents/test/goCart/app/controllers/UserController.java:56: illegal start of expression
Read from stdout: /Users/kthethi/Documents/test/goCart/app/controllers/UserController.java:56: ';' expected
/Users/kthethi/Documents/test/goCart/app/controllers/UserController.java:56: ';' expected
Read from stdout: /Users/kthethi/Documents/test/goCart/app/controllers/UserController.java:56: ')' expected
/Users/kthethi/Documents/test/goCart/app/controllers/UserController.java:56: ')' expected
Read from stdout: /Users/kthethi/Documents/test/goCart/app/controllers/UserController.java:56: illegal start of expression
/Users/kthethi/Documents/test/goCart/app/controllers/UserController.java:56: illegal start of expression
Read from stdout: /Users/kthethi/Documents/test/goCart/app/controllers/UserController.java:56: ';' expected
/Users/kthethi/Documents/test/goCart/app/controllers/UserController.java:56: ';' expected
Read from stdout: (compile:compileIncremental) javac returned nonzero exit code
(compile:compileIncremental) javac returned nonzero exit code
Total time: 0 s, completed 24 Oct, 2015 10:28:36 PM
> server-post-command-error-handler
> server-post-command-cleanup
> server-handle-next-server-request
> compile
Evaluating tasks: compile:compile
Running task... Cancel: sbt.server.ServerTaskCancellation@3eba2ecc, check cycles: false

Initial source changes: 
	removed:Set()
	added: Set()
	modified: Set(/Users/kthethi/Documents/test/goCart/app/controllers/UserController.java, /Users/kthethi/Documents/test/goCart/app/model/User.java)
Removed products: Set()
External API changes: API Changes: Set()
Modified binary dependencies: Set()
Initial directly invalidated sources: Set(/Users/kthethi/Documents/test/goCart/app/controllers/UserController.java, /Users/kthethi/Documents/test/goCart/app/model/User.java)

Sources indirectly invalidated by:
	product: Set()
	binary dep: Set()
	external source: Set()
All initially invalidated sources: Set(/Users/kthethi/Documents/test/goCart/app/controllers/UserController.java, /Users/kthethi/Documents/test/goCart/app/model/User.java)

Read from stdout: Compiling 2 Java sources to /Users/kthethi/Documents/test/goCart/target/scala-2.10/classes...
Compiling 2 Java sources to /Users/kthethi/Documents/test/goCart/target/scala-2.10/classes...
Attempting to call com.sun.tools.javac.api.JavacTool@11f40c02 directly...
Read from stdout: /Users/kthethi/Documents/test/goCart/app/controllers/UserController.java:36: method safeIntFromJson in class util.Utils cannot be applied to given types;
Read from stdout: required: com.fasterxml.jackson.databind.JsonNode,java.lang.String,int
Read from stdout: found: com.fasterxml.jackson.databind.JsonNode,java.lang.String
Read from stdout: reason: actual and formal argument lists differ in length
/Users/kthethi/Documents/test/goCart/app/controllers/UserController.java:36: method safeIntFromJson in class util.Utils cannot be applied to given types;
  required: com.fasterxml.jackson.databind.JsonNode,java.lang.String,int
  found: com.fasterxml.jackson.databind.JsonNode,java.lang.String
  reason: actual and formal argument lists differ in length
Read from stdout: Utils.safeIntFromJson
Utils.safeIntFromJson
Read from stdout: /Users/kthethi/Documents/test/goCart/app/controllers/UserController.java:43:  long cannot be converted to java.lang.String
/Users/kthethi/Documents/test/goCart/app/controllers/UserController.java:43:  long cannot be converted to java.lang.String
Read from stdout: Utils.safeLongFromJson(jsonReq, "segment")
Utils.safeLongFromJson(jsonReq, "segment")
Read from stdout: /Users/kthethi/Documents/test/goCart/app/controllers/UserController.java:46: cannot find symbol
Read from stdout: symbol:   class User
Read from stdout: location: class controllers.UserController
/Users/kthethi/Documents/test/goCart/app/controllers/UserController.java:46: cannot find symbol
  symbol:   class User
  location: class controllers.UserController
Read from stdout: User
User
Read from stdout: /Users/kthethi/Documents/test/goCart/app/controllers/UserController.java:46: cannot find symbol
Read from stdout: symbol:   class User
Read from stdout: location: class controllers.UserController
/Users/kthethi/Documents/test/goCart/app/controllers/UserController.java:46: cannot find symbol
  symbol:   class User
  location: class controllers.UserController
Read from stdout: User
User
Read from stdout: /Users/kthethi/Documents/test/goCart/app/controllers/UserController.java:46: cannot find symbol
Read from stdout: symbol:   class Cart
Read from stdout: location: class controllers.UserController
/Users/kthethi/Documents/test/goCart/app/controllers/UserController.java:46: cannot find symbol
  symbol:   class Cart
  location: class controllers.UserController
Read from stdout: Cart
Cart
Read from stdout: /Users/kthethi/Documents/test/goCart/app/controllers/UserController.java:46: java.util.List is abstract; cannot be instantiated
/Users/kthethi/Documents/test/goCart/app/controllers/UserController.java:46: java.util.List is abstract; cannot be instantiated
Read from stdout: new List<Cart>()
new List<Cart>()
Read from stdout: /Users/kthethi/Documents/test/goCart/app/controllers/UserController.java:46: cannot find symbol
Read from stdout: symbol:   variable purchasingPower
Read from stdout: location: class controllers.UserController
/Users/kthethi/Documents/test/goCart/app/controllers/UserController.java:46: cannot find symbol
  symbol:   variable purchasingPower
  location: class controllers.UserController
Read from stdout: purchasingPower
purchasingPower
Read from stdout: /Users/kthethi/Documents/test/goCart/app/controllers/UserController.java:47: cannot find symbol
Read from stdout: symbol:   variable product
Read from stdout: location: class controllers.UserController
/Users/kthethi/Documents/test/goCart/app/controllers/UserController.java:47: cannot find symbol
  symbol:   variable product
  location: class controllers.UserController
Read from stdout: product
product
Read from stdout: /Users/kthethi/Documents/test/goCart/app/controllers/UserController.java:55: cannot find symbol
Read from stdout: symbol:   class User
Read from stdout: location: class controllers.UserController
/Users/kthethi/Documents/test/goCart/app/controllers/UserController.java:55: cannot find symbol
  symbol:   class User
  location: class controllers.UserController
Read from stdout: User
User
Read from stdout: /Users/kthethi/Documents/test/goCart/app/controllers/UserController.java:55: cannot find symbol
Read from stdout: symbol:   class User
Read from stdout: location: class controllers.UserController
/Users/kthethi/Documents/test/goCart/app/controllers/UserController.java:55: cannot find symbol
  symbol:   class User
  location: class controllers.UserController
Read from stdout: User
User
Read from stdout: /Users/kthethi/Documents/test/goCart/app/controllers/UserController.java:55: cannot find symbol
Read from stdout: symbol:   class ObjectId
Read from stdout: location: class controllers.UserController
/Users/kthethi/Documents/test/goCart/app/controllers/UserController.java:55: cannot find symbol
  symbol:   class ObjectId
  location: class controllers.UserController
Read from stdout: ObjectId
ObjectId
Read from stdout: /Users/kthethi/Documents/test/goCart/app/controllers/UserController.java:55: cannot find symbol
Read from stdout: symbol:   variable datastore
Read from stdout: location: class controllers.UserController
/Users/kthethi/Documents/test/goCart/app/controllers/UserController.java:55: cannot find symbol
  symbol:   variable datastore
  location: class controllers.UserController
Read from stdout: datastore
datastore
Read from stdout: (compile:compileIncremental) javac returned nonzero exit code
(compile:compileIncremental) javac returned nonzero exit code
Total time: 0 s, completed 24 Oct, 2015 10:28:55 PM
> server-post-command-error-handler
> server-post-command-cleanup
> server-handle-next-server-request
> compile
Evaluating tasks: compile:compile
Running task... Cancel: sbt.server.ServerTaskCancellation@316eb874, check cycles: false

Initial source changes: 
	removed:Set()
	added: Set()
	modified: Set(/Users/kthethi/Documents/test/goCart/app/controllers/UserController.java, /Users/kthethi/Documents/test/goCart/app/model/User.java)
Removed products: Set()
External API changes: API Changes: Set()
Modified binary dependencies: Set()
Initial directly invalidated sources: Set(/Users/kthethi/Documents/test/goCart/app/controllers/UserController.java, /Users/kthethi/Documents/test/goCart/app/model/User.java)

Sources indirectly invalidated by:
	product: Set()
	binary dep: Set()
	external source: Set()
All initially invalidated sources: Set(/Users/kthethi/Documents/test/goCart/app/controllers/UserController.java, /Users/kthethi/Documents/test/goCart/app/model/User.java)

Read from stdout: Compiling 2 Java sources to /Users/kthethi/Documents/test/goCart/target/scala-2.10/classes...
Compiling 2 Java sources to /Users/kthethi/Documents/test/goCart/target/scala-2.10/classes...
Attempting to call com.sun.tools.javac.api.JavacTool@3b6ba26b directly...
Read from stdout: /Users/kthethi/Documents/test/goCart/app/controllers/UserController.java:36: method safeIntFromJson in class util.Utils cannot be applied to given types;
Read from stdout: required: com.fasterxml.jackson.databind.JsonNode,java.lang.String,int
Read from stdout: found: com.fasterxml.jackson.databind.JsonNode,java.lang.String
Read from stdout: reason: actual and formal argument lists differ in length
/Users/kthethi/Documents/test/goCart/app/controllers/UserController.java:36: method safeIntFromJson in class util.Utils cannot be applied to given types;
  required: com.fasterxml.jackson.databind.JsonNode,java.lang.String,int
  found: com.fasterxml.jackson.databind.JsonNode,java.lang.String
  reason: actual and formal argument lists differ in length
Read from stdout: Utils.safeIntFromJson
Utils.safeIntFromJson
Read from stdout: /Users/kthethi/Documents/test/goCart/app/controllers/UserController.java:43:  long cannot be converted to java.lang.String
/Users/kthethi/Documents/test/goCart/app/controllers/UserController.java:43:  long cannot be converted to java.lang.String
Read from stdout: Utils.safeLongFromJson(jsonReq, "segment")
Utils.safeLongFromJson(jsonReq, "segment")
Read from stdout: /Users/kthethi/Documents/test/goCart/app/controllers/UserController.java:46: cannot find symbol
Read from stdout: symbol:   class User
Read from stdout: location: class controllers.UserController
/Users/kthethi/Documents/test/goCart/app/controllers/UserController.java:46: cannot find symbol
  symbol:   class User
  location: class controllers.UserController
Read from stdout: User
User
Read from stdout: /Users/kthethi/Documents/test/goCart/app/controllers/UserController.java:46: cannot find symbol
Read from stdout: symbol:   class User
Read from stdout: location: class controllers.UserController
/Users/kthethi/Documents/test/goCart/app/controllers/UserController.java:46: cannot find symbol
  symbol:   class User
  location: class controllers.UserController
Read from stdout: User
User
Read from stdout: /Users/kthethi/Documents/test/goCart/app/controllers/UserController.java:46: cannot find symbol
Read from stdout: symbol:   class Cart
Read from stdout: location: class controllers.UserController
/Users/kthethi/Documents/test/goCart/app/controllers/UserController.java:46: cannot find symbol
  symbol:   class Cart
  location: class controllers.UserController
Read from stdout: Cart
Cart
Read from stdout: /Users/kthethi/Documents/test/goCart/app/controllers/UserController.java:46: java.util.List is abstract; cannot be instantiated
/Users/kthethi/Documents/test/goCart/app/controllers/UserController.java:46: java.util.List is abstract; cannot be instantiated
Read from stdout: new List<Cart>()
new List<Cart>()
Read from stdout: /Users/kthethi/Documents/test/goCart/app/controllers/UserController.java:46: cannot find symbol
Read from stdout: symbol:   variable purchasingPower
Read from stdout: location: class controllers.UserController
/Users/kthethi/Documents/test/goCart/app/controllers/UserController.java:46: cannot find symbol
  symbol:   variable purchasingPower
  location: class controllers.UserController
Read from stdout: purchasingPower
purchasingPower
Read from stdout: /Users/kthethi/Documents/test/goCart/app/controllers/UserController.java:47: cannot find symbol
Read from stdout: symbol:   variable product
Read from stdout: location: class controllers.UserController
/Users/kthethi/Documents/test/goCart/app/controllers/UserController.java:47: cannot find symbol
  symbol:   variable product
  location: class controllers.UserController
Read from stdout: product
product
Read from stdout: /Users/kthethi/Documents/test/goCart/app/controllers/UserController.java:55: cannot find symbol
Read from stdout: symbol:   class User
Read from stdout: location: class controllers.UserController
/Users/kthethi/Documents/test/goCart/app/controllers/UserController.java:55: cannot find symbol
  symbol:   class User
  location: class controllers.UserController
Read from stdout: User
User
Read from stdout: /Users/kthethi/Documents/test/goCart/app/controllers/UserController.java:55: cannot find symbol
Read from stdout: symbol:   class User
Read from stdout: location: class controllers.UserController
/Users/kthethi/Documents/test/goCart/app/controllers/UserController.java:55: cannot find symbol
  symbol:   class User
  location: class controllers.UserController
Read from stdout: User
User
Read from stdout: /Users/kthethi/Documents/test/goCart/app/controllers/UserController.java:55: cannot find symbol
Read from stdout: symbol:   class ObjectId
Read from stdout: location: class controllers.UserController
/Users/kthethi/Documents/test/goCart/app/controllers/UserController.java:55: cannot find symbol
  symbol:   class ObjectId
  location: class controllers.UserController
Read from stdout: ObjectId
ObjectId
Read from stdout: /Users/kthethi/Documents/test/goCart/app/controllers/UserController.java:55: cannot find symbol
Read from stdout: symbol:   variable datastore
Read from stdout: location: class controllers.UserController
/Users/kthethi/Documents/test/goCart/app/controllers/UserController.java:55: cannot find symbol
  symbol:   variable datastore
  location: class controllers.UserController
Read from stdout: datastore
datastore
Read from stdout: (compile:compileIncremental) javac returned nonzero exit code
(compile:compileIncremental) javac returned nonzero exit code
Total time: 0 s, completed 24 Oct, 2015 10:29:44 PM
> server-post-command-error-handler
> server-post-command-cleanup
> server-handle-next-server-request
> compile
Evaluating tasks: compile:compile
Running task... Cancel: sbt.server.ServerTaskCancellation@351c77b3, check cycles: false

Initial source changes: 
	removed:Set()
	added: Set()
	modified: Set(/Users/kthethi/Documents/test/goCart/app/controllers/UserController.java, /Users/kthethi/Documents/test/goCart/app/model/User.java)
Removed products: Set()
External API changes: API Changes: Set()
Modified binary dependencies: Set()
Initial directly invalidated sources: Set(/Users/kthethi/Documents/test/goCart/app/controllers/UserController.java, /Users/kthethi/Documents/test/goCart/app/model/User.java)

Sources indirectly invalidated by:
	product: Set()
	binary dep: Set()
	external source: Set()
All initially invalidated sources: Set(/Users/kthethi/Documents/test/goCart/app/controllers/UserController.java, /Users/kthethi/Documents/test/goCart/app/model/User.java)

Read from stdout: Compiling 2 Java sources to /Users/kthethi/Documents/test/goCart/target/scala-2.10/classes...
Compiling 2 Java sources to /Users/kthethi/Documents/test/goCart/target/scala-2.10/classes...
Attempting to call com.sun.tools.javac.api.JavacTool@29560530 directly...
Read from stdout: /Users/kthethi/Documents/test/goCart/app/controllers/UserController.java:43:  long cannot be converted to java.lang.String
/Users/kthethi/Documents/test/goCart/app/controllers/UserController.java:43:  long cannot be converted to java.lang.String
Read from stdout: Utils.safeLongFromJson(jsonReq, "segment")
Utils.safeLongFromJson(jsonReq, "segment")
Read from stdout: /Users/kthethi/Documents/test/goCart/app/controllers/UserController.java:46: cannot find symbol
Read from stdout: symbol:   class User
Read from stdout: location: class controllers.UserController
/Users/kthethi/Documents/test/goCart/app/controllers/UserController.java:46: cannot find symbol
  symbol:   class User
  location: class controllers.UserController
Read from stdout: User
User
Read from stdout: /Users/kthethi/Documents/test/goCart/app/controllers/UserController.java:46: cannot find symbol
Read from stdout: symbol:   class User
Read from stdout: location: class controllers.UserController
/Users/kthethi/Documents/test/goCart/app/controllers/UserController.java:46: cannot find symbol
  symbol:   class User
  location: class controllers.UserController
Read from stdout: User
User
Read from stdout: /Users/kthethi/Documents/test/goCart/app/controllers/UserController.java:46: cannot find symbol
Read from stdout: symbol:   class Cart
Read from stdout: location: class controllers.UserController
/Users/kthethi/Documents/test/goCart/app/controllers/UserController.java:46: cannot find symbol
  symbol:   class Cart
  location: class controllers.UserController
Read from stdout: Cart
Cart
Read from stdout: /Users/kthethi/Documents/test/goCart/app/controllers/UserController.java:46: java.util.List is abstract; cannot be instantiated
/Users/kthethi/Documents/test/goCart/app/controllers/UserController.java:46: java.util.List is abstract; cannot be instantiated
Read from stdout: new List<Cart>()
new List<Cart>()
Read from stdout: /Users/kthethi/Documents/test/goCart/app/controllers/UserController.java:46: cannot find symbol
Read from stdout: symbol:   variable purchasingPower
Read from stdout: location: class controllers.UserController
/Users/kthethi/Documents/test/goCart/app/controllers/UserController.java:46: cannot find symbol
  symbol:   variable purchasingPower
  location: class controllers.UserController
Read from stdout: purchasingPower
purchasingPower
Read from stdout: /Users/kthethi/Documents/test/goCart/app/controllers/UserController.java:47: cannot find symbol
Read from stdout: symbol:   variable product
Read from stdout: location: class controllers.UserController
/Users/kthethi/Documents/test/goCart/app/controllers/UserController.java:47: cannot find symbol
  symbol:   variable product
  location: class controllers.UserController
Read from stdout: product
product
Read from stdout: /Users/kthethi/Documents/test/goCart/app/controllers/UserController.java:55: cannot find symbol
Read from stdout: symbol:   class User
Read from stdout: location: class controllers.UserController
/Users/kthethi/Documents/test/goCart/app/controllers/UserController.java:55: cannot find symbol
  symbol:   class User
  location: class controllers.UserController
Read from stdout: User
User
Read from stdout: /Users/kthethi/Documents/test/goCart/app/controllers/UserController.java:55: cannot find symbol
Read from stdout: symbol:   class User
Read from stdout: location: class controllers.UserController
/Users/kthethi/Documents/test/goCart/app/controllers/UserController.java:55: cannot find symbol
  symbol:   class User
  location: class controllers.UserController
Read from stdout: User
User
Read from stdout: /Users/kthethi/Documents/test/goCart/app/controllers/UserController.java:55: cannot find symbol
Read from stdout: symbol:   class ObjectId
Read from stdout: location: class controllers.UserController
/Users/kthethi/Documents/test/goCart/app/controllers/UserController.java:55: cannot find symbol
  symbol:   class ObjectId
  location: class controllers.UserController
Read from stdout: ObjectId
ObjectId
Read from stdout: /Users/kthethi/Documents/test/goCart/app/controllers/UserController.java:55: cannot find symbol
Read from stdout: symbol:   variable datastore
Read from stdout: location: class controllers.UserController
/Users/kthethi/Documents/test/goCart/app/controllers/UserController.java:55: cannot find symbol
  symbol:   variable datastore
  location: class controllers.UserController
Read from stdout: datastore
datastore
Read from stdout: (compile:compileIncremental) javac returned nonzero exit code
(compile:compileIncremental) javac returned nonzero exit code
Total time: 0 s, completed 24 Oct, 2015 10:30:24 PM
> server-post-command-error-handler
> server-post-command-cleanup
> server-handle-next-server-request
> compile
Evaluating tasks: compile:compile
Running task... Cancel: sbt.server.ServerTaskCancellation@763e7124, check cycles: false

Initial source changes: 
	removed:Set()
	added: Set()
	modified: Set(/Users/kthethi/Documents/test/goCart/app/controllers/UserController.java, /Users/kthethi/Documents/test/goCart/app/model/User.java)
Removed products: Set()
External API changes: API Changes: Set()
Modified binary dependencies: Set()
Initial directly invalidated sources: Set(/Users/kthethi/Documents/test/goCart/app/controllers/UserController.java, /Users/kthethi/Documents/test/goCart/app/model/User.java)

Sources indirectly invalidated by:
	product: Set()
	binary dep: Set()
	external source: Set()
All initially invalidated sources: Set(/Users/kthethi/Documents/test/goCart/app/controllers/UserController.java, /Users/kthethi/Documents/test/goCart/app/model/User.java)

Read from stdout: Compiling 2 Java sources to /Users/kthethi/Documents/test/goCart/target/scala-2.10/classes...
Compiling 2 Java sources to /Users/kthethi/Documents/test/goCart/target/scala-2.10/classes...
Attempting to call com.sun.tools.javac.api.JavacTool@379cfb4a directly...
Read from stdout: /Users/kthethi/Documents/test/goCart/app/controllers/UserController.java:43:  long cannot be converted to java.lang.String
/Users/kthethi/Documents/test/goCart/app/controllers/UserController.java:43:  long cannot be converted to java.lang.String
Read from stdout: Utils.safeLongFromJson(jsonReq, "segment")
Utils.safeLongFromJson(jsonReq, "segment")
Read from stdout: /Users/kthethi/Documents/test/goCart/app/controllers/UserController.java:46: cannot find symbol
Read from stdout: symbol:   class User
Read from stdout: location: class controllers.UserController
/Users/kthethi/Documents/test/goCart/app/controllers/UserController.java:46: cannot find symbol
  symbol:   class User
  location: class controllers.UserController
Read from stdout: User
User
Read from stdout: /Users/kthethi/Documents/test/goCart/app/controllers/UserController.java:46: cannot find symbol
Read from stdout: symbol:   class User
Read from stdout: location: class controllers.UserController
/Users/kthethi/Documents/test/goCart/app/controllers/UserController.java:46: cannot find symbol
  symbol:   class User
  location: class controllers.UserController
Read from stdout: User
User
Read from stdout: /Users/kthethi/Documents/test/goCart/app/controllers/UserController.java:46: cannot find symbol
Read from stdout: symbol:   class Cart
Read from stdout: location: class controllers.UserController
/Users/kthethi/Documents/test/goCart/app/controllers/UserController.java:46: cannot find symbol
  symbol:   class Cart
  location: class controllers.UserController
Read from stdout: Cart
Cart
Read from stdout: /Users/kthethi/Documents/test/goCart/app/controllers/UserController.java:46: java.util.List is abstract; cannot be instantiated
/Users/kthethi/Documents/test/goCart/app/controllers/UserController.java:46: java.util.List is abstract; cannot be instantiated
Read from stdout: new List<Cart>()
new List<Cart>()
Read from stdout: /Users/kthethi/Documents/test/goCart/app/controllers/UserController.java:46: cannot find symbol
Read from stdout: symbol:   variable purchasingPower
Read from stdout: location: class controllers.UserController
/Users/kthethi/Documents/test/goCart/app/controllers/UserController.java:46: cannot find symbol
  symbol:   variable purchasingPower
  location: class controllers.UserController
Read from stdout: purchasingPower
purchasingPower
Read from stdout: /Users/kthethi/Documents/test/goCart/app/controllers/UserController.java:47: cannot find symbol
Read from stdout: symbol:   variable product
Read from stdout: location: class controllers.UserController
/Users/kthethi/Documents/test/goCart/app/controllers/UserController.java:47: cannot find symbol
  symbol:   variable product
  location: class controllers.UserController
Read from stdout: product
product
Read from stdout: /Users/kthethi/Documents/test/goCart/app/controllers/UserController.java:55: cannot find symbol
Read from stdout: symbol:   class User
Read from stdout: location: class controllers.UserController
/Users/kthethi/Documents/test/goCart/app/controllers/UserController.java:55: cannot find symbol
  symbol:   class User
  location: class controllers.UserController
Read from stdout: User
User
Read from stdout: /Users/kthethi/Documents/test/goCart/app/controllers/UserController.java:55: cannot find symbol
Read from stdout: symbol:   class User
Read from stdout: location: class controllers.UserController
/Users/kthethi/Documents/test/goCart/app/controllers/UserController.java:55: cannot find symbol
  symbol:   class User
  location: class controllers.UserController
Read from stdout: User
User
Read from stdout: /Users/kthethi/Documents/test/goCart/app/controllers/UserController.java:55: cannot find symbol
Read from stdout: symbol:   class ObjectId
Read from stdout: location: class controllers.UserController
/Users/kthethi/Documents/test/goCart/app/controllers/UserController.java:55: cannot find symbol
  symbol:   class ObjectId
  location: class controllers.UserController
Read from stdout: ObjectId
ObjectId
Read from stdout: /Users/kthethi/Documents/test/goCart/app/controllers/UserController.java:55: cannot find symbol
Read from stdout: symbol:   variable datastore
Read from stdout: location: class controllers.UserController
/Users/kthethi/Documents/test/goCart/app/controllers/UserController.java:55: cannot find symbol
  symbol:   variable datastore
  location: class controllers.UserController
Read from stdout: datastore
datastore
Read from stdout: (compile:compileIncremental) javac returned nonzero exit code
(compile:compileIncremental) javac returned nonzero exit code
Total time: 0 s, completed 24 Oct, 2015 10:30:35 PM
> server-post-command-error-handler
> server-post-command-cleanup
> server-handle-next-server-request
> compile
Evaluating tasks: compile:compile
Running task... Cancel: sbt.server.ServerTaskCancellation@17383997, check cycles: false

Initial source changes: 
	removed:Set()
	added: Set()
	modified: Set(/Users/kthethi/Documents/test/goCart/app/controllers/UserController.java, /Users/kthethi/Documents/test/goCart/app/model/User.java)
Removed products: Set()
External API changes: API Changes: Set()
Modified binary dependencies: Set()
Initial directly invalidated sources: Set(/Users/kthethi/Documents/test/goCart/app/controllers/UserController.java, /Users/kthethi/Documents/test/goCart/app/model/User.java)

Sources indirectly invalidated by:
	product: Set()
	binary dep: Set()
	external source: Set()
All initially invalidated sources: Set(/Users/kthethi/Documents/test/goCart/app/controllers/UserController.java, /Users/kthethi/Documents/test/goCart/app/model/User.java)

Read from stdout: Compiling 2 Java sources to /Users/kthethi/Documents/test/goCart/target/scala-2.10/classes...
Compiling 2 Java sources to /Users/kthethi/Documents/test/goCart/target/scala-2.10/classes...
Attempting to call com.sun.tools.javac.api.JavacTool@51625f59 directly...
Read from stdout: /Users/kthethi/Documents/test/goCart/app/controllers/UserController.java:46: cannot find symbol
Read from stdout: symbol:   class User
Read from stdout: location: class controllers.UserController
/Users/kthethi/Documents/test/goCart/app/controllers/UserController.java:46: cannot find symbol
  symbol:   class User
  location: class controllers.UserController
Read from stdout: User
User
Read from stdout: /Users/kthethi/Documents/test/goCart/app/controllers/UserController.java:46: cannot find symbol
Read from stdout: symbol:   class User
Read from stdout: location: class controllers.UserController
/Users/kthethi/Documents/test/goCart/app/controllers/UserController.java:46: cannot find symbol
  symbol:   class User
  location: class controllers.UserController
Read from stdout: User
User
Read from stdout: /Users/kthethi/Documents/test/goCart/app/controllers/UserController.java:46: cannot find symbol
Read from stdout: symbol:   class Cart
Read from stdout: location: class controllers.UserController
/Users/kthethi/Documents/test/goCart/app/controllers/UserController.java:46: cannot find symbol
  symbol:   class Cart
  location: class controllers.UserController
Read from stdout: Cart
Cart
Read from stdout: /Users/kthethi/Documents/test/goCart/app/controllers/UserController.java:46: java.util.List is abstract; cannot be instantiated
/Users/kthethi/Documents/test/goCart/app/controllers/UserController.java:46: java.util.List is abstract; cannot be instantiated
Read from stdout: new List<Cart>()
new List<Cart>()
Read from stdout: /Users/kthethi/Documents/test/goCart/app/controllers/UserController.java:46: cannot find symbol
Read from stdout: symbol:   variable purchasingPower
Read from stdout: location: class controllers.UserController
/Users/kthethi/Documents/test/goCart/app/controllers/UserController.java:46: cannot find symbol
  symbol:   variable purchasingPower
  location: class controllers.UserController
Read from stdout: purchasingPower
purchasingPower
Read from stdout: /Users/kthethi/Documents/test/goCart/app/controllers/UserController.java:47: cannot find symbol
Read from stdout: symbol:   variable product
Read from stdout: location: class controllers.UserController
/Users/kthethi/Documents/test/goCart/app/controllers/UserController.java:47: cannot find symbol
  symbol:   variable product
  location: class controllers.UserController
Read from stdout: product
product
Read from stdout: /Users/kthethi/Documents/test/goCart/app/controllers/UserController.java:55: cannot find symbol
Read from stdout: symbol:   class User
Read from stdout: location: class controllers.UserController
/Users/kthethi/Documents/test/goCart/app/controllers/UserController.java:55: cannot find symbol
  symbol:   class User
  location: class controllers.UserController
Read from stdout: User
User
Read from stdout: /Users/kthethi/Documents/test/goCart/app/controllers/UserController.java:55: cannot find symbol
Read from stdout: symbol:   class User
Read from stdout: location: class controllers.UserController
/Users/kthethi/Documents/test/goCart/app/controllers/UserController.java:55: cannot find symbol
  symbol:   class User
  location: class controllers.UserController
Read from stdout: User
User
Read from stdout: /Users/kthethi/Documents/test/goCart/app/controllers/UserController.java:55: cannot find symbol
Read from stdout: symbol:   class ObjectId
Read from stdout: location: class controllers.UserController
/Users/kthethi/Documents/test/goCart/app/controllers/UserController.java:55: cannot find symbol
  symbol:   class ObjectId
  location: class controllers.UserController
Read from stdout: ObjectId
ObjectId
Read from stdout: /Users/kthethi/Documents/test/goCart/app/controllers/UserController.java:55: cannot find symbol
Read from stdout: symbol:   variable datastore
Read from stdout: location: class controllers.UserController
/Users/kthethi/Documents/test/goCart/app/controllers/UserController.java:55: cannot find symbol
  symbol:   variable datastore
  location: class controllers.UserController
Read from stdout: datastore
datastore
Read from stdout: (compile:compileIncremental) javac returned nonzero exit code
(compile:compileIncremental) javac returned nonzero exit code
Total time: 0 s, completed 24 Oct, 2015 10:30:38 PM
> server-post-command-error-handler
> server-post-command-cleanup
> server-handle-next-server-request
> compile
Evaluating tasks: compile:compile
Running task... Cancel: sbt.server.ServerTaskCancellation@32652a98, check cycles: false

Initial source changes: 
	removed:Set()
	added: Set()
	modified: Set(/Users/kthethi/Documents/test/goCart/app/controllers/UserController.java, /Users/kthethi/Documents/test/goCart/app/model/User.java)
Removed products: Set()
External API changes: API Changes: Set()
Modified binary dependencies: Set()
Initial directly invalidated sources: Set(/Users/kthethi/Documents/test/goCart/app/controllers/UserController.java, /Users/kthethi/Documents/test/goCart/app/model/User.java)

Sources indirectly invalidated by:
	product: Set()
	binary dep: Set()
	external source: Set()
All initially invalidated sources: Set(/Users/kthethi/Documents/test/goCart/app/controllers/UserController.java, /Users/kthethi/Documents/test/goCart/app/model/User.java)

Read from stdout: Compiling 2 Java sources to /Users/kthethi/Documents/test/goCart/target/scala-2.10/classes...
Compiling 2 Java sources to /Users/kthethi/Documents/test/goCart/target/scala-2.10/classes...
Attempting to call com.sun.tools.javac.api.JavacTool@182e6d4f directly...
Read from stdout: /Users/kthethi/Documents/test/goCart/app/controllers/UserController.java:46: cannot find symbol
Read from stdout: symbol:   class User
Read from stdout: location: class controllers.UserController
/Users/kthethi/Documents/test/goCart/app/controllers/UserController.java:46: cannot find symbol
  symbol:   class User
  location: class controllers.UserController
Read from stdout: User
User
Read from stdout: /Users/kthethi/Documents/test/goCart/app/controllers/UserController.java:46: cannot find symbol
Read from stdout: symbol:   class User
Read from stdout: location: class controllers.UserController
/Users/kthethi/Documents/test/goCart/app/controllers/UserController.java:46: cannot find symbol
  symbol:   class User
  location: class controllers.UserController
Read from stdout: User
User
Read from stdout: /Users/kthethi/Documents/test/goCart/app/controllers/UserController.java:46: cannot find symbol
Read from stdout: symbol:   class Cart
Read from stdout: location: class controllers.UserController
/Users/kthethi/Documents/test/goCart/app/controllers/UserController.java:46: cannot find symbol
  symbol:   class Cart
  location: class controllers.UserController
Read from stdout: Cart
Cart
Read from stdout: /Users/kthethi/Documents/test/goCart/app/controllers/UserController.java:46: java.util.List is abstract; cannot be instantiated
/Users/kthethi/Documents/test/goCart/app/controllers/UserController.java:46: java.util.List is abstract; cannot be instantiated
Read from stdout: new List<Cart>()
new List<Cart>()
Read from stdout: /Users/kthethi/Documents/test/goCart/app/controllers/UserController.java:46: cannot find symbol
Read from stdout: symbol:   variable purchasingPower
Read from stdout: location: class controllers.UserController
/Users/kthethi/Documents/test/goCart/app/controllers/UserController.java:46: cannot find symbol
  symbol:   variable purchasingPower
  location: class controllers.UserController
Read from stdout: purchasingPower
purchasingPower
Read from stdout: /Users/kthethi/Documents/test/goCart/app/controllers/UserController.java:47: cannot find symbol
Read from stdout: symbol:   variable product
Read from stdout: location: class controllers.UserController
/Users/kthethi/Documents/test/goCart/app/controllers/UserController.java:47: cannot find symbol
  symbol:   variable product
  location: class controllers.UserController
Read from stdout: product
product
Read from stdout: /Users/kthethi/Documents/test/goCart/app/controllers/UserController.java:55: cannot find symbol
Read from stdout: symbol:   class User
Read from stdout: location: class controllers.UserController
/Users/kthethi/Documents/test/goCart/app/controllers/UserController.java:55: cannot find symbol
  symbol:   class User
  location: class controllers.UserController
Read from stdout: User
User
Read from stdout: /Users/kthethi/Documents/test/goCart/app/controllers/UserController.java:55: cannot find symbol
Read from stdout: symbol:   class User
Read from stdout: location: class controllers.UserController
/Users/kthethi/Documents/test/goCart/app/controllers/UserController.java:55: cannot find symbol
  symbol:   class User
  location: class controllers.UserController
Read from stdout: User
User
Read from stdout: /Users/kthethi/Documents/test/goCart/app/controllers/UserController.java:55: cannot find symbol
Read from stdout: symbol:   class ObjectId
Read from stdout: location: class controllers.UserController
/Users/kthethi/Documents/test/goCart/app/controllers/UserController.java:55: cannot find symbol
  symbol:   class ObjectId
  location: class controllers.UserController
Read from stdout: ObjectId
ObjectId
Read from stdout: /Users/kthethi/Documents/test/goCart/app/controllers/UserController.java:55: cannot find symbol
Read from stdout: symbol:   variable datastore
Read from stdout: location: class controllers.UserController
/Users/kthethi/Documents/test/goCart/app/controllers/UserController.java:55: cannot find symbol
  symbol:   variable datastore
  location: class controllers.UserController
Read from stdout: datastore
datastore
Read from stdout: (compile:compileIncremental) javac returned nonzero exit code
(compile:compileIncremental) javac returned nonzero exit code
Total time: 0 s, completed 24 Oct, 2015 10:32:37 PM
> server-post-command-error-handler
> server-post-command-cleanup
> server-handle-next-server-request
> compile
Evaluating tasks: compile:compile
Running task... Cancel: sbt.server.ServerTaskCancellation@2373c56f, check cycles: false

Initial source changes: 
	removed:Set()
	added: Set()
	modified: Set(/Users/kthethi/Documents/test/goCart/app/controllers/UserController.java, /Users/kthethi/Documents/test/goCart/app/model/User.java)
Removed products: Set()
External API changes: API Changes: Set()
Modified binary dependencies: Set()
Initial directly invalidated sources: Set(/Users/kthethi/Documents/test/goCart/app/controllers/UserController.java, /Users/kthethi/Documents/test/goCart/app/model/User.java)

Sources indirectly invalidated by:
	product: Set()
	binary dep: Set()
	external source: Set()
All initially invalidated sources: Set(/Users/kthethi/Documents/test/goCart/app/controllers/UserController.java, /Users/kthethi/Documents/test/goCart/app/model/User.java)

Read from stdout: Compiling 2 Java sources to /Users/kthethi/Documents/test/goCart/target/scala-2.10/classes...
Compiling 2 Java sources to /Users/kthethi/Documents/test/goCart/target/scala-2.10/classes...
Attempting to call com.sun.tools.javac.api.JavacTool@7674c7d5 directly...
Read from stdout: /Users/kthethi/Documents/test/goCart/app/controllers/UserController.java:46: cannot find symbol
Read from stdout: symbol:   class User
Read from stdout: location: class controllers.UserController
/Users/kthethi/Documents/test/goCart/app/controllers/UserController.java:46: cannot find symbol
  symbol:   class User
  location: class controllers.UserController
Read from stdout: User
User
Read from stdout: /Users/kthethi/Documents/test/goCart/app/controllers/UserController.java:46: cannot find symbol
Read from stdout: symbol:   class User
Read from stdout: location: class controllers.UserController
/Users/kthethi/Documents/test/goCart/app/controllers/UserController.java:46: cannot find symbol
  symbol:   class User
  location: class controllers.UserController
Read from stdout: User
User
Read from stdout: /Users/kthethi/Documents/test/goCart/app/controllers/UserController.java:46: cannot find symbol
Read from stdout: symbol:   class Cart
Read from stdout: location: class controllers.UserController
/Users/kthethi/Documents/test/goCart/app/controllers/UserController.java:46: cannot find symbol
  symbol:   class Cart
  location: class controllers.UserController
Read from stdout: Cart
Cart
Read from stdout: /Users/kthethi/Documents/test/goCart/app/controllers/UserController.java:46: java.util.List is abstract; cannot be instantiated
/Users/kthethi/Documents/test/goCart/app/controllers/UserController.java:46: java.util.List is abstract; cannot be instantiated
Read from stdout: new List<Cart>()
new List<Cart>()
Read from stdout: /Users/kthethi/Documents/test/goCart/app/controllers/UserController.java:46: cannot find symbol
Read from stdout: symbol:   variable purchasingPower
Read from stdout: location: class controllers.UserController
/Users/kthethi/Documents/test/goCart/app/controllers/UserController.java:46: cannot find symbol
  symbol:   variable purchasingPower
  location: class controllers.UserController
Read from stdout: purchasingPower
purchasingPower
Read from stdout: /Users/kthethi/Documents/test/goCart/app/controllers/UserController.java:47: cannot find symbol
Read from stdout: symbol:   variable product
Read from stdout: location: class controllers.UserController
/Users/kthethi/Documents/test/goCart/app/controllers/UserController.java:47: cannot find symbol
  symbol:   variable product
  location: class controllers.UserController
Read from stdout: product
product
Read from stdout: /Users/kthethi/Documents/test/goCart/app/controllers/UserController.java:55: cannot find symbol
Read from stdout: symbol:   class User
Read from stdout: location: class controllers.UserController
/Users/kthethi/Documents/test/goCart/app/controllers/UserController.java:55: cannot find symbol
  symbol:   class User
  location: class controllers.UserController
Read from stdout: User
User
Read from stdout: /Users/kthethi/Documents/test/goCart/app/controllers/UserController.java:55: cannot find symbol
Read from stdout: symbol:   class User
Read from stdout: location: class controllers.UserController
/Users/kthethi/Documents/test/goCart/app/controllers/UserController.java:55: cannot find symbol
  symbol:   class User
  location: class controllers.UserController
Read from stdout: User
User
Read from stdout: /Users/kthethi/Documents/test/goCart/app/controllers/UserController.java:55: cannot find symbol
Read from stdout: symbol:   class ObjectId
Read from stdout: location: class controllers.UserController
/Users/kthethi/Documents/test/goCart/app/controllers/UserController.java:55: cannot find symbol
  symbol:   class ObjectId
  location: class controllers.UserController
Read from stdout: ObjectId
ObjectId
Read from stdout: /Users/kthethi/Documents/test/goCart/app/controllers/UserController.java:55: cannot find symbol
Read from stdout: symbol:   variable datastore
Read from stdout: location: class controllers.UserController
/Users/kthethi/Documents/test/goCart/app/controllers/UserController.java:55: cannot find symbol
  symbol:   variable datastore
  location: class controllers.UserController
Read from stdout: datastore
datastore
Read from stdout: (compile:compileIncremental) javac returned nonzero exit code
(compile:compileIncremental) javac returned nonzero exit code
Total time: 0 s, completed 24 Oct, 2015 10:32:38 PM
> server-post-command-error-handler
> server-post-command-cleanup
> server-handle-next-server-request
> compile
Evaluating tasks: compile:compile
Running task... Cancel: sbt.server.ServerTaskCancellation@2e45ccc0, check cycles: false

Initial source changes: 
	removed:Set()
	added: Set()
	modified: Set(/Users/kthethi/Documents/test/goCart/app/controllers/UserController.java, /Users/kthethi/Documents/test/goCart/app/model/User.java)
Removed products: Set()
External API changes: API Changes: Set()
Modified binary dependencies: Set()
Initial directly invalidated sources: Set(/Users/kthethi/Documents/test/goCart/app/controllers/UserController.java, /Users/kthethi/Documents/test/goCart/app/model/User.java)

Sources indirectly invalidated by:
	product: Set()
	binary dep: Set()
	external source: Set()
All initially invalidated sources: Set(/Users/kthethi/Documents/test/goCart/app/controllers/UserController.java, /Users/kthethi/Documents/test/goCart/app/model/User.java)

Read from stdout: Compiling 2 Java sources to /Users/kthethi/Documents/test/goCart/target/scala-2.10/classes...
Compiling 2 Java sources to /Users/kthethi/Documents/test/goCart/target/scala-2.10/classes...
Attempting to call com.sun.tools.javac.api.JavacTool@44196c96 directly...
Read from stdout: /Users/kthethi/Documents/test/goCart/app/controllers/UserController.java:46: cannot find symbol
Read from stdout: symbol:   class User
Read from stdout: location: class controllers.UserController
/Users/kthethi/Documents/test/goCart/app/controllers/UserController.java:46: cannot find symbol
  symbol:   class User
  location: class controllers.UserController
Read from stdout: User
User
Read from stdout: /Users/kthethi/Documents/test/goCart/app/controllers/UserController.java:46: cannot find symbol
Read from stdout: symbol:   class User
Read from stdout: location: class controllers.UserController
/Users/kthethi/Documents/test/goCart/app/controllers/UserController.java:46: cannot find symbol
  symbol:   class User
  location: class controllers.UserController
Read from stdout: User
User
Read from stdout: /Users/kthethi/Documents/test/goCart/app/controllers/UserController.java:46: cannot find symbol
Read from stdout: symbol:   class Cart
Read from stdout: location: class controllers.UserController
/Users/kthethi/Documents/test/goCart/app/controllers/UserController.java:46: cannot find symbol
  symbol:   class Cart
  location: class controllers.UserController
Read from stdout: Cart
Cart
Read from stdout: /Users/kthethi/Documents/test/goCart/app/controllers/UserController.java:46: java.util.List is abstract; cannot be instantiated
/Users/kthethi/Documents/test/goCart/app/controllers/UserController.java:46: java.util.List is abstract; cannot be instantiated
Read from stdout: new List<Cart>()
new List<Cart>()
Read from stdout: /Users/kthethi/Documents/test/goCart/app/controllers/UserController.java:46: cannot find symbol
Read from stdout: symbol:   variable purchasingPower
Read from stdout: location: class controllers.UserController
/Users/kthethi/Documents/test/goCart/app/controllers/UserController.java:46: cannot find symbol
  symbol:   variable purchasingPower
  location: class controllers.UserController
Read from stdout: purchasingPower
purchasingPower
Read from stdout: /Users/kthethi/Documents/test/goCart/app/controllers/UserController.java:47: cannot find symbol
Read from stdout: symbol:   variable product
Read from stdout: location: class controllers.UserController
/Users/kthethi/Documents/test/goCart/app/controllers/UserController.java:47: cannot find symbol
  symbol:   variable product
  location: class controllers.UserController
Read from stdout: product
product
Read from stdout: /Users/kthethi/Documents/test/goCart/app/controllers/UserController.java:55: cannot find symbol
Read from stdout: symbol:   class User
Read from stdout: location: class controllers.UserController
/Users/kthethi/Documents/test/goCart/app/controllers/UserController.java:55: cannot find symbol
  symbol:   class User
  location: class controllers.UserController
Read from stdout: User
User
Read from stdout: /Users/kthethi/Documents/test/goCart/app/controllers/UserController.java:55: cannot find symbol
Read from stdout: symbol:   class User
Read from stdout: location: class controllers.UserController
/Users/kthethi/Documents/test/goCart/app/controllers/UserController.java:55: cannot find symbol
  symbol:   class User
  location: class controllers.UserController
Read from stdout: User
User
Read from stdout: /Users/kthethi/Documents/test/goCart/app/controllers/UserController.java:55: cannot find symbol
Read from stdout: symbol:   class ObjectId
Read from stdout: location: class controllers.UserController
/Users/kthethi/Documents/test/goCart/app/controllers/UserController.java:55: cannot find symbol
  symbol:   class ObjectId
  location: class controllers.UserController
Read from stdout: ObjectId
ObjectId
Read from stdout: /Users/kthethi/Documents/test/goCart/app/controllers/UserController.java:55: cannot find symbol
Read from stdout: symbol:   variable datastore
Read from stdout: location: class controllers.UserController
/Users/kthethi/Documents/test/goCart/app/controllers/UserController.java:55: cannot find symbol
  symbol:   variable datastore
  location: class controllers.UserController
Read from stdout: datastore
datastore
Read from stdout: (compile:compileIncremental) javac returned nonzero exit code
(compile:compileIncremental) javac returned nonzero exit code
Total time: 0 s, completed 24 Oct, 2015 10:32:39 PM
> server-post-command-error-handler
> server-post-command-cleanup
> server-handle-next-server-request
> compile
Evaluating tasks: compile:compile
Running task... Cancel: sbt.server.ServerTaskCancellation@5488d2c3, check cycles: false

Initial source changes: 
	removed:Set()
	added: Set()
	modified: Set(/Users/kthethi/Documents/test/goCart/app/controllers/UserController.java, /Users/kthethi/Documents/test/goCart/app/model/User.java)
Removed products: Set()
External API changes: API Changes: Set()
Modified binary dependencies: Set()
Initial directly invalidated sources: Set(/Users/kthethi/Documents/test/goCart/app/controllers/UserController.java, /Users/kthethi/Documents/test/goCart/app/model/User.java)

Sources indirectly invalidated by:
	product: Set()
	binary dep: Set()
	external source: Set()
All initially invalidated sources: Set(/Users/kthethi/Documents/test/goCart/app/controllers/UserController.java, /Users/kthethi/Documents/test/goCart/app/model/User.java)

Read from stdout: Compiling 2 Java sources to /Users/kthethi/Documents/test/goCart/target/scala-2.10/classes...
Compiling 2 Java sources to /Users/kthethi/Documents/test/goCart/target/scala-2.10/classes...
Attempting to call com.sun.tools.javac.api.JavacTool@407d3dc4 directly...
Read from stdout: /Users/kthethi/Documents/test/goCart/app/controllers/UserController.java:46: cannot find symbol
Read from stdout: symbol:   class User
Read from stdout: location: class controllers.UserController
/Users/kthethi/Documents/test/goCart/app/controllers/UserController.java:46: cannot find symbol
  symbol:   class User
  location: class controllers.UserController
Read from stdout: User
User
Read from stdout: /Users/kthethi/Documents/test/goCart/app/controllers/UserController.java:46: cannot find symbol
Read from stdout: symbol:   class User
Read from stdout: location: class controllers.UserController
/Users/kthethi/Documents/test/goCart/app/controllers/UserController.java:46: cannot find symbol
  symbol:   class User
  location: class controllers.UserController
Read from stdout: User
User
Read from stdout: /Users/kthethi/Documents/test/goCart/app/controllers/UserController.java:46: cannot find symbol
Read from stdout: symbol:   class Cart
Read from stdout: location: class controllers.UserController
/Users/kthethi/Documents/test/goCart/app/controllers/UserController.java:46: cannot find symbol
  symbol:   class Cart
  location: class controllers.UserController
Read from stdout: Cart
Cart
Read from stdout: /Users/kthethi/Documents/test/goCart/app/controllers/UserController.java:46: java.util.List is abstract; cannot be instantiated
/Users/kthethi/Documents/test/goCart/app/controllers/UserController.java:46: java.util.List is abstract; cannot be instantiated
Read from stdout: new List<Cart>()
new List<Cart>()
Read from stdout: /Users/kthethi/Documents/test/goCart/app/controllers/UserController.java:46: cannot find symbol
Read from stdout: symbol:   variable purchasingPower
Read from stdout: location: class controllers.UserController
/Users/kthethi/Documents/test/goCart/app/controllers/UserController.java:46: cannot find symbol
  symbol:   variable purchasingPower
  location: class controllers.UserController
Read from stdout: purchasingPower
purchasingPower
Read from stdout: /Users/kthethi/Documents/test/goCart/app/controllers/UserController.java:47: cannot find symbol
Read from stdout: symbol:   variable product
Read from stdout: location: class controllers.UserController
/Users/kthethi/Documents/test/goCart/app/controllers/UserController.java:47: cannot find symbol
  symbol:   variable product
  location: class controllers.UserController
Read from stdout: product
product
Read from stdout: /Users/kthethi/Documents/test/goCart/app/controllers/UserController.java:55: cannot find symbol
Read from stdout: symbol:   class User
Read from stdout: location: class controllers.UserController
/Users/kthethi/Documents/test/goCart/app/controllers/UserController.java:55: cannot find symbol
  symbol:   class User
  location: class controllers.UserController
Read from stdout: User
User
Read from stdout: /Users/kthethi/Documents/test/goCart/app/controllers/UserController.java:55: cannot find symbol
Read from stdout: symbol:   class User
Read from stdout: location: class controllers.UserController
/Users/kthethi/Documents/test/goCart/app/controllers/UserController.java:55: cannot find symbol
  symbol:   class User
  location: class controllers.UserController
Read from stdout: User
User
Read from stdout: /Users/kthethi/Documents/test/goCart/app/controllers/UserController.java:55: cannot find symbol
Read from stdout: symbol:   class ObjectId
Read from stdout: location: class controllers.UserController
/Users/kthethi/Documents/test/goCart/app/controllers/UserController.java:55: cannot find symbol
  symbol:   class ObjectId
  location: class controllers.UserController
Read from stdout: ObjectId
ObjectId
Read from stdout: /Users/kthethi/Documents/test/goCart/app/controllers/UserController.java:55: cannot find symbol
Read from stdout: symbol:   variable datastore
Read from stdout: location: class controllers.UserController
/Users/kthethi/Documents/test/goCart/app/controllers/UserController.java:55: cannot find symbol
  symbol:   variable datastore
  location: class controllers.UserController
Read from stdout: datastore
datastore
Read from stdout: (compile:compileIncremental) javac returned nonzero exit code
(compile:compileIncremental) javac returned nonzero exit code
Total time: 0 s, completed 24 Oct, 2015 10:32:39 PM
> server-post-command-error-handler
> server-post-command-cleanup
> server-handle-next-server-request
> compile
Evaluating tasks: compile:compile
Running task... Cancel: sbt.server.ServerTaskCancellation@4b54c5b3, check cycles: false

Initial source changes: 
	removed:Set()
	added: Set()
	modified: Set(/Users/kthethi/Documents/test/goCart/app/controllers/UserController.java, /Users/kthethi/Documents/test/goCart/app/model/User.java)
Removed products: Set()
External API changes: API Changes: Set()
Modified binary dependencies: Set()
Initial directly invalidated sources: Set(/Users/kthethi/Documents/test/goCart/app/controllers/UserController.java, /Users/kthethi/Documents/test/goCart/app/model/User.java)

Sources indirectly invalidated by:
	product: Set()
	binary dep: Set()
	external source: Set()
All initially invalidated sources: Set(/Users/kthethi/Documents/test/goCart/app/controllers/UserController.java, /Users/kthethi/Documents/test/goCart/app/model/User.java)

Read from stdout: Compiling 2 Java sources to /Users/kthethi/Documents/test/goCart/target/scala-2.10/classes...
Compiling 2 Java sources to /Users/kthethi/Documents/test/goCart/target/scala-2.10/classes...
Attempting to call com.sun.tools.javac.api.JavacTool@379b9074 directly...
Read from stdout: /Users/kthethi/Documents/test/goCart/app/controllers/UserController.java:46: cannot find symbol
Read from stdout: symbol:   class User
Read from stdout: location: class controllers.UserController
/Users/kthethi/Documents/test/goCart/app/controllers/UserController.java:46: cannot find symbol
  symbol:   class User
  location: class controllers.UserController
Read from stdout: User
User
Read from stdout: /Users/kthethi/Documents/test/goCart/app/controllers/UserController.java:46: cannot find symbol
Read from stdout: symbol:   class User
Read from stdout: location: class controllers.UserController
/Users/kthethi/Documents/test/goCart/app/controllers/UserController.java:46: cannot find symbol
  symbol:   class User
  location: class controllers.UserController
Read from stdout: User
User
Read from stdout: /Users/kthethi/Documents/test/goCart/app/controllers/UserController.java:46: cannot find symbol
Read from stdout: symbol:   class Cart
Read from stdout: location: class controllers.UserController
/Users/kthethi/Documents/test/goCart/app/controllers/UserController.java:46: cannot find symbol
  symbol:   class Cart
  location: class controllers.UserController
Read from stdout: Cart
Cart
Read from stdout: /Users/kthethi/Documents/test/goCart/app/controllers/UserController.java:46: java.util.List is abstract; cannot be instantiated
/Users/kthethi/Documents/test/goCart/app/controllers/UserController.java:46: java.util.List is abstract; cannot be instantiated
Read from stdout: new List<Cart>()
new List<Cart>()
Read from stdout: /Users/kthethi/Documents/test/goCart/app/controllers/UserController.java:46: cannot find symbol
Read from stdout: symbol:   variable purchasingPower
Read from stdout: location: class controllers.UserController
/Users/kthethi/Documents/test/goCart/app/controllers/UserController.java:46: cannot find symbol
  symbol:   variable purchasingPower
  location: class controllers.UserController
Read from stdout: purchasingPower
purchasingPower
Read from stdout: /Users/kthethi/Documents/test/goCart/app/controllers/UserController.java:47: cannot find symbol
Read from stdout: symbol:   variable product
Read from stdout: location: class controllers.UserController
/Users/kthethi/Documents/test/goCart/app/controllers/UserController.java:47: cannot find symbol
  symbol:   variable product
  location: class controllers.UserController
Read from stdout: product
product
Read from stdout: /Users/kthethi/Documents/test/goCart/app/controllers/UserController.java:55: cannot find symbol
Read from stdout: symbol:   class User
Read from stdout: location: class controllers.UserController
/Users/kthethi/Documents/test/goCart/app/controllers/UserController.java:55: cannot find symbol
  symbol:   class User
  location: class controllers.UserController
Read from stdout: User
User
Read from stdout: /Users/kthethi/Documents/test/goCart/app/controllers/UserController.java:55: cannot find symbol
Read from stdout: symbol:   class User
Read from stdout: location: class controllers.UserController
/Users/kthethi/Documents/test/goCart/app/controllers/UserController.java:55: cannot find symbol
  symbol:   class User
  location: class controllers.UserController
Read from stdout: User
User
Read from stdout: /Users/kthethi/Documents/test/goCart/app/controllers/UserController.java:55: cannot find symbol
Read from stdout: symbol:   class ObjectId
Read from stdout: location: class controllers.UserController
/Users/kthethi/Documents/test/goCart/app/controllers/UserController.java:55: cannot find symbol
  symbol:   class ObjectId
  location: class controllers.UserController
Read from stdout: ObjectId
ObjectId
Read from stdout: /Users/kthethi/Documents/test/goCart/app/controllers/UserController.java:55: cannot find symbol
Read from stdout: symbol:   variable datastore
Read from stdout: location: class controllers.UserController
/Users/kthethi/Documents/test/goCart/app/controllers/UserController.java:55: cannot find symbol
  symbol:   variable datastore
  location: class controllers.UserController
Read from stdout: datastore
datastore
Read from stdout: (compile:compileIncremental) javac returned nonzero exit code
(compile:compileIncremental) javac returned nonzero exit code
Total time: 0 s, completed 24 Oct, 2015 10:32:39 PM
> server-post-command-error-handler
> server-post-command-cleanup
> server-handle-next-server-request
> compile
Evaluating tasks: compile:compile
Running task... Cancel: sbt.server.ServerTaskCancellation@7e2c464c, check cycles: false

Initial source changes: 
	removed:Set()
	added: Set()
	modified: Set(/Users/kthethi/Documents/test/goCart/app/controllers/UserController.java, /Users/kthethi/Documents/test/goCart/app/model/User.java)
Removed products: Set()
External API changes: API Changes: Set()
Modified binary dependencies: Set()
Initial directly invalidated sources: Set(/Users/kthethi/Documents/test/goCart/app/controllers/UserController.java, /Users/kthethi/Documents/test/goCart/app/model/User.java)

Sources indirectly invalidated by:
	product: Set()
	binary dep: Set()
	external source: Set()
All initially invalidated sources: Set(/Users/kthethi/Documents/test/goCart/app/controllers/UserController.java, /Users/kthethi/Documents/test/goCart/app/model/User.java)

Read from stdout: Compiling 2 Java sources to /Users/kthethi/Documents/test/goCart/target/scala-2.10/classes...
Compiling 2 Java sources to /Users/kthethi/Documents/test/goCart/target/scala-2.10/classes...
Attempting to call com.sun.tools.javac.api.JavacTool@5ae49f15 directly...
Read from stdout: /Users/kthethi/Documents/test/goCart/app/controllers/UserController.java:46: cannot find symbol
Read from stdout: symbol:   class User
Read from stdout: location: class controllers.UserController
/Users/kthethi/Documents/test/goCart/app/controllers/UserController.java:46: cannot find symbol
  symbol:   class User
  location: class controllers.UserController
Read from stdout: User
User
Read from stdout: /Users/kthethi/Documents/test/goCart/app/controllers/UserController.java:46: cannot find symbol
Read from stdout: symbol:   class User
Read from stdout: location: class controllers.UserController
/Users/kthethi/Documents/test/goCart/app/controllers/UserController.java:46: cannot find symbol
  symbol:   class User
  location: class controllers.UserController
Read from stdout: User
User
Read from stdout: /Users/kthethi/Documents/test/goCart/app/controllers/UserController.java:46: cannot find symbol
Read from stdout: symbol:   class Cart
Read from stdout: location: class controllers.UserController
/Users/kthethi/Documents/test/goCart/app/controllers/UserController.java:46: cannot find symbol
  symbol:   class Cart
  location: class controllers.UserController
Read from stdout: Cart
Cart
Read from stdout: /Users/kthethi/Documents/test/goCart/app/controllers/UserController.java:46: java.util.List is abstract; cannot be instantiated
/Users/kthethi/Documents/test/goCart/app/controllers/UserController.java:46: java.util.List is abstract; cannot be instantiated
Read from stdout: new List<Cart>()
new List<Cart>()
Read from stdout: /Users/kthethi/Documents/test/goCart/app/controllers/UserController.java:46: cannot find symbol
Read from stdout: symbol:   variable purchasingPower
Read from stdout: location: class controllers.UserController
/Users/kthethi/Documents/test/goCart/app/controllers/UserController.java:46: cannot find symbol
  symbol:   variable purchasingPower
  location: class controllers.UserController
Read from stdout: purchasingPower
purchasingPower
Read from stdout: /Users/kthethi/Documents/test/goCart/app/controllers/UserController.java:47: cannot find symbol
Read from stdout: symbol:   variable product
Read from stdout: location: class controllers.UserController
/Users/kthethi/Documents/test/goCart/app/controllers/UserController.java:47: cannot find symbol
  symbol:   variable product
  location: class controllers.UserController
Read from stdout: product
product
Read from stdout: /Users/kthethi/Documents/test/goCart/app/controllers/UserController.java:55: cannot find symbol
Read from stdout: symbol:   class User
Read from stdout: location: class controllers.UserController
/Users/kthethi/Documents/test/goCart/app/controllers/UserController.java:55: cannot find symbol
  symbol:   class User
  location: class controllers.UserController
Read from stdout: User
User
Read from stdout: /Users/kthethi/Documents/test/goCart/app/controllers/UserController.java:55: cannot find symbol
Read from stdout: symbol:   class User
Read from stdout: location: class controllers.UserController
/Users/kthethi/Documents/test/goCart/app/controllers/UserController.java:55: cannot find symbol
  symbol:   class User
  location: class controllers.UserController
Read from stdout: User
User
Read from stdout: /Users/kthethi/Documents/test/goCart/app/controllers/UserController.java:55: cannot find symbol
Read from stdout: symbol:   class ObjectId
Read from stdout: location: class controllers.UserController
/Users/kthethi/Documents/test/goCart/app/controllers/UserController.java:55: cannot find symbol
  symbol:   class ObjectId
  location: class controllers.UserController
Read from stdout: ObjectId
ObjectId
Read from stdout: /Users/kthethi/Documents/test/goCart/app/controllers/UserController.java:55: cannot find symbol
Read from stdout: symbol:   variable datastore
Read from stdout: location: class controllers.UserController
/Users/kthethi/Documents/test/goCart/app/controllers/UserController.java:55: cannot find symbol
  symbol:   variable datastore
  location: class controllers.UserController
Read from stdout: datastore
datastore
Read from stdout: (compile:compileIncremental) javac returned nonzero exit code
(compile:compileIncremental) javac returned nonzero exit code
Total time: 0 s, completed 24 Oct, 2015 10:32:40 PM
> server-post-command-error-handler
> server-post-command-cleanup
> server-handle-next-server-request
> compile
Evaluating tasks: compile:compile
Running task... Cancel: sbt.server.ServerTaskCancellation@3fa6054, check cycles: false

Initial source changes: 
	removed:Set()
	added: Set()
	modified: Set(/Users/kthethi/Documents/test/goCart/app/controllers/UserController.java, /Users/kthethi/Documents/test/goCart/app/model/User.java)
Removed products: Set()
External API changes: API Changes: Set()
Modified binary dependencies: Set()
Initial directly invalidated sources: Set(/Users/kthethi/Documents/test/goCart/app/controllers/UserController.java, /Users/kthethi/Documents/test/goCart/app/model/User.java)

Sources indirectly invalidated by:
	product: Set()
	binary dep: Set()
	external source: Set()
All initially invalidated sources: Set(/Users/kthethi/Documents/test/goCart/app/controllers/UserController.java, /Users/kthethi/Documents/test/goCart/app/model/User.java)

Read from stdout: Compiling 2 Java sources to /Users/kthethi/Documents/test/goCart/target/scala-2.10/classes...
Compiling 2 Java sources to /Users/kthethi/Documents/test/goCart/target/scala-2.10/classes...
Attempting to call com.sun.tools.javac.api.JavacTool@d36c310 directly...
Read from stdout: /Users/kthethi/Documents/test/goCart/app/controllers/UserController.java:46: cannot find symbol
Read from stdout: symbol:   class User
Read from stdout: location: class controllers.UserController
/Users/kthethi/Documents/test/goCart/app/controllers/UserController.java:46: cannot find symbol
  symbol:   class User
  location: class controllers.UserController
Read from stdout: User
User
Read from stdout: /Users/kthethi/Documents/test/goCart/app/controllers/UserController.java:46: cannot find symbol
Read from stdout: symbol:   class User
Read from stdout: location: class controllers.UserController
/Users/kthethi/Documents/test/goCart/app/controllers/UserController.java:46: cannot find symbol
  symbol:   class User
  location: class controllers.UserController
Read from stdout: User
User
Read from stdout: /Users/kthethi/Documents/test/goCart/app/controllers/UserController.java:46: cannot find symbol
Read from stdout: symbol:   class Cart
Read from stdout: location: class controllers.UserController
/Users/kthethi/Documents/test/goCart/app/controllers/UserController.java:46: cannot find symbol
  symbol:   class Cart
  location: class controllers.UserController
Read from stdout: Cart
Cart
Read from stdout: /Users/kthethi/Documents/test/goCart/app/controllers/UserController.java:46: java.util.List is abstract; cannot be instantiated
/Users/kthethi/Documents/test/goCart/app/controllers/UserController.java:46: java.util.List is abstract; cannot be instantiated
Read from stdout: new List<Cart>()
new List<Cart>()
Read from stdout: /Users/kthethi/Documents/test/goCart/app/controllers/UserController.java:46: cannot find symbol
Read from stdout: symbol:   variable purchasingPower
Read from stdout: location: class controllers.UserController
/Users/kthethi/Documents/test/goCart/app/controllers/UserController.java:46: cannot find symbol
  symbol:   variable purchasingPower
  location: class controllers.UserController
Read from stdout: purchasingPower
purchasingPower
Read from stdout: /Users/kthethi/Documents/test/goCart/app/controllers/UserController.java:47: cannot find symbol
Read from stdout: symbol:   variable product
Read from stdout: location: class controllers.UserController
/Users/kthethi/Documents/test/goCart/app/controllers/UserController.java:47: cannot find symbol
  symbol:   variable product
  location: class controllers.UserController
Read from stdout: product
product
Read from stdout: /Users/kthethi/Documents/test/goCart/app/controllers/UserController.java:55: cannot find symbol
Read from stdout: symbol:   class User
Read from stdout: location: class controllers.UserController
/Users/kthethi/Documents/test/goCart/app/controllers/UserController.java:55: cannot find symbol
  symbol:   class User
  location: class controllers.UserController
Read from stdout: User
User
Read from stdout: /Users/kthethi/Documents/test/goCart/app/controllers/UserController.java:55: cannot find symbol
Read from stdout: symbol:   class User
Read from stdout: location: class controllers.UserController
/Users/kthethi/Documents/test/goCart/app/controllers/UserController.java:55: cannot find symbol
  symbol:   class User
  location: class controllers.UserController
Read from stdout: User
User
Read from stdout: /Users/kthethi/Documents/test/goCart/app/controllers/UserController.java:55: cannot find symbol
Read from stdout: symbol:   class ObjectId
Read from stdout: location: class controllers.UserController
/Users/kthethi/Documents/test/goCart/app/controllers/UserController.java:55: cannot find symbol
  symbol:   class ObjectId
  location: class controllers.UserController
Read from stdout: ObjectId
ObjectId
Read from stdout: /Users/kthethi/Documents/test/goCart/app/controllers/UserController.java:55: cannot find symbol
Read from stdout: symbol:   variable datastore
Read from stdout: location: class controllers.UserController
/Users/kthethi/Documents/test/goCart/app/controllers/UserController.java:55: cannot find symbol
  symbol:   variable datastore
  location: class controllers.UserController
Read from stdout: datastore
datastore
Read from stdout: (compile:compileIncremental) javac returned nonzero exit code
(compile:compileIncremental) javac returned nonzero exit code
Total time: 0 s, completed 24 Oct, 2015 10:33:59 PM
> server-post-command-error-handler
> server-post-command-cleanup
> server-handle-next-server-request
> compile
Evaluating tasks: compile:compile
Running task... Cancel: sbt.server.ServerTaskCancellation@44be2a8, check cycles: false

Initial source changes: 
	removed:Set()
	added: Set()
	modified: Set(/Users/kthethi/Documents/test/goCart/app/controllers/UserController.java, /Users/kthethi/Documents/test/goCart/app/model/User.java)
Removed products: Set()
External API changes: API Changes: Set()
Modified binary dependencies: Set()
Initial directly invalidated sources: Set(/Users/kthethi/Documents/test/goCart/app/controllers/UserController.java, /Users/kthethi/Documents/test/goCart/app/model/User.java)

Sources indirectly invalidated by:
	product: Set()
	binary dep: Set()
	external source: Set()
All initially invalidated sources: Set(/Users/kthethi/Documents/test/goCart/app/controllers/UserController.java, /Users/kthethi/Documents/test/goCart/app/model/User.java)

Read from stdout: Compiling 2 Java sources to /Users/kthethi/Documents/test/goCart/target/scala-2.10/classes...
Compiling 2 Java sources to /Users/kthethi/Documents/test/goCart/target/scala-2.10/classes...
Attempting to call com.sun.tools.javac.api.JavacTool@2a78aa8a directly...
Read from stdout: /Users/kthethi/Documents/test/goCart/app/controllers/UserController.java:46: cannot find symbol
Read from stdout: symbol:   class User
Read from stdout: location: class controllers.UserController
/Users/kthethi/Documents/test/goCart/app/controllers/UserController.java:46: cannot find symbol
  symbol:   class User
  location: class controllers.UserController
Read from stdout: User
User
Read from stdout: /Users/kthethi/Documents/test/goCart/app/controllers/UserController.java:46: cannot find symbol
Read from stdout: symbol:   class User
Read from stdout: location: class controllers.UserController
/Users/kthethi/Documents/test/goCart/app/controllers/UserController.java:46: cannot find symbol
  symbol:   class User
  location: class controllers.UserController
Read from stdout: User
User
Read from stdout: /Users/kthethi/Documents/test/goCart/app/controllers/UserController.java:46: cannot find symbol
Read from stdout: symbol:   class Cart
Read from stdout: location: class controllers.UserController
/Users/kthethi/Documents/test/goCart/app/controllers/UserController.java:46: cannot find symbol
  symbol:   class Cart
  location: class controllers.UserController
Read from stdout: Cart
Cart
Read from stdout: /Users/kthethi/Documents/test/goCart/app/controllers/UserController.java:46: java.util.List is abstract; cannot be instantiated
/Users/kthethi/Documents/test/goCart/app/controllers/UserController.java:46: java.util.List is abstract; cannot be instantiated
Read from stdout: new List<Cart>()
new List<Cart>()
Read from stdout: /Users/kthethi/Documents/test/goCart/app/controllers/UserController.java:46: cannot find symbol
Read from stdout: symbol:   variable purchasingPower
Read from stdout: location: class controllers.UserController
/Users/kthethi/Documents/test/goCart/app/controllers/UserController.java:46: cannot find symbol
  symbol:   variable purchasingPower
  location: class controllers.UserController
Read from stdout: purchasingPower
purchasingPower
Read from stdout: /Users/kthethi/Documents/test/goCart/app/controllers/UserController.java:47: cannot find symbol
Read from stdout: symbol:   variable product
Read from stdout: location: class controllers.UserController
/Users/kthethi/Documents/test/goCart/app/controllers/UserController.java:47: cannot find symbol
  symbol:   variable product
  location: class controllers.UserController
Read from stdout: product
product
Read from stdout: /Users/kthethi/Documents/test/goCart/app/controllers/UserController.java:55: cannot find symbol
Read from stdout: symbol:   class User
Read from stdout: location: class controllers.UserController
/Users/kthethi/Documents/test/goCart/app/controllers/UserController.java:55: cannot find symbol
  symbol:   class User
  location: class controllers.UserController
Read from stdout: User
User
Read from stdout: /Users/kthethi/Documents/test/goCart/app/controllers/UserController.java:55: cannot find symbol
Read from stdout: symbol:   class User
Read from stdout: location: class controllers.UserController
/Users/kthethi/Documents/test/goCart/app/controllers/UserController.java:55: cannot find symbol
  symbol:   class User
  location: class controllers.UserController
Read from stdout: User
User
Read from stdout: /Users/kthethi/Documents/test/goCart/app/controllers/UserController.java:55: cannot find symbol
Read from stdout: symbol:   class ObjectId
Read from stdout: location: class controllers.UserController
/Users/kthethi/Documents/test/goCart/app/controllers/UserController.java:55: cannot find symbol
  symbol:   class ObjectId
  location: class controllers.UserController
Read from stdout: ObjectId
ObjectId
Read from stdout: /Users/kthethi/Documents/test/goCart/app/controllers/UserController.java:55: cannot find symbol
Read from stdout: symbol:   variable datastore
Read from stdout: location: class controllers.UserController
/Users/kthethi/Documents/test/goCart/app/controllers/UserController.java:55: cannot find symbol
  symbol:   variable datastore
  location: class controllers.UserController
Read from stdout: datastore
datastore
Read from stdout: (compile:compileIncremental) javac returned nonzero exit code
(compile:compileIncremental) javac returned nonzero exit code
Total time: 0 s, completed 24 Oct, 2015 10:34:03 PM
> server-post-command-error-handler
> server-post-command-cleanup
> server-handle-next-server-request
> compile
Evaluating tasks: compile:compile
Running task... Cancel: sbt.server.ServerTaskCancellation@51122509, check cycles: false

Initial source changes: 
	removed:Set()
	added: Set()
	modified: Set(/Users/kthethi/Documents/test/goCart/app/controllers/UserController.java, /Users/kthethi/Documents/test/goCart/app/model/User.java)
Removed products: Set()
External API changes: API Changes: Set()
Modified binary dependencies: Set()
Initial directly invalidated sources: Set(/Users/kthethi/Documents/test/goCart/app/controllers/UserController.java, /Users/kthethi/Documents/test/goCart/app/model/User.java)

Sources indirectly invalidated by:
	product: Set()
	binary dep: Set()
	external source: Set()
All initially invalidated sources: Set(/Users/kthethi/Documents/test/goCart/app/controllers/UserController.java, /Users/kthethi/Documents/test/goCart/app/model/User.java)

Read from stdout: Compiling 2 Java sources to /Users/kthethi/Documents/test/goCart/target/scala-2.10/classes...
Compiling 2 Java sources to /Users/kthethi/Documents/test/goCart/target/scala-2.10/classes...
Attempting to call com.sun.tools.javac.api.JavacTool@25cfd21a directly...
Read from stdout: /Users/kthethi/Documents/test/goCart/app/controllers/UserController.java:47: cannot find symbol
Read from stdout: symbol:   class Cart
Read from stdout: location: class controllers.UserController
/Users/kthethi/Documents/test/goCart/app/controllers/UserController.java:47: cannot find symbol
  symbol:   class Cart
  location: class controllers.UserController
Read from stdout: Cart
Cart
Read from stdout: /Users/kthethi/Documents/test/goCart/app/controllers/UserController.java:47: java.util.List is abstract; cannot be instantiated
/Users/kthethi/Documents/test/goCart/app/controllers/UserController.java:47: java.util.List is abstract; cannot be instantiated
Read from stdout: new List<Cart>()
new List<Cart>()
Read from stdout: /Users/kthethi/Documents/test/goCart/app/controllers/UserController.java:47: cannot find symbol
Read from stdout: symbol:   variable purchasingPower
Read from stdout: location: class controllers.UserController
/Users/kthethi/Documents/test/goCart/app/controllers/UserController.java:47: cannot find symbol
  symbol:   variable purchasingPower
  location: class controllers.UserController
Read from stdout: purchasingPower
purchasingPower
Read from stdout: /Users/kthethi/Documents/test/goCart/app/controllers/UserController.java:57: cannot find symbol
Read from stdout: symbol:   class ObjectId
Read from stdout: location: class controllers.UserController
/Users/kthethi/Documents/test/goCart/app/controllers/UserController.java:57: cannot find symbol
  symbol:   class ObjectId
  location: class controllers.UserController
Read from stdout: ObjectId
ObjectId
Read from stdout: (compile:compileIncremental) javac returned nonzero exit code
(compile:compileIncremental) javac returned nonzero exit code
Total time: 0 s, completed 24 Oct, 2015 10:34:41 PM
> server-post-command-error-handler
> server-post-command-cleanup
> server-handle-next-server-request
> compile
Evaluating tasks: compile:compile
Running task... Cancel: sbt.server.ServerTaskCancellation@79a772b8, check cycles: false

Initial source changes: 
	removed:Set()
	added: Set()
	modified: Set(/Users/kthethi/Documents/test/goCart/app/controllers/UserController.java, /Users/kthethi/Documents/test/goCart/app/model/User.java)
Removed products: Set()
External API changes: API Changes: Set()
Modified binary dependencies: Set()
Initial directly invalidated sources: Set(/Users/kthethi/Documents/test/goCart/app/controllers/UserController.java, /Users/kthethi/Documents/test/goCart/app/model/User.java)

Sources indirectly invalidated by:
	product: Set()
	binary dep: Set()
	external source: Set()
All initially invalidated sources: Set(/Users/kthethi/Documents/test/goCart/app/controllers/UserController.java, /Users/kthethi/Documents/test/goCart/app/model/User.java)

Read from stdout: Compiling 2 Java sources to /Users/kthethi/Documents/test/goCart/target/scala-2.10/classes...
Compiling 2 Java sources to /Users/kthethi/Documents/test/goCart/target/scala-2.10/classes...
Attempting to call com.sun.tools.javac.api.JavacTool@352fa032 directly...
Read from stdout: /Users/kthethi/Documents/test/goCart/app/controllers/UserController.java:47: cannot find symbol
Read from stdout: symbol:   class Cart
Read from stdout: location: class controllers.UserController
/Users/kthethi/Documents/test/goCart/app/controllers/UserController.java:47: cannot find symbol
  symbol:   class Cart
  location: class controllers.UserController
Read from stdout: Cart
Cart
Read from stdout: /Users/kthethi/Documents/test/goCart/app/controllers/UserController.java:47: java.util.List is abstract; cannot be instantiated
/Users/kthethi/Documents/test/goCart/app/controllers/UserController.java:47: java.util.List is abstract; cannot be instantiated
Read from stdout: new List<Cart>()
new List<Cart>()
Read from stdout: /Users/kthethi/Documents/test/goCart/app/controllers/UserController.java:47: cannot find symbol
Read from stdout: symbol:   variable purchasingPower
Read from stdout: location: class controllers.UserController
/Users/kthethi/Documents/test/goCart/app/controllers/UserController.java:47: cannot find symbol
  symbol:   variable purchasingPower
  location: class controllers.UserController
Read from stdout: purchasingPower
purchasingPower
Read from stdout: /Users/kthethi/Documents/test/goCart/app/controllers/UserController.java:57: cannot find symbol
Read from stdout: symbol:   class ObjectId
Read from stdout: location: class controllers.UserController
/Users/kthethi/Documents/test/goCart/app/controllers/UserController.java:57: cannot find symbol
  symbol:   class ObjectId
  location: class controllers.UserController
Read from stdout: ObjectId
ObjectId
Read from stdout: (compile:compileIncremental) javac returned nonzero exit code
(compile:compileIncremental) javac returned nonzero exit code
Total time: 0 s, completed 24 Oct, 2015 10:35:35 PM
> server-post-command-error-handler
> server-post-command-cleanup
> server-handle-next-server-request
> compile
Evaluating tasks: compile:compile
Running task... Cancel: sbt.server.ServerTaskCancellation@613c27ec, check cycles: false

Initial source changes: 
	removed:Set()
	added: Set()
	modified: Set(/Users/kthethi/Documents/test/goCart/app/controllers/UserController.java, /Users/kthethi/Documents/test/goCart/app/model/User.java)
Removed products: Set()
External API changes: API Changes: Set()
Modified binary dependencies: Set()
Initial directly invalidated sources: Set(/Users/kthethi/Documents/test/goCart/app/controllers/UserController.java, /Users/kthethi/Documents/test/goCart/app/model/User.java)

Sources indirectly invalidated by:
	product: Set()
	binary dep: Set()
	external source: Set()
All initially invalidated sources: Set(/Users/kthethi/Documents/test/goCart/app/controllers/UserController.java, /Users/kthethi/Documents/test/goCart/app/model/User.java)

Read from stdout: Compiling 2 Java sources to /Users/kthethi/Documents/test/goCart/target/scala-2.10/classes...
Compiling 2 Java sources to /Users/kthethi/Documents/test/goCart/target/scala-2.10/classes...
Attempting to call com.sun.tools.javac.api.JavacTool@6a2cd23e directly...
Read from stdout: /Users/kthethi/Documents/test/goCart/app/controllers/UserController.java:47: cannot find symbol
Read from stdout: symbol:   class Cart
Read from stdout: location: class controllers.UserController
/Users/kthethi/Documents/test/goCart/app/controllers/UserController.java:47: cannot find symbol
  symbol:   class Cart
  location: class controllers.UserController
Read from stdout: Cart
Cart
Read from stdout: /Users/kthethi/Documents/test/goCart/app/controllers/UserController.java:47: java.util.List is abstract; cannot be instantiated
/Users/kthethi/Documents/test/goCart/app/controllers/UserController.java:47: java.util.List is abstract; cannot be instantiated
Read from stdout: new List<Cart>()
new List<Cart>()
Read from stdout: /Users/kthethi/Documents/test/goCart/app/controllers/UserController.java:47: cannot find symbol
Read from stdout: symbol:   variable purchasingPower
Read from stdout: location: class controllers.UserController
/Users/kthethi/Documents/test/goCart/app/controllers/UserController.java:47: cannot find symbol
  symbol:   variable purchasingPower
  location: class controllers.UserController
Read from stdout: purchasingPower
purchasingPower
Read from stdout: /Users/kthethi/Documents/test/goCart/app/controllers/UserController.java:57: cannot find symbol
Read from stdout: symbol:   class ObjectId
Read from stdout: location: class controllers.UserController
/Users/kthethi/Documents/test/goCart/app/controllers/UserController.java:57: cannot find symbol
  symbol:   class ObjectId
  location: class controllers.UserController
Read from stdout: ObjectId
ObjectId
Read from stdout: (compile:compileIncremental) javac returned nonzero exit code
(compile:compileIncremental) javac returned nonzero exit code
Total time: 0 s, completed 24 Oct, 2015 10:36:14 PM
> server-post-command-error-handler
> server-post-command-cleanup
> server-handle-next-server-request
> compile
Evaluating tasks: compile:compile
Running task... Cancel: sbt.server.ServerTaskCancellation@4e8aba70, check cycles: false

Initial source changes: 
	removed:Set()
	added: Set()
	modified: Set(/Users/kthethi/Documents/test/goCart/app/controllers/UserController.java, /Users/kthethi/Documents/test/goCart/app/model/User.java)
Removed products: Set()
External API changes: API Changes: Set()
Modified binary dependencies: Set()
Initial directly invalidated sources: Set(/Users/kthethi/Documents/test/goCart/app/controllers/UserController.java, /Users/kthethi/Documents/test/goCart/app/model/User.java)

Sources indirectly invalidated by:
	product: Set()
	binary dep: Set()
	external source: Set()
All initially invalidated sources: Set(/Users/kthethi/Documents/test/goCart/app/controllers/UserController.java, /Users/kthethi/Documents/test/goCart/app/model/User.java)

Read from stdout: Compiling 2 Java sources to /Users/kthethi/Documents/test/goCart/target/scala-2.10/classes...
Compiling 2 Java sources to /Users/kthethi/Documents/test/goCart/target/scala-2.10/classes...
Attempting to call com.sun.tools.javac.api.JavacTool@4c7ab084 directly...
Read from stdout: /Users/kthethi/Documents/test/goCart/app/controllers/UserController.java:48: cannot find symbol
Read from stdout: symbol:   class Cart
Read from stdout: location: class controllers.UserController
/Users/kthethi/Documents/test/goCart/app/controllers/UserController.java:48: cannot find symbol
  symbol:   class Cart
  location: class controllers.UserController
Read from stdout: Cart
Cart
Read from stdout: /Users/kthethi/Documents/test/goCart/app/controllers/UserController.java:48: java.util.List is abstract; cannot be instantiated
/Users/kthethi/Documents/test/goCart/app/controllers/UserController.java:48: java.util.List is abstract; cannot be instantiated
Read from stdout: new List<Cart>()
new List<Cart>()
Read from stdout: (compile:compileIncremental) javac returned nonzero exit code
(compile:compileIncremental) javac returned nonzero exit code
Total time: 0 s, completed 24 Oct, 2015 10:36:18 PM
> server-post-command-error-handler
> server-post-command-cleanup
> server-handle-next-server-request
> compile
Evaluating tasks: compile:compile
Running task... Cancel: sbt.server.ServerTaskCancellation@6d7efbbf, check cycles: false

Initial source changes: 
	removed:Set()
	added: Set()
	modified: Set(/Users/kthethi/Documents/test/goCart/app/controllers/UserController.java, /Users/kthethi/Documents/test/goCart/app/model/User.java)
Removed products: Set()
External API changes: API Changes: Set()
Modified binary dependencies: Set()
Initial directly invalidated sources: Set(/Users/kthethi/Documents/test/goCart/app/controllers/UserController.java, /Users/kthethi/Documents/test/goCart/app/model/User.java)

Sources indirectly invalidated by:
	product: Set()
	binary dep: Set()
	external source: Set()
All initially invalidated sources: Set(/Users/kthethi/Documents/test/goCart/app/controllers/UserController.java, /Users/kthethi/Documents/test/goCart/app/model/User.java)

Read from stdout: Compiling 2 Java sources to /Users/kthethi/Documents/test/goCart/target/scala-2.10/classes...
Compiling 2 Java sources to /Users/kthethi/Documents/test/goCart/target/scala-2.10/classes...
Attempting to call com.sun.tools.javac.api.JavacTool@150c32ab directly...
Read from stdout: /Users/kthethi/Documents/test/goCart/app/controllers/UserController.java:48: cannot find symbol
Read from stdout: symbol:   class Cart
Read from stdout: location: class controllers.UserController
/Users/kthethi/Documents/test/goCart/app/controllers/UserController.java:48: cannot find symbol
  symbol:   class Cart
  location: class controllers.UserController
Read from stdout: Cart
Cart
Read from stdout: /Users/kthethi/Documents/test/goCart/app/controllers/UserController.java:48: java.util.List is abstract; cannot be instantiated
/Users/kthethi/Documents/test/goCart/app/controllers/UserController.java:48: java.util.List is abstract; cannot be instantiated
Read from stdout: new List<Cart>()
new List<Cart>()
Read from stdout: (compile:compileIncremental) javac returned nonzero exit code
(compile:compileIncremental) javac returned nonzero exit code
Total time: 0 s, completed 24 Oct, 2015 10:36:27 PM
> server-post-command-error-handler
> server-post-command-cleanup
> server-handle-next-server-request
> compile
Evaluating tasks: compile:compile
Running task... Cancel: sbt.server.ServerTaskCancellation@7bff27b3, check cycles: false

Initial source changes: 
	removed:Set()
	added: Set()
	modified: Set(/Users/kthethi/Documents/test/goCart/app/controllers/UserController.java, /Users/kthethi/Documents/test/goCart/app/model/User.java)
Removed products: Set()
External API changes: API Changes: Set()
Modified binary dependencies: Set()
Initial directly invalidated sources: Set(/Users/kthethi/Documents/test/goCart/app/controllers/UserController.java, /Users/kthethi/Documents/test/goCart/app/model/User.java)

Sources indirectly invalidated by:
	product: Set()
	binary dep: Set()
	external source: Set()
All initially invalidated sources: Set(/Users/kthethi/Documents/test/goCart/app/controllers/UserController.java, /Users/kthethi/Documents/test/goCart/app/model/User.java)

Read from stdout: Compiling 2 Java sources to /Users/kthethi/Documents/test/goCart/target/scala-2.10/classes...
Compiling 2 Java sources to /Users/kthethi/Documents/test/goCart/target/scala-2.10/classes...
Attempting to call com.sun.tools.javac.api.JavacTool@1e1fbdf6 directly...
Read from stdout: /Users/kthethi/Documents/test/goCart/app/controllers/UserController.java:12: cannot find symbol
Read from stdout: symbol:   class Card
Read from stdout: location: package model
/Users/kthethi/Documents/test/goCart/app/controllers/UserController.java:12: cannot find symbol
  symbol:   class Card
  location: package model
Read from stdout: model.Card
model.Card
Read from stdout: /Users/kthethi/Documents/test/goCart/app/controllers/UserController.java:49: cannot find symbol
Read from stdout: symbol:   class Cart
Read from stdout: location: class controllers.UserController
/Users/kthethi/Documents/test/goCart/app/controllers/UserController.java:49: cannot find symbol
  symbol:   class Cart
  location: class controllers.UserController
Read from stdout: Cart
Cart
Read from stdout: /Users/kthethi/Documents/test/goCart/app/controllers/UserController.java:49: java.util.List is abstract; cannot be instantiated
/Users/kthethi/Documents/test/goCart/app/controllers/UserController.java:49: java.util.List is abstract; cannot be instantiated
Read from stdout: new List<Cart>()
new List<Cart>()
Read from stdout: (compile:compileIncremental) javac returned nonzero exit code
(compile:compileIncremental) javac returned nonzero exit code
Total time: 0 s, completed 24 Oct, 2015 10:37:53 PM
> server-post-command-error-handler
> server-post-command-cleanup
> server-handle-next-server-request
> compile
Evaluating tasks: compile:compile
Running task... Cancel: sbt.server.ServerTaskCancellation@7fc3970d, check cycles: false

Initial source changes: 
	removed:Set()
	added: Set()
	modified: Set(/Users/kthethi/Documents/test/goCart/app/controllers/UserController.java, /Users/kthethi/Documents/test/goCart/app/model/User.java)
Removed products: Set()
External API changes: API Changes: Set()
Modified binary dependencies: Set()
Initial directly invalidated sources: Set(/Users/kthethi/Documents/test/goCart/app/controllers/UserController.java, /Users/kthethi/Documents/test/goCart/app/model/User.java)

Sources indirectly invalidated by:
	product: Set()
	binary dep: Set()
	external source: Set()
All initially invalidated sources: Set(/Users/kthethi/Documents/test/goCart/app/controllers/UserController.java, /Users/kthethi/Documents/test/goCart/app/model/User.java)

Read from stdout: Compiling 2 Java sources to /Users/kthethi/Documents/test/goCart/target/scala-2.10/classes...
Compiling 2 Java sources to /Users/kthethi/Documents/test/goCart/target/scala-2.10/classes...
Attempting to call com.sun.tools.javac.api.JavacTool@340f3398 directly...
Read from stdout: /Users/kthethi/Documents/test/goCart/app/controllers/UserController.java:12: cannot find symbol
Read from stdout: symbol:   class Card
Read from stdout: location: package model
/Users/kthethi/Documents/test/goCart/app/controllers/UserController.java:12: cannot find symbol
  symbol:   class Card
  location: package model
Read from stdout: model.Card
model.Card
Read from stdout: /Users/kthethi/Documents/test/goCart/app/controllers/UserController.java:49: cannot find symbol
Read from stdout: symbol:   class Cart
Read from stdout: location: class controllers.UserController
/Users/kthethi/Documents/test/goCart/app/controllers/UserController.java:49: cannot find symbol
  symbol:   class Cart
  location: class controllers.UserController
Read from stdout: Cart
Cart
Read from stdout: /Users/kthethi/Documents/test/goCart/app/controllers/UserController.java:49: java.util.List is abstract; cannot be instantiated
/Users/kthethi/Documents/test/goCart/app/controllers/UserController.java:49: java.util.List is abstract; cannot be instantiated
Read from stdout: new List<Cart>()
new List<Cart>()
Read from stdout: (compile:compileIncremental) javac returned nonzero exit code
(compile:compileIncremental) javac returned nonzero exit code
Total time: 0 s, completed 24 Oct, 2015 10:38:18 PM
> server-post-command-error-handler
> server-post-command-cleanup
> server-handle-next-server-request
> compile
Evaluating tasks: compile:compile
Running task... Cancel: sbt.server.ServerTaskCancellation@3679f271, check cycles: false

Initial source changes: 
	removed:Set()
	added: Set()
	modified: Set(/Users/kthethi/Documents/test/goCart/app/controllers/UserController.java, /Users/kthethi/Documents/test/goCart/app/model/User.java)
Removed products: Set()
External API changes: API Changes: Set()
Modified binary dependencies: Set()
Initial directly invalidated sources: Set(/Users/kthethi/Documents/test/goCart/app/controllers/UserController.java, /Users/kthethi/Documents/test/goCart/app/model/User.java)

Sources indirectly invalidated by:
	product: Set()
	binary dep: Set()
	external source: Set()
All initially invalidated sources: Set(/Users/kthethi/Documents/test/goCart/app/controllers/UserController.java, /Users/kthethi/Documents/test/goCart/app/model/User.java)

Read from stdout: Compiling 2 Java sources to /Users/kthethi/Documents/test/goCart/target/scala-2.10/classes...
Compiling 2 Java sources to /Users/kthethi/Documents/test/goCart/target/scala-2.10/classes...
Attempting to call com.sun.tools.javac.api.JavacTool@19ff9540 directly...
Read from stdout: /Users/kthethi/Documents/test/goCart/app/controllers/UserController.java:49: java.util.List is abstract; cannot be instantiated
/Users/kthethi/Documents/test/goCart/app/controllers/UserController.java:49: java.util.List is abstract; cannot be instantiated
Read from stdout: new List<Cart>()
new List<Cart>()
Read from stdout: (compile:compileIncremental) javac returned nonzero exit code
(compile:compileIncremental) javac returned nonzero exit code
Total time: 0 s, completed 24 Oct, 2015 10:38:38 PM
> server-post-command-error-handler
> server-post-command-cleanup
> server-handle-next-server-request
> compile
Evaluating tasks: compile:compile
Running task... Cancel: sbt.server.ServerTaskCancellation@62250e8d, check cycles: false

Initial source changes: 
	removed:Set()
	added: Set()
	modified: Set(/Users/kthethi/Documents/test/goCart/app/controllers/UserController.java, /Users/kthethi/Documents/test/goCart/app/model/User.java)
Removed products: Set()
External API changes: API Changes: Set()
Modified binary dependencies: Set()
Initial directly invalidated sources: Set(/Users/kthethi/Documents/test/goCart/app/controllers/UserController.java, /Users/kthethi/Documents/test/goCart/app/model/User.java)

Sources indirectly invalidated by:
	product: Set()
	binary dep: Set()
	external source: Set()
All initially invalidated sources: Set(/Users/kthethi/Documents/test/goCart/app/controllers/UserController.java, /Users/kthethi/Documents/test/goCart/app/model/User.java)

Read from stdout: Compiling 2 Java sources to /Users/kthethi/Documents/test/goCart/target/scala-2.10/classes...
Compiling 2 Java sources to /Users/kthethi/Documents/test/goCart/target/scala-2.10/classes...
Attempting to call com.sun.tools.javac.api.JavacTool@6fb04e70 directly...
Read from stdout: /Users/kthethi/Documents/test/goCart/app/controllers/UserController.java:49: java.util.List is abstract; cannot be instantiated
/Users/kthethi/Documents/test/goCart/app/controllers/UserController.java:49: java.util.List is abstract; cannot be instantiated
Read from stdout: new List<Cart>()
new List<Cart>()
Read from stdout: (compile:compileIncremental) javac returned nonzero exit code
(compile:compileIncremental) javac returned nonzero exit code
Total time: 0 s, completed 24 Oct, 2015 10:38:45 PM
> server-post-command-error-handler
> server-post-command-cleanup
> server-handle-next-server-request
> compile
Evaluating tasks: compile:compile
Running task... Cancel: sbt.server.ServerTaskCancellation@4637f2e7, check cycles: false

Initial source changes: 
	removed:Set()
	added: Set()
	modified: Set(/Users/kthethi/Documents/test/goCart/app/controllers/UserController.java, /Users/kthethi/Documents/test/goCart/app/model/User.java)
Removed products: Set()
External API changes: API Changes: Set()
Modified binary dependencies: Set()
Initial directly invalidated sources: Set(/Users/kthethi/Documents/test/goCart/app/controllers/UserController.java, /Users/kthethi/Documents/test/goCart/app/model/User.java)

Sources indirectly invalidated by:
	product: Set()
	binary dep: Set()
	external source: Set()
All initially invalidated sources: Set(/Users/kthethi/Documents/test/goCart/app/controllers/UserController.java, /Users/kthethi/Documents/test/goCart/app/model/User.java)

Read from stdout: Compiling 2 Java sources to /Users/kthethi/Documents/test/goCart/target/scala-2.10/classes...
Compiling 2 Java sources to /Users/kthethi/Documents/test/goCart/target/scala-2.10/classes...
Attempting to call com.sun.tools.javac.api.JavacTool@2cd0750c directly...
Read from stdout: /Users/kthethi/Documents/test/goCart/app/controllers/UserController.java:47: java.util.List is abstract; cannot be instantiated
/Users/kthethi/Documents/test/goCart/app/controllers/UserController.java:47: java.util.List is abstract; cannot be instantiated
Read from stdout: new List<Cart>()
new List<Cart>()
Read from stdout: (compile:compileIncremental) javac returned nonzero exit code
(compile:compileIncremental) javac returned nonzero exit code
Total time: 0 s, completed 24 Oct, 2015 10:39:33 PM
> server-post-command-error-handler
> server-post-command-cleanup
> server-handle-next-server-request
> compile
Evaluating tasks: compile:compile
Running task... Cancel: sbt.server.ServerTaskCancellation@66b837ec, check cycles: false

Initial source changes: 
	removed:Set()
	added: Set()
	modified: Set(/Users/kthethi/Documents/test/goCart/app/controllers/UserController.java, /Users/kthethi/Documents/test/goCart/app/model/User.java)
Removed products: Set()
External API changes: API Changes: Set()
Modified binary dependencies: Set()
Initial directly invalidated sources: Set(/Users/kthethi/Documents/test/goCart/app/controllers/UserController.java, /Users/kthethi/Documents/test/goCart/app/model/User.java)

Sources indirectly invalidated by:
	product: Set()
	binary dep: Set()
	external source: Set()
All initially invalidated sources: Set(/Users/kthethi/Documents/test/goCart/app/controllers/UserController.java, /Users/kthethi/Documents/test/goCart/app/model/User.java)

Read from stdout: Compiling 2 Java sources to /Users/kthethi/Documents/test/goCart/target/scala-2.10/classes...
Compiling 2 Java sources to /Users/kthethi/Documents/test/goCart/target/scala-2.10/classes...
Attempting to call com.sun.tools.javac.api.JavacTool@1888d20d directly...
Java compilation took 0.045264503 s
Java analysis took 0.056609717 s
Java compile + analysis took 0.10444985 s
Invalidating /Users/kthethi/Documents/test/goCart/app/controllers/UserController.java...
Invalidating (transitively) by inheritance from /Users/kthethi/Documents/test/goCart/app/controllers/UserController.java...
Initial set of included nodes: Set(/Users/kthethi/Documents/test/goCart/app/controllers/UserController.java)
Invalidated by transitive inheritance dependency: Set(/Users/kthethi/Documents/test/goCart/app/controllers/UserController.java)
The /Users/kthethi/Documents/test/goCart/app/controllers/UserController.java source file has the following regular definitions changed:
	addUser.
All member reference dependencies will be considered within this context.
Name hashing optimization doesn't apply to non-Scala dependency: /Users/kthethi/Documents/test/goCart/app/controllers/UserController.java
None of the modified names appears in /Users/kthethi/Documents/test/goCart/target/scala-2.10/src_managed/main/routes_reverseRouting.scala. This dependency is not being considered for invalidation.
None of the modified names appears in /Users/kthethi/Documents/test/goCart/target/scala-2.10/src_managed/main/routes_routing.scala. This dependency is not being considered for invalidation.
Invalidating /Users/kthethi/Documents/test/goCart/app/model/User.java...
Invalidating (transitively) by inheritance from /Users/kthethi/Documents/test/goCart/app/model/User.java...
Initial set of included nodes: Set(/Users/kthethi/Documents/test/goCart/app/model/User.java)
Invalidated by transitive inheritance dependency: Set(/Users/kthethi/Documents/test/goCart/app/model/User.java)
The /Users/kthethi/Documents/test/goCart/app/model/User.java source file has the following regular definitions changed:
	<init>.
All member reference dependencies will be considered within this context.
Name hashing optimization doesn't apply to non-Scala dependency: /Users/kthethi/Documents/test/goCart/app/controllers/UserController.java
Name hashing optimization doesn't apply to non-Scala dependency: /Users/kthethi/Documents/test/goCart/app/model/User.java
Name hashing optimization doesn't apply to non-Scala dependency: /Users/kthethi/Documents/test/goCart/app/model/StoreAssociate.java
Name hashing optimization doesn't apply to non-Scala dependency: /Users/kthethi/Documents/test/goCart/app/controllers/TestController.java
New invalidations:
	Set(/Users/kthethi/Documents/test/goCart/app/model/StoreAssociate.java, /Users/kthethi/Documents/test/goCart/app/controllers/TestController.java)
Initial set of included nodes: Set(/Users/kthethi/Documents/test/goCart/app/model/StoreAssociate.java, /Users/kthethi/Documents/test/goCart/app/controllers/TestController.java)
Including /Users/kthethi/Documents/test/goCart/app/controllers/StoreAssociateController.java by /Users/kthethi/Documents/test/goCart/app/model/StoreAssociate.java
Including /Users/kthethi/Documents/test/goCart/target/scala-2.10/src_managed/main/routes_reverseRouting.scala by /Users/kthethi/Documents/test/goCart/app/controllers/StoreAssociateController.java
Including /Users/kthethi/Documents/test/goCart/target/scala-2.10/src_managed/main/views/html/main.template.scala by /Users/kthethi/Documents/test/goCart/target/scala-2.10/src_managed/main/routes_reverseRouting.scala
Including /Users/kthethi/Documents/test/goCart/target/scala-2.10/src_managed/main/views/html/index.template.scala by /Users/kthethi/Documents/test/goCart/target/scala-2.10/src_managed/main/views/html/main.template.scala
Including /Users/kthethi/Documents/test/goCart/app/controllers/BaseController.java by /Users/kthethi/Documents/test/goCart/target/scala-2.10/src_managed/main/views/html/index.template.scala
Including /Users/kthethi/Documents/test/goCart/app/controllers/Application.java by /Users/kthethi/Documents/test/goCart/target/scala-2.10/src_managed/main/views/html/index.template.scala
Including /Users/kthethi/Documents/test/goCart/target/scala-2.10/src_managed/main/routes_routing.scala by /Users/kthethi/Documents/test/goCart/app/controllers/Application.java
Including /Users/kthethi/Documents/test/goCart/target/scala-2.10/src_managed/main/controllers/routes.java by /Users/kthethi/Documents/test/goCart/target/scala-2.10/src_managed/main/routes_reverseRouting.scala
Previously invalidated, but (transitively) depend on new invalidations:
	Set()
All newly invalidated sources after taking into account (previously) recompiled sources:Set(/Users/kthethi/Documents/test/goCart/app/model/StoreAssociate.java, /Users/kthethi/Documents/test/goCart/app/controllers/TestController.java)
Read from stdout: Compiling 2 Java sources to /Users/kthethi/Documents/test/goCart/target/scala-2.10/classes...
Compiling 2 Java sources to /Users/kthethi/Documents/test/goCart/target/scala-2.10/classes...
Attempting to call com.sun.tools.javac.api.JavacTool@1888d20d directly...
Java compilation took 0.023267561 s
Java analysis took 0.044607049 s
Java compile + analysis took 0.070513742 s
New invalidations:
	Set()
Initial set of included nodes: Set()
Previously invalidated, but (transitively) depend on new invalidations:
	Set()
All newly invalidated sources after taking into account (previously) recompiled sources:Set()
Total time: 0 s, completed 24 Oct, 2015 10:40:10 PM
> server-post-command-cleanup
> server-handle-next-server-request
> jobStop 1
Evaluating tasks: *:jobStop
Running task... Cancel: sbt.server.ServerTaskCancellation@282cf2ef, check cycles: false
Total time: 0 s, completed 24 Oct, 2015 10:40:10 PM
> server-post-command-cleanup
> server-handle-next-server-request
Exception in thread "sbt-bg-threads-1" java.lang.RuntimeException: Nonzero exit code: 1
	at scala.sys.package$.error(package.scala:27)
	at sbt.BuildCommon$$anonfun$toError$1.apply(Defaults.scala:1943)
	at sbt.BuildCommon$$anonfun$toError$1.apply(Defaults.scala:1943)
	at scala.Option.foreach(Option.scala:236)
	at sbt.BuildCommon$class.toError(Defaults.scala:1943)
	at sbt.package$.toError(package.scala:4)
	at sbt.plugins.BackgroundRun$$$$7a35ad7c3e3c86b67367822c77d1e57$$$$onfun$apply$9.apply(BackgroundRunPlugin.scala:53)
	at sbt.plugins.BackgroundRun$$$$7a35ad7c3e3c86b67367822c77d1e57$$$$onfun$apply$9.apply(BackgroundRunPlugin.scala:51)
	at sbt.BackgroundThreadPool$$anonfun$1.apply$mcV$sp(AbstractBackgroundJobService.scala:134)
	at sbt.BackgroundThreadPool$BackgroundRunnable.run(AbstractBackgroundJobService.scala:68)
	at java.util.concurrent.ThreadPoolExecutor.runWorker(ThreadPoolExecutor.java:1142)
	at java.util.concurrent.ThreadPoolExecutor$Worker.run(ThreadPoolExecutor.java:617)
	at java.lang.Thread.run(Thread.java:745)
> backgroundRun
Evaluating tasks: compile:backgroundRun
Running task... Cancel: sbt.server.ServerTaskCancellation@454d8c6a, check cycles: false

Initial source changes: 
	removed:Set()
	added: Set()
	modified: Set()
Removed products: Set()
External API changes: API Changes: Set()
Modified binary dependencies: Set()
Initial directly invalidated sources: Set()

Sources indirectly invalidated by:
	product: Set()
	binary dep: Set()
	external source: Set()
All initially invalidated sources: Set()

Copy resource mappings: 
	(/Users/kthethi/Documents/test/goCart/conf/application.conf,/Users/kthethi/Documents/test/goCart/target/scala-2.10/classes/application.conf)
	(/Users/kthethi/Documents/test/goCart/conf/dev.conf,/Users/kthethi/Documents/test/goCart/target/scala-2.10/classes/dev.conf)
	(/Users/kthethi/Documents/test/goCart/conf/prod.conf,/Users/kthethi/Documents/test/goCart/target/scala-2.10/classes/prod.conf)
	(/Users/kthethi/Documents/test/goCart/conf/routes,/Users/kthethi/Documents/test/goCart/target/scala-2.10/classes/routes)
Copy play resource mappings: 
	(/Users/kthethi/Documents/test/goCart/public/images/favicon.png,/Users/kthethi/Documents/test/goCart/target/scala-2.10/classes/public/images/favicon.png)
	(/Users/kthethi/Documents/test/goCart/public/javascripts/jquery-1.9.0.min.js,/Users/kthethi/Documents/test/goCart/target/scala-2.10/classes/public/javascripts/jquery-1.9.0.min.js)
	(/Users/kthethi/Documents/test/goCart/public/stylesheets/main.css,/Users/kthethi/Documents/test/goCart/target/scala-2.10/classes/public/stylesheets/main.css)
Total time: 0 s, completed 24 Oct, 2015 10:40:10 PM
> server-post-command-cleanup
> server-handle-next-server-request
Play server process ID is 74641
This application is already running (Or delete /Users/kthethi/Documents/test/goCart/RUNNING_PID file).
Exception in thread "sbt-bg-threads-2" java.lang.RuntimeException: Nonzero exit code: -1
	at scala.sys.package$.error(package.scala:27)
	at sbt.BuildCommon$$anonfun$toError$1.apply(Defaults.scala:1943)
	at sbt.BuildCommon$$anonfun$toError$1.apply(Defaults.scala:1943)
	at scala.Option.foreach(Option.scala:236)
	at sbt.BuildCommon$class.toError(Defaults.scala:1943)
	at sbt.package$.toError(package.scala:4)
	at sbt.plugins.BackgroundRun$$$$7a35ad7c3e3c86b67367822c77d1e57$$$$onfun$apply$9.apply(BackgroundRunPlugin.scala:53)
	at sbt.plugins.BackgroundRun$$$$7a35ad7c3e3c86b67367822c77d1e57$$$$onfun$apply$9.apply(BackgroundRunPlugin.scala:51)
	at sbt.BackgroundThreadPool$$anonfun$1.apply$mcV$sp(AbstractBackgroundJobService.scala:134)
	at sbt.BackgroundThreadPool$BackgroundRunnable.run(AbstractBackgroundJobService.scala:68)
	at java.util.concurrent.ThreadPoolExecutor.runWorker(ThreadPoolExecutor.java:1142)
	at java.util.concurrent.ThreadPoolExecutor$Worker.run(ThreadPoolExecutor.java:617)
	at java.lang.Thread.run(Thread.java:745)
